2024-05-21 10:27:06.469-04:00 | INFO     | metalflare.simulation.contexts:run_context_yaml_validator:282 - Validating context from ../../../methods/04-amber-simulations/base.yml
2024-05-21 10:27:06.469-04:00 | INFO     | metalflare.simulation.contexts:from_yaml:151 - Loading YAML context from ../../../methods/04-amber-simulations/base.yml
2024-05-21 10:27:06.471-04:00 | DEBUG    | metalflare.simulation.contexts:from_yaml:155 - YAML data:
{'ff_protein': 'ff19SB', 'ff_water': 'opc3', 'ff_ions': 'ionslm_126_opc3', 'cation_identity': 'Na+', 'anion_identity': 'Cl-', 'neutralize_charge': True, 'extra_cations': 0, 'extra_anions': 0, 'solvent_ionic_strength': 0.15, 'solvent_padding': 10.0, 'add_lines_tleap': ['addAtomTypes { {"cc" "C" "sp2"} {"cd" "C" "sp2"} {"cf" "C" "sp2"} ', '{"c" "C" "sp2"} {"nd" "N" "sp2"} {"nc" "N" "sp2"} {"ne" "N" "sp2"}', '{"nf" "N" "sp2"} {"ha" "H" "sp3"} {"oh" "O" "sp3"} }', 'xFPparams = loadamberparams ../../../methods/03-tleap/cro/frcmod.xFPchromophores.2022', 'loadOff ../../../methods/03-tleap/cro/xFPchromophores.lib.2022']}
2024-05-21 10:27:06.471-04:00 | DEBUG    | metalflare.simulation.contexts:update:166 - Updating context:
{'ff_protein': 'ff19SB', 'ff_water': 'opc3', 'ff_ions': 'ionslm_126_opc3', 'cation_identity': 'Na+', 'anion_identity': 'Cl-', 'neutralize_charge': True, 'extra_cations': 0, 'extra_anions': 0, 'solvent_ionic_strength': 0.15, 'solvent_padding': 10.0, 'add_lines_tleap': ['addAtomTypes { {"cc" "C" "sp2"} {"cd" "C" "sp2"} {"cf" "C" "sp2"} ', '{"c" "C" "sp2"} {"nd" "N" "sp2"} {"nc" "N" "sp2"} {"ne" "N" "sp2"}', '{"nf" "N" "sp2"} {"ha" "H" "sp3"} {"oh" "O" "sp3"} }', 'xFPparams = loadamberparams ../../../methods/03-tleap/cro/frcmod.xFPchromophores.2022', 'loadOff ../../../methods/03-tleap/cro/xFPchromophores.lib.2022']}
2024-05-21 10:27:06.471-04:00 | DEBUG    | metalflare.simulation.contexts:update:166 - Updating context:
{}
2024-05-21 10:27:06.471-04:00 | INFO     | metalflare.simulation.contexts:validate:212 - Validating with: AmberContextValidator
2024-05-21 10:27:06.471-04:00 | DEBUG    | metalflare.simulation.contexts:get:180 - Retrieved context:
{'ff_protein': 'ff19SB', 'ff_water': 'opc3', 'ff_dna': None, 'ff_rna': None, 'ff_glycam': None, 'ff_lipid': None, 'ff_small_molecule': None, 'ff_ions': 'ionslm_126_opc3', 'cation_identity': 'Na+', 'anion_identity': 'Cl-', 'system_charge': 0, 'neutralize_charge': True, 'extra_cations': 0, 'extra_anions': 0, 'solvent_ionic_strength': 0.15, 'solvent_padding': 10.0, 'verbosity': None, 'scratch_dir': None, 'compute_platform': 'mpi', 'cpu_cores': None, 'input_kwargs': None, 'stage_name': None, 'stages': None, 'input_dir': None, 'input_path': None, 'output_dir': None, 'output_path': None, 'coord_path': None, 'topo_path': None, 'restart_path': None, 'prev_coordinate_path': None, 'prev_restart_path': None, 'ref_coord_path': None, 'splits': 1, 'sbatch_options': None, 'slurm_lines': None, 'run_path': None, 'slurm_path': None, 'write': False, 'write_dir': None, 'submit': False, 'work_dir': None, 'yaml_path': '../../../methods/04-amber-simulations/base.yml', 'add_lines_tleap': ['addAtomTypes { {"cc" "C" "sp2"} {"cd" "C" "sp2"} {"cf" "C" "sp2"} ', '{"c" "C" "sp2"} {"nd" "N" "sp2"} {"nc" "N" "sp2"} {"ne" "N" "sp2"}', '{"nf" "N" "sp2"} {"ha" "H" "sp3"} {"oh" "O" "sp3"} }', 'xFPparams = loadamberparams ../../../methods/03-tleap/cro/frcmod.xFPchromophores.2022', 'loadOff ../../../methods/03-tleap/cro/xFPchromophores.lib.2022']}
2024-05-21 10:27:06.471-04:00 | DEBUG    | metalflare.simulation.contexts:validate:221 - Checking ff_protein
2024-05-21 10:27:06.471-04:00 | DEBUG    | metalflare.simulation.contexts:validate:228 -   Valid: ff19SB
2024-05-21 10:27:06.471-04:00 | DEBUG    | metalflare.simulation.contexts:validate:221 - Checking ff_water
2024-05-21 10:27:06.471-04:00 | DEBUG    | metalflare.simulation.contexts:validate:228 -   Valid: opc3
2024-05-21 10:27:06.471-04:00 | DEBUG    | metalflare.simulation.contexts:validate:219 - Cannot check ff_dna
2024-05-21 10:27:06.471-04:00 | DEBUG    | metalflare.simulation.contexts:validate:219 - Cannot check ff_rna
2024-05-21 10:27:06.471-04:00 | DEBUG    | metalflare.simulation.contexts:validate:219 - Cannot check ff_glycam
2024-05-21 10:27:06.471-04:00 | DEBUG    | metalflare.simulation.contexts:validate:219 - Cannot check ff_lipid
2024-05-21 10:27:06.471-04:00 | DEBUG    | metalflare.simulation.contexts:validate:219 - Cannot check ff_small_molecule
2024-05-21 10:27:06.471-04:00 | DEBUG    | metalflare.simulation.contexts:validate:219 - Cannot check ff_ions
2024-05-21 10:27:06.471-04:00 | DEBUG    | metalflare.simulation.contexts:validate:219 - Cannot check cation_identity
2024-05-21 10:27:06.471-04:00 | DEBUG    | metalflare.simulation.contexts:validate:219 - Cannot check anion_identity
2024-05-21 10:27:06.471-04:00 | DEBUG    | metalflare.simulation.contexts:validate:219 - Cannot check system_charge
2024-05-21 10:27:06.471-04:00 | DEBUG    | metalflare.simulation.contexts:validate:219 - Cannot check neutralize_charge
2024-05-21 10:27:06.471-04:00 | DEBUG    | metalflare.simulation.contexts:validate:221 - Checking extra_cations
2024-05-21 10:27:06.471-04:00 | DEBUG    | metalflare.simulation.contexts:validate:235 -   Valid: 0
2024-05-21 10:27:06.471-04:00 | DEBUG    | metalflare.simulation.contexts:validate:221 - Checking extra_anions
2024-05-21 10:27:06.471-04:00 | DEBUG    | metalflare.simulation.contexts:validate:235 -   Valid: 0
2024-05-21 10:27:06.471-04:00 | DEBUG    | metalflare.simulation.contexts:validate:219 - Cannot check solvent_ionic_strength
2024-05-21 10:27:06.472-04:00 | DEBUG    | metalflare.simulation.contexts:validate:219 - Cannot check solvent_padding
2024-05-21 10:27:06.472-04:00 | DEBUG    | metalflare.simulation.contexts:validate:219 - Cannot check verbosity
2024-05-21 10:27:06.472-04:00 | DEBUG    | metalflare.simulation.contexts:validate:219 - Cannot check scratch_dir
2024-05-21 10:27:06.472-04:00 | DEBUG    | metalflare.simulation.contexts:validate:221 - Checking compute_platform
2024-05-21 10:27:06.472-04:00 | DEBUG    | metalflare.simulation.contexts:validate:228 -   Valid: mpi
2024-05-21 10:27:06.472-04:00 | DEBUG    | metalflare.simulation.contexts:validate:219 - Cannot check cpu_cores
2024-05-21 10:27:06.472-04:00 | DEBUG    | metalflare.simulation.contexts:validate:221 - Checking input_kwargs
2024-05-21 10:27:06.472-04:00 | DEBUG    | metalflare.simulation.contexts:validate:237 -   Skipping: None
2024-05-21 10:27:06.472-04:00 | DEBUG    | metalflare.simulation.contexts:validate:219 - Cannot check stage_name
2024-05-21 10:27:06.472-04:00 | DEBUG    | metalflare.simulation.contexts:validate:219 - Cannot check stages
2024-05-21 10:27:06.472-04:00 | DEBUG    | metalflare.simulation.contexts:validate:219 - Cannot check input_dir
2024-05-21 10:27:06.472-04:00 | DEBUG    | metalflare.simulation.contexts:validate:219 - Cannot check input_path
2024-05-21 10:27:06.472-04:00 | DEBUG    | metalflare.simulation.contexts:validate:219 - Cannot check output_dir
2024-05-21 10:27:06.472-04:00 | DEBUG    | metalflare.simulation.contexts:validate:219 - Cannot check output_path
2024-05-21 10:27:06.472-04:00 | DEBUG    | metalflare.simulation.contexts:validate:219 - Cannot check coord_path
2024-05-21 10:27:06.472-04:00 | DEBUG    | metalflare.simulation.contexts:validate:219 - Cannot check topo_path
2024-05-21 10:27:06.472-04:00 | DEBUG    | metalflare.simulation.contexts:validate:219 - Cannot check restart_path
2024-05-21 10:27:06.472-04:00 | DEBUG    | metalflare.simulation.contexts:validate:219 - Cannot check prev_coordinate_path
2024-05-21 10:27:06.472-04:00 | DEBUG    | metalflare.simulation.contexts:validate:219 - Cannot check prev_restart_path
2024-05-21 10:27:06.472-04:00 | DEBUG    | metalflare.simulation.contexts:validate:219 - Cannot check ref_coord_path
2024-05-21 10:27:06.472-04:00 | DEBUG    | metalflare.simulation.contexts:validate:221 - Checking splits
2024-05-21 10:27:06.472-04:00 | DEBUG    | metalflare.simulation.contexts:validate:235 -   Valid: 1
2024-05-21 10:27:06.472-04:00 | DEBUG    | metalflare.simulation.contexts:validate:219 - Cannot check sbatch_options
2024-05-21 10:27:06.472-04:00 | DEBUG    | metalflare.simulation.contexts:validate:219 - Cannot check slurm_lines
2024-05-21 10:27:06.472-04:00 | DEBUG    | metalflare.simulation.contexts:validate:219 - Cannot check run_path
2024-05-21 10:27:06.472-04:00 | DEBUG    | metalflare.simulation.contexts:validate:219 - Cannot check slurm_path
2024-05-21 10:27:06.472-04:00 | DEBUG    | metalflare.simulation.contexts:validate:221 - Checking write
2024-05-21 10:27:06.472-04:00 | DEBUG    | metalflare.simulation.contexts:validate:235 -   Valid: False
2024-05-21 10:27:06.472-04:00 | DEBUG    | metalflare.simulation.contexts:validate:219 - Cannot check write_dir
2024-05-21 10:27:06.472-04:00 | DEBUG    | metalflare.simulation.contexts:validate:219 - Cannot check submit
2024-05-21 10:27:06.472-04:00 | DEBUG    | metalflare.simulation.contexts:validate:219 - Cannot check work_dir
2024-05-21 10:27:06.472-04:00 | DEBUG    | metalflare.simulation.contexts:validate:219 - Cannot check yaml_path
2024-05-21 10:27:06.473-04:00 | DEBUG    | metalflare.simulation.contexts:validate:219 - Cannot check add_lines_tleap
2024-05-21 10:27:06.473-04:00 | INFO     | metalflare.simulation.contexts:run_context_yaml_validator:289 - Context IS valid
2024-05-21 10:27:06.978-04:00 | DEBUG    | metalflare.simulation.contexts:update:166 - Updating context:
{}
2024-05-21 10:27:06.978-04:00 | INFO     | metalflare.simulation.contexts:from_yaml:151 - Loading YAML context from ../../../methods/04-amber-simulations/base.yml
2024-05-21 10:27:06.979-04:00 | DEBUG    | metalflare.simulation.contexts:from_yaml:155 - YAML data:
{'ff_protein': 'ff19SB', 'ff_water': 'opc3', 'ff_ions': 'ionslm_126_opc3', 'cation_identity': 'Na+', 'anion_identity': 'Cl-', 'neutralize_charge': True, 'extra_cations': 0, 'extra_anions': 0, 'solvent_ionic_strength': 0.15, 'solvent_padding': 10.0, 'add_lines_tleap': ['addAtomTypes { {"cc" "C" "sp2"} {"cd" "C" "sp2"} {"cf" "C" "sp2"} ', '{"c" "C" "sp2"} {"nd" "N" "sp2"} {"nc" "N" "sp2"} {"ne" "N" "sp2"}', '{"nf" "N" "sp2"} {"ha" "H" "sp3"} {"oh" "O" "sp3"} }', 'xFPparams = loadamberparams ../../../methods/03-tleap/cro/frcmod.xFPchromophores.2022', 'loadOff ../../../methods/03-tleap/cro/xFPchromophores.lib.2022']}
2024-05-21 10:27:06.980-04:00 | DEBUG    | metalflare.simulation.contexts:update:166 - Updating context:
{'ff_protein': 'ff19SB', 'ff_water': 'opc3', 'ff_ions': 'ionslm_126_opc3', 'cation_identity': 'Na+', 'anion_identity': 'Cl-', 'neutralize_charge': True, 'extra_cations': 0, 'extra_anions': 0, 'solvent_ionic_strength': 0.15, 'solvent_padding': 10.0, 'add_lines_tleap': ['addAtomTypes { {"cc" "C" "sp2"} {"cd" "C" "sp2"} {"cf" "C" "sp2"} ', '{"c" "C" "sp2"} {"nd" "N" "sp2"} {"nc" "N" "sp2"} {"ne" "N" "sp2"}', '{"nf" "N" "sp2"} {"ha" "H" "sp3"} {"oh" "O" "sp3"} }', 'xFPparams = loadamberparams ../../../methods/03-tleap/cro/frcmod.xFPchromophores.2022', 'loadOff ../../../methods/03-tleap/cro/xFPchromophores.lib.2022']}
2024-05-21 10:27:06.980-04:00 | DEBUG    | metalflare.simulation.contexts:get:180 - Retrieved context:
{'ff_protein': 'ff19SB', 'ff_water': 'opc3', 'ff_dna': None, 'ff_rna': None, 'ff_glycam': None, 'ff_lipid': None, 'ff_small_molecule': None, 'ff_ions': 'ionslm_126_opc3', 'cation_identity': 'Na+', 'anion_identity': 'Cl-', 'system_charge': 0, 'neutralize_charge': True, 'extra_cations': 0, 'extra_anions': 0, 'solvent_ionic_strength': 0.15, 'solvent_padding': 10.0, 'verbosity': None, 'scratch_dir': None, 'compute_platform': 'mpi', 'cpu_cores': None, 'input_kwargs': None, 'stage_name': None, 'stages': None, 'input_dir': None, 'input_path': None, 'output_dir': None, 'output_path': None, 'coord_path': None, 'topo_path': None, 'restart_path': None, 'prev_coordinate_path': None, 'prev_restart_path': None, 'ref_coord_path': None, 'splits': 1, 'sbatch_options': None, 'slurm_lines': None, 'run_path': None, 'slurm_path': None, 'write': False, 'write_dir': None, 'submit': False, 'work_dir': '/home/alex/repos/metalflare/study/data/006-rogfp-cu-glh-md/scripts', 'yaml_path': '../../../methods/04-amber-simulations/base.yml', 'add_lines_tleap': ['addAtomTypes { {"cc" "C" "sp2"} {"cd" "C" "sp2"} {"cf" "C" "sp2"} ', '{"c" "C" "sp2"} {"nd" "N" "sp2"} {"nc" "N" "sp2"} {"ne" "N" "sp2"}', '{"nf" "N" "sp2"} {"ha" "H" "sp3"} {"oh" "O" "sp3"} }', 'xFPparams = loadamberparams ../../../methods/03-tleap/cro/frcmod.xFPchromophores.2022', 'loadOff ../../../methods/03-tleap/cro/xFPchromophores.lib.2022']}
2024-05-21 10:27:06.980-04:00 | INFO     | metalflare.simulation.amber.tleap:get_source_ff_lines:64 - Creating tleap commands for loading force fields
2024-05-21 10:27:06.980-04:00 | DEBUG    | metalflare.simulation.contexts:get:180 - Retrieved context:
{'ff_protein': 'ff19SB', 'ff_water': 'opc3', 'ff_dna': None, 'ff_rna': None, 'ff_glycam': None, 'ff_lipid': None, 'ff_small_molecule': None, 'ff_ions': 'ionslm_126_opc3', 'cation_identity': 'Na+', 'anion_identity': 'Cl-', 'system_charge': 0, 'neutralize_charge': True, 'extra_cations': 0, 'extra_anions': 0, 'solvent_ionic_strength': 0.15, 'solvent_padding': 10.0, 'verbosity': None, 'scratch_dir': None, 'compute_platform': 'mpi', 'cpu_cores': None, 'input_kwargs': None, 'stage_name': None, 'stages': None, 'input_dir': None, 'input_path': None, 'output_dir': None, 'output_path': None, 'coord_path': None, 'topo_path': None, 'restart_path': None, 'prev_coordinate_path': None, 'prev_restart_path': None, 'ref_coord_path': None, 'splits': 1, 'sbatch_options': None, 'slurm_lines': None, 'run_path': None, 'slurm_path': None, 'write': False, 'write_dir': None, 'submit': False, 'work_dir': '/home/alex/repos/metalflare/study/data/006-rogfp-cu-glh-md/scripts', 'yaml_path': '../../../methods/04-amber-simulations/base.yml', 'add_lines_tleap': ['addAtomTypes { {"cc" "C" "sp2"} {"cd" "C" "sp2"} {"cf" "C" "sp2"} ', '{"c" "C" "sp2"} {"nd" "N" "sp2"} {"nc" "N" "sp2"} {"ne" "N" "sp2"}', '{"nf" "N" "sp2"} {"ha" "H" "sp3"} {"oh" "O" "sp3"} }', 'xFPparams = loadamberparams ../../../methods/03-tleap/cro/frcmod.xFPchromophores.2022', 'loadOff ../../../methods/03-tleap/cro/xFPchromophores.lib.2022']}
2024-05-21 10:27:06.980-04:00 | DEBUG    | metalflare.simulation.amber.tleap:get_prelim_sim_info:207 - Setting PDB output to /tmp/tmpc9dlgq6d.pdb
2024-05-21 10:27:06.980-04:00 | DEBUG    | metalflare.simulation.amber.tleap:get_prelim_sim_info:212 - Writing tleap input to /tmp/tmpuisdmi1k.in
2024-05-21 10:27:06.980-04:00 | DEBUG    | metalflare.simulation.amber.tleap:get_prelim_sim_info:215 - tleap input:
source leaprc.protein.ff19SB
source leaprc.water.opc3
loadAmberParams frcmod.ionslm_126_opc3
addAtomTypes { {"cc" "C" "sp2"} {"cd" "C" "sp2"} {"cf" "C" "sp2"} 
{"c" "C" "sp2"} {"nd" "N" "sp2"} {"nc" "N" "sp2"} {"ne" "N" "sp2"}
{"nf" "N" "sp2"} {"ha" "H" "sp3"} {"oh" "O" "sp3"} }
xFPparams = loadamberparams ../../../methods/03-tleap/cro/frcmod.xFPchromophores.2022
loadOff ../../../methods/03-tleap/cro/xFPchromophores.lib.2022
mol = loadpdb ../structures/protein/1JC0-Cu.pdb
solvatebox mol OPC3BOX 10.0
savepdb mol /tmp/tmpc9dlgq6d.pdb
charge mol
quit
2024-05-21 10:27:06.980-04:00 | INFO     | metalflare.simulation.amber.tleap:get_prelim_sim_info:218 - Running tleap
2024-05-21 10:27:06.980-04:00 | DEBUG    | metalflare.simulation.amber.tleap:get_prelim_sim_info:220 - tleap command: ['tleap', '-f', '/tmp/tmpuisdmi1k.in']
2024-05-21 10:27:07.233-04:00 | DEBUG    | metalflare.simulation.amber.tleap:get_prelim_sim_info:227 - tleap errors:

2024-05-21 10:27:07.233-04:00 | DEBUG    | metalflare.simulation.amber.tleap:get_prelim_sim_info:228 - tleap output:
-I: Adding /home/alex/miniconda3/envs/metalflare-dev/dat/leap/prep to search path.
-I: Adding /home/alex/miniconda3/envs/metalflare-dev/dat/leap/lib to search path.
-I: Adding /home/alex/miniconda3/envs/metalflare-dev/dat/leap/parm to search path.
-I: Adding /home/alex/miniconda3/envs/metalflare-dev/dat/leap/cmd to search path.
-f: Source /tmp/tmpuisdmi1k.in.

Welcome to LEaP!
(no leaprc in search path)
Sourcing: /tmp/tmpuisdmi1k.in
----- Source: /home/alex/miniconda3/envs/metalflare-dev/dat/leap/cmd/leaprc.protein.ff19SB
----- Source of /home/alex/miniconda3/envs/metalflare-dev/dat/leap/cmd/leaprc.protein.ff19SB done
Log file: ./leap.log
Loading parameters: /home/alex/miniconda3/envs/metalflare-dev/dat/leap/parm/parm19.dat
Reading title:
PARM99 + frcmod.ff99SB + frcmod.parmbsc0 + OL3 for RNA + ff19SB
Loading parameters: /home/alex/miniconda3/envs/metalflare-dev/dat/leap/parm/frcmod.ff19SB
Reading force field modification type file (frcmod)
Reading title:
ff19SB AA-specific backbone CMAPs for protein 07/25/2019
Loading library: /home/alex/miniconda3/envs/metalflare-dev/dat/leap/lib/amino19.lib
Loading library: /home/alex/miniconda3/envs/metalflare-dev/dat/leap/lib/aminoct12.lib
Loading library: /home/alex/miniconda3/envs/metalflare-dev/dat/leap/lib/aminont12.lib
----- Source: /home/alex/miniconda3/envs/metalflare-dev/dat/leap/cmd/leaprc.water.opc3
----- Source of /home/alex/miniconda3/envs/metalflare-dev/dat/leap/cmd/leaprc.water.opc3 done
Loading library: /home/alex/miniconda3/envs/metalflare-dev/dat/leap/lib/atomic_ions.lib
Loading library: /home/alex/miniconda3/envs/metalflare-dev/dat/leap/lib/solvents.lib
Loading parameters: /home/alex/miniconda3/envs/metalflare-dev/dat/leap/parm/frcmod.opc3
Reading force field modification type file (frcmod)
Reading title:
OPC3 Water Model (Izadi and Onufriev,  145, 074501, 2016)
Loading parameters: /home/alex/miniconda3/envs/metalflare-dev/dat/leap/parm/frcmod.ionslm_126_opc3
Reading force field modification type file (frcmod)
Reading title:
Li/Merz ion parameters of atomic ions for the OPC3 water model (12-6 set)
Loading parameters: /home/alex/miniconda3/envs/metalflare-dev/dat/leap/parm/frcmod.ionslm_126_opc3
Reading force field modification type file (frcmod)
Reading title:
Li/Merz ion parameters of atomic ions for the OPC3 water model (12-6 set)
Loading parameters: ../../../methods/03-tleap/cro/frcmod.xFPchromophores.2022
Reading force field modification type file (frcmod)
Reading title:
frcmod file for fluorescent protein chromophores. Intended for use with ff14SB, ff19SB and related force fields. Parameters based on parm10.dat, gaff.dat, and frcmod.ff14SB. Publication by Breyfogle, Blood, Rosnik, and Krueger in preparation.
Loading library: ../../../methods/03-tleap/cro/xFPchromophores.lib.2022
Loading PDB file: ../structures/protein/1JC0-Cu.pdb
  total atoms in file: 3945
  Solute vdw bounding box:              45.197 52.119 58.419
  Total bounding box for atom centers:  65.197 72.119 78.419
  Solvent unit box:                     18.682 18.750 18.542
  Total vdw box size:                   68.358 75.534 81.342 angstroms.
  Volume: 419999.543 A^3 
  Total mass 208506.996 amu,  Density 0.824 g/cc
  Added 10021 residues.
Writing pdb file: /tmp/tmpc9dlgq6d.pdb
   printing CRYST1 record to PDB file with box info

/home/alex/miniconda3/envs/metalflare-dev/bin/teLeap: Warning!
 Converting N-terminal residue name to PDB format: NMET -> MET

/home/alex/miniconda3/envs/metalflare-dev/bin/teLeap: Warning!
 Converting C-terminal residue name to PDB format: CGLY -> GLY
Total unperturbed charge:  -7.000000
Total perturbed charge:    -7.000000
	Quit

Exiting LEaP: Errors = 0; Warnings = 2; Notes = 0.

2024-05-21 10:27:07.234-04:00 | INFO     | metalflare.simulation.amber.tleap:parse_tleap_log:116 - Parsing tleap log
2024-05-21 10:27:07.234-04:00 | INFO     | metalflare.simulation.environment:get_ion_counts:26 - Computing number of extra ions
2024-05-21 10:27:07.234-04:00 | DEBUG    | metalflare.simulation.contexts:get:180 - Retrieved context:
{'ff_protein': 'ff19SB', 'ff_water': 'opc3', 'ff_dna': None, 'ff_rna': None, 'ff_glycam': None, 'ff_lipid': None, 'ff_small_molecule': None, 'ff_ions': 'ionslm_126_opc3', 'cation_identity': 'Na+', 'anion_identity': 'Cl-', 'system_charge': 0, 'neutralize_charge': True, 'extra_cations': 0, 'extra_anions': 0, 'solvent_ionic_strength': 0.15, 'solvent_padding': 10.0, 'verbosity': None, 'scratch_dir': None, 'compute_platform': 'mpi', 'cpu_cores': None, 'input_kwargs': None, 'stage_name': None, 'stages': None, 'input_dir': None, 'input_path': None, 'output_dir': None, 'output_path': None, 'coord_path': None, 'topo_path': None, 'restart_path': None, 'prev_coordinate_path': None, 'prev_restart_path': None, 'ref_coord_path': None, 'splits': 1, 'sbatch_options': None, 'slurm_lines': None, 'run_path': None, 'slurm_path': None, 'write': False, 'write_dir': None, 'submit': False, 'work_dir': '/home/alex/repos/metalflare/study/data/006-rogfp-cu-glh-md/scripts', 'yaml_path': '../../../methods/04-amber-simulations/base.yml', 'add_lines_tleap': ['addAtomTypes { {"cc" "C" "sp2"} {"cd" "C" "sp2"} {"cf" "C" "sp2"} ', '{"c" "C" "sp2"} {"nd" "N" "sp2"} {"nc" "N" "sp2"} {"ne" "N" "sp2"}', '{"nf" "N" "sp2"} {"ha" "H" "sp3"} {"oh" "O" "sp3"} }', 'xFPparams = loadamberparams ../../../methods/03-tleap/cro/frcmod.xFPchromophores.2022', 'loadOff ../../../methods/03-tleap/cro/xFPchromophores.lib.2022']}
2024-05-21 10:27:07.234-04:00 | DEBUG    | metalflare.simulation.environment:get_ion_counts:29 - Volume of water: 288432.2021702213 A^3
2024-05-21 10:27:07.234-04:00 | DEBUG    | metalflare.simulation.environment:get_ion_counts:41 - Ions to add {'cations': 33, 'anions': 26}
2024-05-21 10:27:07.234-04:00 | DEBUG    | metalflare.simulation.contexts:get:180 - Retrieved context:
{'ff_protein': 'ff19SB', 'ff_water': 'opc3', 'ff_dna': None, 'ff_rna': None, 'ff_glycam': None, 'ff_lipid': None, 'ff_small_molecule': None, 'ff_ions': 'ionslm_126_opc3', 'cation_identity': 'Na+', 'anion_identity': 'Cl-', 'system_charge': 0, 'neutralize_charge': True, 'extra_cations': 0, 'extra_anions': 0, 'solvent_ionic_strength': 0.15, 'solvent_padding': 10.0, 'verbosity': None, 'scratch_dir': None, 'compute_platform': 'mpi', 'cpu_cores': None, 'input_kwargs': None, 'stage_name': None, 'stages': None, 'input_dir': None, 'input_path': None, 'output_dir': None, 'output_path': None, 'coord_path': None, 'topo_path': None, 'restart_path': None, 'prev_coordinate_path': None, 'prev_restart_path': None, 'ref_coord_path': None, 'splits': 1, 'sbatch_options': None, 'slurm_lines': None, 'run_path': None, 'slurm_path': None, 'write': False, 'write_dir': None, 'submit': False, 'work_dir': '/home/alex/repos/metalflare/study/data/006-rogfp-cu-glh-md/scripts', 'yaml_path': '../../../methods/04-amber-simulations/base.yml', 'add_lines_tleap': ['addAtomTypes { {"cc" "C" "sp2"} {"cd" "C" "sp2"} {"cf" "C" "sp2"} ', '{"c" "C" "sp2"} {"nd" "N" "sp2"} {"nc" "N" "sp2"} {"ne" "N" "sp2"}', '{"nf" "N" "sp2"} {"ha" "H" "sp3"} {"oh" "O" "sp3"} }', 'xFPparams = loadamberparams ../../../methods/03-tleap/cro/frcmod.xFPchromophores.2022', 'loadOff ../../../methods/03-tleap/cro/xFPchromophores.lib.2022']}
2024-05-21 10:27:07.234-04:00 | INFO     | metalflare.simulation.amber.tleap:get_source_ff_lines:64 - Creating tleap commands for loading force fields
2024-05-21 10:27:07.234-04:00 | DEBUG    | metalflare.simulation.contexts:get:180 - Retrieved context:
{'ff_protein': 'ff19SB', 'ff_water': 'opc3', 'ff_dna': None, 'ff_rna': None, 'ff_glycam': None, 'ff_lipid': None, 'ff_small_molecule': None, 'ff_ions': 'ionslm_126_opc3', 'cation_identity': 'Na+', 'anion_identity': 'Cl-', 'system_charge': 0, 'neutralize_charge': True, 'extra_cations': 0, 'extra_anions': 0, 'solvent_ionic_strength': 0.15, 'solvent_padding': 10.0, 'verbosity': None, 'scratch_dir': None, 'compute_platform': 'mpi', 'cpu_cores': None, 'input_kwargs': None, 'stage_name': None, 'stages': None, 'input_dir': None, 'input_path': None, 'output_dir': None, 'output_path': None, 'coord_path': None, 'topo_path': None, 'restart_path': None, 'prev_coordinate_path': None, 'prev_restart_path': None, 'ref_coord_path': None, 'splits': 1, 'sbatch_options': None, 'slurm_lines': None, 'run_path': None, 'slurm_path': None, 'write': False, 'write_dir': None, 'submit': False, 'work_dir': '/home/alex/repos/metalflare/study/data/006-rogfp-cu-glh-md/scripts', 'yaml_path': '../../../methods/04-amber-simulations/base.yml', 'add_lines_tleap': ['addAtomTypes { {"cc" "C" "sp2"} {"cd" "C" "sp2"} {"cf" "C" "sp2"} ', '{"c" "C" "sp2"} {"nd" "N" "sp2"} {"nc" "N" "sp2"} {"ne" "N" "sp2"}', '{"nf" "N" "sp2"} {"ha" "H" "sp3"} {"oh" "O" "sp3"} }', 'xFPparams = loadamberparams ../../../methods/03-tleap/cro/frcmod.xFPchromophores.2022', 'loadOff ../../../methods/03-tleap/cro/xFPchromophores.lib.2022']}
2024-05-21 10:27:07.234-04:00 | DEBUG    | metalflare.simulation.amber.tleap:prepare_amber_files:302 - Setting PDB output to /tmp/tmpvdp2j6bf.pdb
2024-05-21 10:27:07.234-04:00 | DEBUG    | metalflare.simulation.amber.tleap:prepare_amber_files:307 - Writing tleap input to /tmp/tmpavariotd.in
2024-05-21 10:27:07.234-04:00 | DEBUG    | metalflare.simulation.amber.tleap:prepare_amber_files:310 - tleap input:
source leaprc.protein.ff19SB
source leaprc.water.opc3
loadAmberParams frcmod.ionslm_126_opc3
addAtomTypes { {"cc" "C" "sp2"} {"cd" "C" "sp2"} {"cf" "C" "sp2"} 
{"c" "C" "sp2"} {"nd" "N" "sp2"} {"nc" "N" "sp2"} {"ne" "N" "sp2"}
{"nf" "N" "sp2"} {"ha" "H" "sp3"} {"oh" "O" "sp3"} }
xFPparams = loadamberparams ../../../methods/03-tleap/cro/frcmod.xFPchromophores.2022
loadOff ../../../methods/03-tleap/cro/xFPchromophores.lib.2022
mol = loadpdb ../structures/protein/1JC0-Cu.pdb
addIons2 mol Na+ 33
addIons2 mol Cl- 26
solvatebox mol OPC3BOX 10.0
savepdb mol /tmp/tmpvdp2j6bf.pdb
saveamberparm mol ../simulations/02-prep/mol.prmtop ../simulations/02-prep/mol.inpcrd
charge mol
quit
2024-05-21 10:27:07.235-04:00 | INFO     | metalflare.simulation.amber.tleap:prepare_amber_files:313 - Running tleap
2024-05-21 10:27:07.235-04:00 | DEBUG    | metalflare.simulation.amber.tleap:prepare_amber_files:315 - tleap command: ['tleap', '-f', '/tmp/tmpavariotd.in']
2024-05-21 10:27:11.014-04:00 | DEBUG    | metalflare.simulation.amber.tleap:prepare_amber_files:326 - tleap errors:

2024-05-21 10:27:11.015-04:00 | DEBUG    | metalflare.simulation.amber.tleap:prepare_amber_files:327 - tleap output:
-I: Adding /home/alex/miniconda3/envs/metalflare-dev/dat/leap/prep to search path.
-I: Adding /home/alex/miniconda3/envs/metalflare-dev/dat/leap/lib to search path.
-I: Adding /home/alex/miniconda3/envs/metalflare-dev/dat/leap/parm to search path.
-I: Adding /home/alex/miniconda3/envs/metalflare-dev/dat/leap/cmd to search path.
-f: Source /tmp/tmpavariotd.in.

Welcome to LEaP!
(no leaprc in search path)
Sourcing: /tmp/tmpavariotd.in
----- Source: /home/alex/miniconda3/envs/metalflare-dev/dat/leap/cmd/leaprc.protein.ff19SB
----- Source of /home/alex/miniconda3/envs/metalflare-dev/dat/leap/cmd/leaprc.protein.ff19SB done
Log file: ./leap.log
Loading parameters: /home/alex/miniconda3/envs/metalflare-dev/dat/leap/parm/parm19.dat
Reading title:
PARM99 + frcmod.ff99SB + frcmod.parmbsc0 + OL3 for RNA + ff19SB
Loading parameters: /home/alex/miniconda3/envs/metalflare-dev/dat/leap/parm/frcmod.ff19SB
Reading force field modification type file (frcmod)
Reading title:
ff19SB AA-specific backbone CMAPs for protein 07/25/2019
Loading library: /home/alex/miniconda3/envs/metalflare-dev/dat/leap/lib/amino19.lib
Loading library: /home/alex/miniconda3/envs/metalflare-dev/dat/leap/lib/aminoct12.lib
Loading library: /home/alex/miniconda3/envs/metalflare-dev/dat/leap/lib/aminont12.lib
----- Source: /home/alex/miniconda3/envs/metalflare-dev/dat/leap/cmd/leaprc.water.opc3
----- Source of /home/alex/miniconda3/envs/metalflare-dev/dat/leap/cmd/leaprc.water.opc3 done
Loading library: /home/alex/miniconda3/envs/metalflare-dev/dat/leap/lib/atomic_ions.lib
Loading library: /home/alex/miniconda3/envs/metalflare-dev/dat/leap/lib/solvents.lib
Loading parameters: /home/alex/miniconda3/envs/metalflare-dev/dat/leap/parm/frcmod.opc3
Reading force field modification type file (frcmod)
Reading title:
OPC3 Water Model (Izadi and Onufriev,  145, 074501, 2016)
Loading parameters: /home/alex/miniconda3/envs/metalflare-dev/dat/leap/parm/frcmod.ionslm_126_opc3
Reading force field modification type file (frcmod)
Reading title:
Li/Merz ion parameters of atomic ions for the OPC3 water model (12-6 set)
Loading parameters: /home/alex/miniconda3/envs/metalflare-dev/dat/leap/parm/frcmod.ionslm_126_opc3
Reading force field modification type file (frcmod)
Reading title:
Li/Merz ion parameters of atomic ions for the OPC3 water model (12-6 set)
Loading parameters: ../../../methods/03-tleap/cro/frcmod.xFPchromophores.2022
Reading force field modification type file (frcmod)
Reading title:
frcmod file for fluorescent protein chromophores. Intended for use with ff14SB, ff19SB and related force fields. Parameters based on parm10.dat, gaff.dat, and frcmod.ff14SB. Publication by Breyfogle, Blood, Rosnik, and Krueger in preparation.
Loading library: ../../../methods/03-tleap/cro/xFPchromophores.lib.2022
Loading PDB file: ../structures/protein/1JC0-Cu.pdb
  total atoms in file: 3945
Adding 33 counter ions to "mol" using 1A grid
Grid extends from solute vdw + 1.47  to  7.45
Resolution:      1.00 Angstrom.
Calculating grid charges
Placed Na+ in mol at (27.20, 59.11, 17.93).
Placed Na+ in mol at (18.20, 35.11, 54.93).
Placed Na+ in mol at (48.20, 49.11, 23.93).
Placed Na+ in mol at (43.20, 39.11, 58.93).
Placed Na+ in mol at (15.20, 39.11, 31.93).
Placed Na+ in mol at (38.20, 19.11, 54.93).
Placed Na+ in mol at (22.20, 54.11, 21.93).
Placed Na+ in mol at (32.20, 22.11, 26.93).
Placed Na+ in mol at (39.20, 46.11, 18.93).
Placed Na+ in mol at (20.20, 31.11, 27.93).
Placed Na+ in mol at (38.20, 20.11, 31.93).
Placed Na+ in mol at (19.20, 33.11, 60.93).
Placed Na+ in mol at (36.20, 57.11, 28.93).
Placed Na+ in mol at (39.20, 16.11, 46.93).
Placed Na+ in mol at (21.20, 60.11, 34.93).
Placed Na+ in mol at (18.20, 25.11, 53.93).
Placed Na+ in mol at (46.20, 59.11, 24.93).
Placed Na+ in mol at (48.20, 36.11, 55.93).
Placed Na+ in mol at (48.20, 39.11, 33.93).
Placed Na+ in mol at (20.20, 45.11, 48.93).
Placed Na+ in mol at (29.20, 18.11, 41.93).
Placed Na+ in mol at (39.20, 38.11, 64.93).
Placed Na+ in mol at (26.20, 24.11, 28.93).
Placed Na+ in mol at (28.20, 49.11, 19.93).
Placed Na+ in mol at (14.20, 40.11, 37.93).
Placed Na+ in mol at (37.20, 54.11, 44.93).
Placed Na+ in mol at (39.20, 24.11, 20.93).
Placed Na+ in mol at (26.20, 65.11, 17.93).
Placed Na+ in mol at (47.20, 44.11, 23.93).
Placed Na+ in mol at (25.20, 27.11, 55.93).
Placed Na+ in mol at (24.20, 16.11, 35.93).
Placed Na+ in mol at (48.20, 33.11, 40.93).
Placed Na+ in mol at (33.20, 60.11, 16.93).

Done adding ions.
Adding 26 counter ions to "mol" using 1A grid
Grid extends from solute vdw + 2.31  to  8.29
Resolution:      1.00 Angstrom.
Calculating grid charges
Placed Cl- in mol at (28.36, 62.27, 16.09).
Placed Cl- in mol at (22.36, 48.27, 50.09).
Placed Cl- in mol at (38.36, 42.27, 19.09).
Placed Cl- in mol at (24.36, 23.27, 57.09).
Placed Cl- in mol at (35.36, 21.27, 29.09).
Placed Cl- in mol at (51.36, 34.27, 39.09).
Placed Cl- in mol at (38.36, 57.27, 42.09).
Placed Cl- in mol at (37.36, 34.27, 65.09).
Placed Cl- in mol at (37.36, 59.27, 25.09).
Placed Cl- in mol at (13.36, 44.27, 38.09).
Placed Cl- in mol at (24.36, 17.27, 32.09).
Placed Cl- in mol at (50.36, 46.27, 22.09).
Placed Cl- in mol at (24.36, 29.27, 16.09).
Placed Cl- in mol at (18.36, 51.27, 51.09).
Placed Cl- in mol at (28.36, 47.27, 16.09).
Placed Cl- in mol at (50.36, 34.27, 53.09).
Placed Cl- in mol at (9.36, 44.27, 27.09).
Placed Cl- in mol at (28.36, 65.27, 21.09).
Placed Cl- in mol at (42.36, 22.27, 22.09).
Placed Cl- in mol at (30.36, 17.27, 62.09).
Placed Cl- in mol at (27.36, 45.27, 68.09).
Placed Cl- in mol at (48.36, 39.27, 30.09).
Placed Cl- in mol at (21.36, 33.27, 64.09).
Placed Cl- in mol at (25.36, 26.27, 25.09).
Placed Cl- in mol at (38.36, 52.27, 48.09).
Placed Cl- in mol at (19.36, 61.27, 38.09).

Done adding ions.
  Solute vdw bounding box:              46.792 55.799 59.059
  Total bounding box for atom centers:  66.792 75.799 79.059
  Solvent unit box:                     18.682 18.750 18.542
  Total vdw box size:                   70.286 78.878 82.263 angstroms.
  Volume: 456070.081 A^3 
  Total mass 224996.518 amu,  Density 0.819 g/cc
  Added 10843 residues.
Writing pdb file: /tmp/tmpvdp2j6bf.pdb
   printing CRYST1 record to PDB file with box info

/home/alex/miniconda3/envs/metalflare-dev/bin/teLeap: Warning!
 Converting N-terminal residue name to PDB format: NMET -> MET

/home/alex/miniconda3/envs/metalflare-dev/bin/teLeap: Warning!
 Converting C-terminal residue name to PDB format: CGLY -> GLY
Checking Unit.
Building topology.
Building atom parameters.
Building bond parameters.
Building angle parameters.
Building proper torsion parameters.
Building improper torsion parameters.
 total 731 improper torsions applied
Building H-Bond parameters.
Incorporating Non-Bonded adjustments.
Not Marking per-residue atom chain types.
Marking per-residue atom chain types.
  (Residues lacking connect0/connect1 - 
   these don't have chain types marked:

	res	total affected

	CGLY	1
	NMET	1
	WAT	10968
  )
 (no restraints)
Total unperturbed charge:  -0.000000
Total perturbed charge:    -0.000000
	Quit

Exiting LEaP: Errors = 0; Warnings = 2; Notes = 0.

2024-05-21 10:27:11.015-04:00 | INFO     | metalflare.simulation.amber.tleap:parse_tleap_log:116 - Parsing tleap log
