2023-12-02 23:20:23.359-05:00 | INFO     | metalflare.simulation.contexts:run_context_yaml_validator:280 - Validating context from ../simulations/base.yml
2023-12-02 23:20:23.359-05:00 | INFO     | metalflare.simulation.contexts:from_yaml:149 - Loading YAML context from ../simulations/base.yml
2023-12-02 23:20:23.361-05:00 | DEBUG    | metalflare.simulation.contexts:from_yaml:153 - YAML data:
{'ff_protein': 'ff19SB', 'ff_water': 'opc3', 'ff_ions': 'ionslm_126_opc3', 'cation_identity': 'Na+', 'anion_identity': 'Cl-', 'neutralize_charge': True, 'extra_cations': 0, 'extra_anions': 0, 'solvent_ionic_strength': 0.15, 'solvent_padding': 10.0}
2023-12-02 23:20:23.361-05:00 | DEBUG    | metalflare.simulation.contexts:update:164 - Updating context:
{'ff_protein': 'ff19SB', 'ff_water': 'opc3', 'ff_ions': 'ionslm_126_opc3', 'cation_identity': 'Na+', 'anion_identity': 'Cl-', 'neutralize_charge': True, 'extra_cations': 0, 'extra_anions': 0, 'solvent_ionic_strength': 0.15, 'solvent_padding': 10.0}
2023-12-02 23:20:23.361-05:00 | DEBUG    | metalflare.simulation.contexts:update:164 - Updating context:
{}
2023-12-02 23:20:23.361-05:00 | INFO     | metalflare.simulation.contexts:validate:210 - Validating with: AmberContextValidator
2023-12-02 23:20:23.361-05:00 | DEBUG    | metalflare.simulation.contexts:get:178 - Retrieved context: 
{'ff_protein': 'ff19SB', 'ff_water': 'opc3', 'ff_dna': None, 'ff_rna': None, 'ff_glycam': None, 'ff_lipid': None, 'ff_small_molecule': None, 'ff_ions': 'ionslm_126_opc3', 'cation_identity': 'Na+', 'anion_identity': 'Cl-', 'system_charge': 0, 'neutralize_charge': True, 'extra_cations': 0, 'extra_anions': 0, 'solvent_ionic_strength': 0.15, 'solvent_padding': 10.0, 'verbosity': None, 'scratch_dir': None, 'compute_platform': 'mpi', 'cpu_cores': 8, 'input_kwargs': None, 'stage_name': None, 'stages': None, 'input_dir': None, 'input_path': None, 'output_dir': None, 'output_path': None, 'coord_path': None, 'topo_path': None, 'restart_path': None, 'prev_coordinate_path': None, 'prev_restart_path': None, 'ref_coord_path': None, 'splits': 1, 'sbatch_options': None, 'slurm_lines': None, 'run_path': None, 'slurm_path': None, 'write': False, 'write_dir': None, 'submit': False, 'yaml_path': '../simulations/base.yml'}
2023-12-02 23:20:23.361-05:00 | DEBUG    | metalflare.simulation.contexts:validate:219 - Checking ff_protein
2023-12-02 23:20:23.362-05:00 | DEBUG    | metalflare.simulation.contexts:validate:226 -   Valid: ff19SB
2023-12-02 23:20:23.362-05:00 | DEBUG    | metalflare.simulation.contexts:validate:219 - Checking ff_water
2023-12-02 23:20:23.362-05:00 | DEBUG    | metalflare.simulation.contexts:validate:226 -   Valid: opc3
2023-12-02 23:20:23.362-05:00 | DEBUG    | metalflare.simulation.contexts:validate:217 - Cannot check ff_dna
2023-12-02 23:20:23.362-05:00 | DEBUG    | metalflare.simulation.contexts:validate:217 - Cannot check ff_rna
2023-12-02 23:20:23.362-05:00 | DEBUG    | metalflare.simulation.contexts:validate:217 - Cannot check ff_glycam
2023-12-02 23:20:23.363-05:00 | DEBUG    | metalflare.simulation.contexts:validate:217 - Cannot check ff_lipid
2023-12-02 23:20:23.363-05:00 | DEBUG    | metalflare.simulation.contexts:validate:217 - Cannot check ff_small_molecule
2023-12-02 23:20:23.363-05:00 | DEBUG    | metalflare.simulation.contexts:validate:217 - Cannot check ff_ions
2023-12-02 23:20:23.363-05:00 | DEBUG    | metalflare.simulation.contexts:validate:217 - Cannot check cation_identity
2023-12-02 23:20:23.363-05:00 | DEBUG    | metalflare.simulation.contexts:validate:217 - Cannot check anion_identity
2023-12-02 23:20:23.363-05:00 | DEBUG    | metalflare.simulation.contexts:validate:217 - Cannot check system_charge
2023-12-02 23:20:23.363-05:00 | DEBUG    | metalflare.simulation.contexts:validate:217 - Cannot check neutralize_charge
2023-12-02 23:20:23.364-05:00 | DEBUG    | metalflare.simulation.contexts:validate:219 - Checking extra_cations
2023-12-02 23:20:23.364-05:00 | DEBUG    | metalflare.simulation.contexts:validate:233 -   Valid: 0
2023-12-02 23:20:23.364-05:00 | DEBUG    | metalflare.simulation.contexts:validate:219 - Checking extra_anions
2023-12-02 23:20:23.364-05:00 | DEBUG    | metalflare.simulation.contexts:validate:233 -   Valid: 0
2023-12-02 23:20:23.364-05:00 | DEBUG    | metalflare.simulation.contexts:validate:217 - Cannot check solvent_ionic_strength
2023-12-02 23:20:23.364-05:00 | DEBUG    | metalflare.simulation.contexts:validate:217 - Cannot check solvent_padding
2023-12-02 23:20:23.365-05:00 | DEBUG    | metalflare.simulation.contexts:validate:217 - Cannot check verbosity
2023-12-02 23:20:23.365-05:00 | DEBUG    | metalflare.simulation.contexts:validate:217 - Cannot check scratch_dir
2023-12-02 23:20:23.365-05:00 | DEBUG    | metalflare.simulation.contexts:validate:219 - Checking compute_platform
2023-12-02 23:20:23.365-05:00 | DEBUG    | metalflare.simulation.contexts:validate:226 -   Valid: mpi
2023-12-02 23:20:23.365-05:00 | DEBUG    | metalflare.simulation.contexts:validate:217 - Cannot check cpu_cores
2023-12-02 23:20:23.365-05:00 | DEBUG    | metalflare.simulation.contexts:validate:217 - Cannot check input_kwargs
2023-12-02 23:20:23.365-05:00 | DEBUG    | metalflare.simulation.contexts:validate:217 - Cannot check stage_name
2023-12-02 23:20:23.366-05:00 | DEBUG    | metalflare.simulation.contexts:validate:217 - Cannot check stages
2023-12-02 23:20:23.366-05:00 | DEBUG    | metalflare.simulation.contexts:validate:217 - Cannot check input_dir
2023-12-02 23:20:23.366-05:00 | DEBUG    | metalflare.simulation.contexts:validate:217 - Cannot check input_path
2023-12-02 23:20:23.366-05:00 | DEBUG    | metalflare.simulation.contexts:validate:217 - Cannot check output_dir
2023-12-02 23:20:23.366-05:00 | DEBUG    | metalflare.simulation.contexts:validate:217 - Cannot check output_path
2023-12-02 23:20:23.366-05:00 | DEBUG    | metalflare.simulation.contexts:validate:217 - Cannot check coord_path
2023-12-02 23:20:23.366-05:00 | DEBUG    | metalflare.simulation.contexts:validate:217 - Cannot check topo_path
2023-12-02 23:20:23.366-05:00 | DEBUG    | metalflare.simulation.contexts:validate:217 - Cannot check restart_path
2023-12-02 23:20:23.367-05:00 | DEBUG    | metalflare.simulation.contexts:validate:217 - Cannot check prev_coordinate_path
2023-12-02 23:20:23.367-05:00 | DEBUG    | metalflare.simulation.contexts:validate:217 - Cannot check prev_restart_path
2023-12-02 23:20:23.367-05:00 | DEBUG    | metalflare.simulation.contexts:validate:217 - Cannot check ref_coord_path
2023-12-02 23:20:23.367-05:00 | DEBUG    | metalflare.simulation.contexts:validate:219 - Checking splits
2023-12-02 23:20:23.367-05:00 | DEBUG    | metalflare.simulation.contexts:validate:233 -   Valid: 1
2023-12-02 23:20:23.367-05:00 | DEBUG    | metalflare.simulation.contexts:validate:217 - Cannot check sbatch_options
2023-12-02 23:20:23.367-05:00 | DEBUG    | metalflare.simulation.contexts:validate:217 - Cannot check slurm_lines
2023-12-02 23:20:23.368-05:00 | DEBUG    | metalflare.simulation.contexts:validate:217 - Cannot check run_path
2023-12-02 23:20:23.368-05:00 | DEBUG    | metalflare.simulation.contexts:validate:217 - Cannot check slurm_path
2023-12-02 23:20:23.368-05:00 | DEBUG    | metalflare.simulation.contexts:validate:219 - Checking write
2023-12-02 23:20:23.368-05:00 | DEBUG    | metalflare.simulation.contexts:validate:233 -   Valid: False
2023-12-02 23:20:23.368-05:00 | DEBUG    | metalflare.simulation.contexts:validate:217 - Cannot check write_dir
2023-12-02 23:20:23.368-05:00 | DEBUG    | metalflare.simulation.contexts:validate:217 - Cannot check submit
2023-12-02 23:20:23.368-05:00 | DEBUG    | metalflare.simulation.contexts:validate:217 - Cannot check yaml_path
2023-12-02 23:20:23.368-05:00 | INFO     | metalflare.simulation.contexts:run_context_yaml_validator:287 - Context IS valid
2023-12-02 23:20:23.480-05:00 | DEBUG    | metalflare.simulation.contexts:update:164 - Updating context:
{}
2023-12-02 23:20:23.481-05:00 | INFO     | metalflare.simulation.contexts:from_yaml:149 - Loading YAML context from ../simulations/base.yml
2023-12-02 23:20:23.482-05:00 | DEBUG    | metalflare.simulation.contexts:from_yaml:153 - YAML data:
{'ff_protein': 'ff19SB', 'ff_water': 'opc3', 'ff_ions': 'ionslm_126_opc3', 'cation_identity': 'Na+', 'anion_identity': 'Cl-', 'neutralize_charge': True, 'extra_cations': 0, 'extra_anions': 0, 'solvent_ionic_strength': 0.15, 'solvent_padding': 10.0}
2023-12-02 23:20:23.482-05:00 | DEBUG    | metalflare.simulation.contexts:update:164 - Updating context:
{'ff_protein': 'ff19SB', 'ff_water': 'opc3', 'ff_ions': 'ionslm_126_opc3', 'cation_identity': 'Na+', 'anion_identity': 'Cl-', 'neutralize_charge': True, 'extra_cations': 0, 'extra_anions': 0, 'solvent_ionic_strength': 0.15, 'solvent_padding': 10.0}
2023-12-02 23:20:23.482-05:00 | DEBUG    | metalflare.simulation.contexts:get:178 - Retrieved context: 
{'ff_protein': 'ff19SB', 'ff_water': 'opc3', 'ff_dna': None, 'ff_rna': None, 'ff_glycam': None, 'ff_lipid': None, 'ff_small_molecule': None, 'ff_ions': 'ionslm_126_opc3', 'cation_identity': 'Na+', 'anion_identity': 'Cl-', 'system_charge': 0, 'neutralize_charge': True, 'extra_cations': 0, 'extra_anions': 0, 'solvent_ionic_strength': 0.15, 'solvent_padding': 10.0, 'verbosity': None, 'scratch_dir': None, 'compute_platform': 'mpi', 'cpu_cores': 8, 'input_kwargs': None, 'stage_name': None, 'stages': None, 'input_dir': None, 'input_path': None, 'output_dir': None, 'output_path': None, 'coord_path': None, 'topo_path': None, 'restart_path': None, 'prev_coordinate_path': None, 'prev_restart_path': None, 'ref_coord_path': None, 'splits': 1, 'sbatch_options': None, 'slurm_lines': None, 'run_path': None, 'slurm_path': None, 'write': False, 'write_dir': None, 'submit': False, 'yaml_path': '../simulations/base.yml'}
2023-12-02 23:20:23.482-05:00 | INFO     | metalflare.simulation.amber.tleap:get_source_ff_lines:62 - Creating tleap commands for loading force fields
2023-12-02 23:20:23.482-05:00 | DEBUG    | metalflare.simulation.contexts:get:178 - Retrieved context: 
{'ff_protein': 'ff19SB', 'ff_water': 'opc3', 'ff_dna': None, 'ff_rna': None, 'ff_glycam': None, 'ff_lipid': None, 'ff_small_molecule': None, 'ff_ions': 'ionslm_126_opc3', 'cation_identity': 'Na+', 'anion_identity': 'Cl-', 'system_charge': 0, 'neutralize_charge': True, 'extra_cations': 0, 'extra_anions': 0, 'solvent_ionic_strength': 0.15, 'solvent_padding': 10.0, 'verbosity': None, 'scratch_dir': None, 'compute_platform': 'mpi', 'cpu_cores': 8, 'input_kwargs': None, 'stage_name': None, 'stages': None, 'input_dir': None, 'input_path': None, 'output_dir': None, 'output_path': None, 'coord_path': None, 'topo_path': None, 'restart_path': None, 'prev_coordinate_path': None, 'prev_restart_path': None, 'ref_coord_path': None, 'splits': 1, 'sbatch_options': None, 'slurm_lines': None, 'run_path': None, 'slurm_path': None, 'write': False, 'write_dir': None, 'submit': False, 'yaml_path': '../simulations/base.yml'}
2023-12-02 23:20:23.483-05:00 | DEBUG    | metalflare.simulation.amber.tleap:get_prelim_sim_info:205 - Setting PDB output to /tmp/tmp1jksqjl5.pdb
2023-12-02 23:20:23.483-05:00 | DEBUG    | metalflare.simulation.amber.tleap:get_prelim_sim_info:210 - Writing tleap input to /tmp/tmp3ia8m0iy.in
2023-12-02 23:20:23.483-05:00 | DEBUG    | metalflare.simulation.amber.tleap:get_prelim_sim_info:213 - tleap input:
source leaprc.protein.ff19SB
source leaprc.water.opc3
loadAmberParams frcmod.ionslm_126_opc3
addAtomTypes { {"cc" "C" "sp2"} {"cd" "C" "sp2"} {"cf" "C" "sp2"} {"c" "C" "sp2"} {"nd" "N" "sp2"} {"nc" "N" "sp2"}{"ne" "N" "sp2"}{"nf" "N" "sp2"}{"ha" "H" "sp3"}{"oh" "O" "sp3"} }
xFPparams = loadamberparams ../ff/cro/frcmod.xFPchromophores.2022
loadOff ../ff/cro/xFPchromophores.lib.2022
mol = loadpdb ../structures/protein/1JC0-final.pdb
solvatebox mol OPC3BOX 10.0
savepdb mol /tmp/tmp1jksqjl5.pdb
charge mol
quit
2023-12-02 23:20:23.483-05:00 | INFO     | metalflare.simulation.amber.tleap:get_prelim_sim_info:216 - Running tleap
2023-12-02 23:20:23.483-05:00 | DEBUG    | metalflare.simulation.amber.tleap:get_prelim_sim_info:218 - tleap command: ['tleap', '-f', '/tmp/tmp3ia8m0iy.in']
2023-12-02 23:20:23.703-05:00 | DEBUG    | metalflare.simulation.amber.tleap:get_prelim_sim_info:225 - tleap errors:

2023-12-02 23:20:23.703-05:00 | DEBUG    | metalflare.simulation.amber.tleap:get_prelim_sim_info:226 - tleap output:
-I: Adding /home/alex/miniconda3/envs/metalflare-dev/dat/leap/prep to search path.
-I: Adding /home/alex/miniconda3/envs/metalflare-dev/dat/leap/lib to search path.
-I: Adding /home/alex/miniconda3/envs/metalflare-dev/dat/leap/parm to search path.
-I: Adding /home/alex/miniconda3/envs/metalflare-dev/dat/leap/cmd to search path.
-f: Source /tmp/tmp3ia8m0iy.in.

Welcome to LEaP!
(no leaprc in search path)
Sourcing: /tmp/tmp3ia8m0iy.in
----- Source: /home/alex/miniconda3/envs/metalflare-dev/dat/leap/cmd/leaprc.protein.ff19SB
----- Source of /home/alex/miniconda3/envs/metalflare-dev/dat/leap/cmd/leaprc.protein.ff19SB done
Log file: ./leap.log
Loading parameters: /home/alex/miniconda3/envs/metalflare-dev/dat/leap/parm/parm19.dat
Reading title:
PARM99 + frcmod.ff99SB + frcmod.parmbsc0 + OL3 for RNA + ff19SB
Loading parameters: /home/alex/miniconda3/envs/metalflare-dev/dat/leap/parm/frcmod.ff19SB
Reading force field modification type file (frcmod)
Reading title:
ff19SB AA-specific backbone CMAPs for protein 07/25/2019
Loading library: /home/alex/miniconda3/envs/metalflare-dev/dat/leap/lib/amino19.lib
Loading library: /home/alex/miniconda3/envs/metalflare-dev/dat/leap/lib/aminoct12.lib
Loading library: /home/alex/miniconda3/envs/metalflare-dev/dat/leap/lib/aminont12.lib
----- Source: /home/alex/miniconda3/envs/metalflare-dev/dat/leap/cmd/leaprc.water.opc3
----- Source of /home/alex/miniconda3/envs/metalflare-dev/dat/leap/cmd/leaprc.water.opc3 done
Loading library: /home/alex/miniconda3/envs/metalflare-dev/dat/leap/lib/atomic_ions.lib
Loading library: /home/alex/miniconda3/envs/metalflare-dev/dat/leap/lib/solvents.lib
Loading parameters: /home/alex/miniconda3/envs/metalflare-dev/dat/leap/parm/frcmod.opc3
Reading force field modification type file (frcmod)
Reading title:
OPC3 Water Model (Izadi and Onufriev,  145, 074501, 2016)
Loading parameters: /home/alex/miniconda3/envs/metalflare-dev/dat/leap/parm/frcmod.ionslm_126_opc3
Reading force field modification type file (frcmod)
Reading title:
Li/Merz ion parameters of atomic ions for the OPC3 water model (12-6 set)
Loading parameters: /home/alex/miniconda3/envs/metalflare-dev/dat/leap/parm/frcmod.ionslm_126_opc3
Reading force field modification type file (frcmod)
Reading title:
Li/Merz ion parameters of atomic ions for the OPC3 water model (12-6 set)
Loading parameters: ../ff/cro/frcmod.xFPchromophores.2022
Reading force field modification type file (frcmod)
Reading title:
frcmod file for fluorescent protein chromophores. Intended for use with ff14SB, ff19SB and related force fields. Parameters based on parm10.dat, gaff.dat, and frcmod.ff14SB. Publication by Breyfogle, Blood, Rosnik, and Krueger in preparation.
Loading library: ../ff/cro/xFPchromophores.lib.2022
Loading PDB file: ../structures/protein/1JC0-final.pdb
  total atoms in file: 3556
  Leap added 14 missing atoms according to residue templates:
       14 H / lone pairs
  Solute vdw bounding box:              43.079 47.199 56.831
  Total bounding box for atom centers:  63.079 67.199 76.831
  Solvent unit box:                     18.682 18.750 18.542
  Total vdw box size:                   66.262 69.436 79.756 angstroms.
  Volume: 366956.734 A^3 
  Total mass 183546.342 amu,  Density 0.831 g/cc
  Added 8764 residues.
Writing pdb file: /tmp/tmp1jksqjl5.pdb
   printing CRYST1 record to PDB file with box info

/home/alex/miniconda3/envs/metalflare-dev/bin/teLeap: Warning!
 Converting N-terminal residue name to PDB format: NMET -> MET

/home/alex/miniconda3/envs/metalflare-dev/bin/teLeap: Warning!
 Converting C-terminal residue name to PDB format: CGLY -> GLY
Total unperturbed charge:  -7.000000
Total perturbed charge:    -7.000000
	Quit

Exiting LEaP: Errors = 0; Warnings = 2; Notes = 0.

2023-12-02 23:20:23.703-05:00 | INFO     | metalflare.simulation.amber.tleap:parse_tleap_log:114 - Parsing tleap log
2023-12-02 23:20:23.707-05:00 | INFO     | metalflare.simulation.environment:get_ion_counts:26 - Computing number of extra ions
2023-12-02 23:20:23.707-05:00 | DEBUG    | metalflare.simulation.contexts:get:178 - Retrieved context: 
{'ff_protein': 'ff19SB', 'ff_water': 'opc3', 'ff_dna': None, 'ff_rna': None, 'ff_glycam': None, 'ff_lipid': None, 'ff_small_molecule': None, 'ff_ions': 'ionslm_126_opc3', 'cation_identity': 'Na+', 'anion_identity': 'Cl-', 'system_charge': 0, 'neutralize_charge': True, 'extra_cations': 0, 'extra_anions': 0, 'solvent_ionic_strength': 0.15, 'solvent_padding': 10.0, 'verbosity': None, 'scratch_dir': None, 'compute_platform': 'mpi', 'cpu_cores': 8, 'input_kwargs': None, 'stage_name': None, 'stages': None, 'input_dir': None, 'input_path': None, 'output_dir': None, 'output_path': None, 'coord_path': None, 'topo_path': None, 'restart_path': None, 'prev_coordinate_path': None, 'prev_restart_path': None, 'ref_coord_path': None, 'splits': 1, 'sbatch_options': None, 'slurm_lines': None, 'run_path': None, 'slurm_path': None, 'write': False, 'write_dir': None, 'submit': False, 'yaml_path': '../simulations/base.yml'}
2023-12-02 23:20:23.707-05:00 | DEBUG    | metalflare.simulation.environment:get_ion_counts:29 - Volume of water: 252252.25225225225 A^3
2023-12-02 23:20:23.707-05:00 | DEBUG    | metalflare.simulation.environment:get_ion_counts:41 - Ions to add {'cations': 30, 'anions': 23}
2023-12-02 23:20:23.707-05:00 | DEBUG    | metalflare.simulation.contexts:get:178 - Retrieved context: 
{'ff_protein': 'ff19SB', 'ff_water': 'opc3', 'ff_dna': None, 'ff_rna': None, 'ff_glycam': None, 'ff_lipid': None, 'ff_small_molecule': None, 'ff_ions': 'ionslm_126_opc3', 'cation_identity': 'Na+', 'anion_identity': 'Cl-', 'system_charge': 0, 'neutralize_charge': True, 'extra_cations': 0, 'extra_anions': 0, 'solvent_ionic_strength': 0.15, 'solvent_padding': 10.0, 'verbosity': None, 'scratch_dir': None, 'compute_platform': 'mpi', 'cpu_cores': 8, 'input_kwargs': None, 'stage_name': None, 'stages': None, 'input_dir': None, 'input_path': None, 'output_dir': None, 'output_path': None, 'coord_path': None, 'topo_path': None, 'restart_path': None, 'prev_coordinate_path': None, 'prev_restart_path': None, 'ref_coord_path': None, 'splits': 1, 'sbatch_options': None, 'slurm_lines': None, 'run_path': None, 'slurm_path': None, 'write': False, 'write_dir': None, 'submit': False, 'yaml_path': '../simulations/base.yml'}
2023-12-02 23:20:23.707-05:00 | INFO     | metalflare.simulation.amber.tleap:get_source_ff_lines:62 - Creating tleap commands for loading force fields
2023-12-02 23:20:23.707-05:00 | DEBUG    | metalflare.simulation.contexts:get:178 - Retrieved context: 
{'ff_protein': 'ff19SB', 'ff_water': 'opc3', 'ff_dna': None, 'ff_rna': None, 'ff_glycam': None, 'ff_lipid': None, 'ff_small_molecule': None, 'ff_ions': 'ionslm_126_opc3', 'cation_identity': 'Na+', 'anion_identity': 'Cl-', 'system_charge': 0, 'neutralize_charge': True, 'extra_cations': 0, 'extra_anions': 0, 'solvent_ionic_strength': 0.15, 'solvent_padding': 10.0, 'verbosity': None, 'scratch_dir': None, 'compute_platform': 'mpi', 'cpu_cores': 8, 'input_kwargs': None, 'stage_name': None, 'stages': None, 'input_dir': None, 'input_path': None, 'output_dir': None, 'output_path': None, 'coord_path': None, 'topo_path': None, 'restart_path': None, 'prev_coordinate_path': None, 'prev_restart_path': None, 'ref_coord_path': None, 'splits': 1, 'sbatch_options': None, 'slurm_lines': None, 'run_path': None, 'slurm_path': None, 'write': False, 'write_dir': None, 'submit': False, 'yaml_path': '../simulations/base.yml'}
2023-12-02 23:20:23.707-05:00 | DEBUG    | metalflare.simulation.amber.tleap:prepare_amber_files:300 - Setting PDB output to /tmp/tmpr4tnkjo3.pdb
2023-12-02 23:20:23.707-05:00 | DEBUG    | metalflare.simulation.amber.tleap:prepare_amber_files:305 - Writing tleap input to /tmp/tmp91e49wlv.in
2023-12-02 23:20:23.707-05:00 | DEBUG    | metalflare.simulation.amber.tleap:prepare_amber_files:308 - tleap input:
source leaprc.protein.ff19SB
source leaprc.water.opc3
loadAmberParams frcmod.ionslm_126_opc3
addAtomTypes { {"cc" "C" "sp2"} {"cd" "C" "sp2"} {"cf" "C" "sp2"} {"c" "C" "sp2"} {"nd" "N" "sp2"} {"nc" "N" "sp2"}{"ne" "N" "sp2"}{"nf" "N" "sp2"}{"ha" "H" "sp3"}{"oh" "O" "sp3"} }
xFPparams = loadamberparams ../ff/cro/frcmod.xFPchromophores.2022
loadOff ../ff/cro/xFPchromophores.lib.2022
mol = loadpdb ../structures/protein/1JC0-final.pdb
addIons2 mol Na+ 30
addIons2 mol Cl- 23
solvatebox mol OPC3BOX 10.0
savepdb mol /tmp/tmpr4tnkjo3.pdb
saveamberparm mol ../simulations/02-prep/mol.prmtop ../simulations/02-prep/mol.inpcrd
charge mol
quit
2023-12-02 23:20:23.707-05:00 | INFO     | metalflare.simulation.amber.tleap:prepare_amber_files:311 - Running tleap
2023-12-02 23:20:23.707-05:00 | DEBUG    | metalflare.simulation.amber.tleap:prepare_amber_files:313 - tleap command: ['tleap', '-f', '/tmp/tmp91e49wlv.in']
2023-12-02 23:20:25.601-05:00 | DEBUG    | metalflare.simulation.amber.tleap:prepare_amber_files:320 - tleap errors:

2023-12-02 23:20:25.601-05:00 | DEBUG    | metalflare.simulation.amber.tleap:prepare_amber_files:321 - tleap output:
-I: Adding /home/alex/miniconda3/envs/metalflare-dev/dat/leap/prep to search path.
-I: Adding /home/alex/miniconda3/envs/metalflare-dev/dat/leap/lib to search path.
-I: Adding /home/alex/miniconda3/envs/metalflare-dev/dat/leap/parm to search path.
-I: Adding /home/alex/miniconda3/envs/metalflare-dev/dat/leap/cmd to search path.
-f: Source /tmp/tmp91e49wlv.in.

Welcome to LEaP!
(no leaprc in search path)
Sourcing: /tmp/tmp91e49wlv.in
----- Source: /home/alex/miniconda3/envs/metalflare-dev/dat/leap/cmd/leaprc.protein.ff19SB
----- Source of /home/alex/miniconda3/envs/metalflare-dev/dat/leap/cmd/leaprc.protein.ff19SB done
Log file: ./leap.log
Loading parameters: /home/alex/miniconda3/envs/metalflare-dev/dat/leap/parm/parm19.dat
Reading title:
PARM99 + frcmod.ff99SB + frcmod.parmbsc0 + OL3 for RNA + ff19SB
Loading parameters: /home/alex/miniconda3/envs/metalflare-dev/dat/leap/parm/frcmod.ff19SB
Reading force field modification type file (frcmod)
Reading title:
ff19SB AA-specific backbone CMAPs for protein 07/25/2019
Loading library: /home/alex/miniconda3/envs/metalflare-dev/dat/leap/lib/amino19.lib
Loading library: /home/alex/miniconda3/envs/metalflare-dev/dat/leap/lib/aminoct12.lib
Loading library: /home/alex/miniconda3/envs/metalflare-dev/dat/leap/lib/aminont12.lib
----- Source: /home/alex/miniconda3/envs/metalflare-dev/dat/leap/cmd/leaprc.water.opc3
----- Source of /home/alex/miniconda3/envs/metalflare-dev/dat/leap/cmd/leaprc.water.opc3 done
Loading library: /home/alex/miniconda3/envs/metalflare-dev/dat/leap/lib/atomic_ions.lib
Loading library: /home/alex/miniconda3/envs/metalflare-dev/dat/leap/lib/solvents.lib
Loading parameters: /home/alex/miniconda3/envs/metalflare-dev/dat/leap/parm/frcmod.opc3
Reading force field modification type file (frcmod)
Reading title:
OPC3 Water Model (Izadi and Onufriev,  145, 074501, 2016)
Loading parameters: /home/alex/miniconda3/envs/metalflare-dev/dat/leap/parm/frcmod.ionslm_126_opc3
Reading force field modification type file (frcmod)
Reading title:
Li/Merz ion parameters of atomic ions for the OPC3 water model (12-6 set)
Loading parameters: /home/alex/miniconda3/envs/metalflare-dev/dat/leap/parm/frcmod.ionslm_126_opc3
Reading force field modification type file (frcmod)
Reading title:
Li/Merz ion parameters of atomic ions for the OPC3 water model (12-6 set)
Loading parameters: ../ff/cro/frcmod.xFPchromophores.2022
Reading force field modification type file (frcmod)
Reading title:
frcmod file for fluorescent protein chromophores. Intended for use with ff14SB, ff19SB and related force fields. Parameters based on parm10.dat, gaff.dat, and frcmod.ff14SB. Publication by Breyfogle, Blood, Rosnik, and Krueger in preparation.
Loading library: ../ff/cro/xFPchromophores.lib.2022
Loading PDB file: ../structures/protein/1JC0-final.pdb
  total atoms in file: 3556
  Leap added 14 missing atoms according to residue templates:
       14 H / lone pairs
Adding 30 counter ions to "mol" using 1A grid
Grid extends from solute vdw + 1.47  to  7.45
Resolution:      1.00 Angstrom.
Calculating grid charges
Placed Na+ in mol at (3.29, 20.95, -21.82).
Placed Na+ in mol at (-13.71, -0.05, -10.82).
Placed Na+ in mol at (7.29, -2.05, 21.18).
Placed Na+ in mol at (-16.71, 0.95, 14.18).
Placed Na+ in mol at (10.29, 5.95, -16.82).
Placed Na+ in mol at (0.29, -20.05, -6.82).
Placed Na+ in mol at (18.29, 3.95, -13.82).
Placed Na+ in mol at (-12.71, -7.05, 14.18).
Placed Na+ in mol at (-3.71, 18.95, -17.82).
Placed Na+ in mol at (-1.71, -20.05, 14.18).
Placed Na+ in mol at (-10.71, -16.05, -5.82).
Placed Na+ in mol at (20.29, 16.95, -11.82).
Placed Na+ in mol at (-15.71, 4.95, -8.82).
Placed Na+ in mol at (-3.71, -15.05, -13.82).
Placed Na+ in mol at (-4.71, 23.95, -3.82).
Placed Na+ in mol at (-18.71, -2.05, 20.18).
Placed Na+ in mol at (9.29, 17.95, -8.82).
Placed Na+ in mol at (3.29, -21.05, 2.18).
Placed Na+ in mol at (-9.71, -8.05, -11.82).
Placed Na+ in mol at (1.29, -2.05, 26.18).
Placed Na+ in mol at (18.29, 7.95, -8.82).
Placed Na+ in mol at (-8.71, -21.05, -1.82).
Placed Na+ in mol at (-12.71, 9.95, 7.18).
Placed Na+ in mol at (4.29, -15.05, -17.82).
Placed Na+ in mol at (12.29, -4.05, 20.18).
Placed Na+ in mol at (-2.71, 22.95, -19.82).
Placed Na+ in mol at (-6.71, -22.05, 11.18).
Placed Na+ in mol at (-5.71, 6.95, -19.82).
Placed Na+ in mol at (-19.71, -8.05, 12.18).
Placed Na+ in mol at (14.29, -3.05, -2.82).

Done adding ions.
Adding 23 counter ions to "mol" using 1A grid
Grid extends from solute vdw + 2.31  to  8.29
Resolution:      1.00 Angstrom.
Calculating grid charges
Placed Cl- in mol at (9.00, 2.66, -18.65).
Placed Cl- in mol at (-1.00, -5.34, 27.35).
Placed Cl- in mol at (-10.00, -8.34, -15.65).
Placed Cl- in mol at (-5.00, 22.66, -16.65).
Placed Cl- in mol at (10.00, 20.66, -11.65).
Placed Cl- in mol at (1.00, -15.34, -15.65).
Placed Cl- in mol at (10.00, -4.34, 23.35).
Placed Cl- in mol at (-10.00, 11.66, 9.35).
Placed Cl- in mol at (-3.00, -23.34, 12.35).
Placed Cl- in mol at (-16.00, -2.34, -8.65).
Placed Cl- in mol at (6.00, -21.34, -0.65).
Placed Cl- in mol at (-11.00, -12.34, 21.35).
Placed Cl- in mol at (-12.00, 15.66, -1.65).
Placed Cl- in mol at (-9.00, -19.34, -6.65).
Placed Cl- in mol at (-8.00, 8.66, 27.35).
Placed Cl- in mol at (20.00, 11.66, 4.35).
Placed Cl- in mol at (-7.00, -6.34, -24.65).
Placed Cl- in mol at (15.00, -3.34, -6.65).
Placed Cl- in mol at (-23.00, -8.34, 10.35).
Placed Cl- in mol at (-7.00, 10.66, -20.65).
Placed Cl- in mol at (-17.00, -3.34, 23.35).
Placed Cl- in mol at (13.00, -12.34, 13.35).
Placed Cl- in mol at (-6.00, 25.66, -0.65).

Done adding ions.
  Solute vdw bounding box:              47.612 53.612 58.051
  Total bounding box for atom centers:  67.612 73.612 78.051
  Solvent unit box:                     18.682 18.750 18.542
  Total vdw box size:                   70.518 77.123 80.649 angstroms.
  Volume: 438616.475 A^3 
  Total mass 218344.960 amu,  Density 0.827 g/cc
  Added 10612 residues.
Writing pdb file: /tmp/tmpr4tnkjo3.pdb
   printing CRYST1 record to PDB file with box info

/home/alex/miniconda3/envs/metalflare-dev/bin/teLeap: Warning!
 Converting N-terminal residue name to PDB format: NMET -> MET

/home/alex/miniconda3/envs/metalflare-dev/bin/teLeap: Warning!
 Converting C-terminal residue name to PDB format: CGLY -> GLY
Checking Unit.
Building topology.
Building atom parameters.
Building bond parameters.
Building angle parameters.
Building proper torsion parameters.
Building improper torsion parameters.
 total 731 improper torsions applied
Building H-Bond parameters.
Incorporating Non-Bonded adjustments.
Not Marking per-residue atom chain types.
Marking per-residue atom chain types.
  (Residues lacking connect0/connect1 - 
   these don't have chain types marked:

	res	total affected

	CGLY	1
	NMET	1
	WAT	10612
  )
 (no restraints)
Total unperturbed charge:  -0.000000
Total perturbed charge:    -0.000000
	Quit

Exiting LEaP: Errors = 0; Warnings = 2; Notes = 0.

2023-12-02 23:20:25.601-05:00 | INFO     | metalflare.simulation.amber.tleap:parse_tleap_log:114 - Parsing tleap log
