2023-12-01 22:27:51.850-05:00 | DEBUG    | metalflare.simulation.contexts:update:164 - Updating context:
{}
2023-12-01 22:27:51.850-05:00 | INFO     | metalflare.simulation.contexts:from_yaml:149 - Loading YAML context from ../simulations/04-relax.yml
2023-12-01 22:27:51.852-05:00 | DEBUG    | metalflare.simulation.contexts:from_yaml:153 - YAML data:
{'write_dir': '../simulations/04-relax/inputs', 'input_dir': '$SLURM_SUBMIT_DIR/inputs', 'output_dir': '$SLURM_SUBMIT_DIR/outputs', 'compute_platform': 'cuda', 'sbatch_options': {'job-name': 'metalflare/001/04-relax', 'nodes': 1, 'ntasks-per-node': 2, 'output': 'slurm-%j.out', 'error': 'slurm-%j.err', 'time': '6-00:00:00', 'cluster': 'gpu', 'partition': 'a100', 'gres': 'gpu:1', 'account': 'jdurrant'}, 'stages': [{'stage_name': '05_relax_nvt_r', 'topo_path': '$SLURM_SUBMIT_DIR/inputs/mol.prmtop', 'prev_restart_path': '$SLURM_SUBMIT_DIR/../03-min/outputs/04_min.rst', 'ref_coord_path': '$SLURM_SUBMIT_DIR/inputs/mol.inpcrd', 'input_kwargs': {'irest': 0, 'ntx': 1, 'ig': -1, 'dt': 0.002, 'nstlim': 10000, 'nscm': 500, 'ntr': 1, 'restraint_wt': 1.0, 'restraintmask': "!(:WAT) & (@C,CA,N,O,O5',P,O3',C3',C4',C5')", 'ntb': 1, 'ntf': 2, 'ntc': 2, 'cut': 10.0, 'ntt': 3, 'tempi': 100.0, 'temp0': 300.0, 'gamma_ln': 5.0, 'ntp': 0, 'ntxo': 2, 'ntwr': 500, 'ntpr': 500, 'ntwx': 500, 'ioutfm': 1, 'iwrap': 1}}, {'stage_name': '06_relax_npt_r', 'topo_path': '$SLURM_SUBMIT_DIR/inputs/mol.prmtop', 'ref_coord_path': '$SLURM_SUBMIT_DIR/inputs/mol.inpcrd', 'input_kwargs': {'irest': 1, 'ntx': 5, 'ig': -1, 'dt': 0.002, 'nstlim': 500000, 'nscm': 500, 'ntr': 1, 'restraint_wt': 0.5, 'restraintmask': "!(:WAT) & (@C,CA,N,O,O5',P,O3',C3',C4',C5')", 'ntb': 2, 'ntf': 2, 'ntc': 2, 'cut': 10.0, 'ntt': 3, 'temp0': 300.0, 'gamma_ln': 5.0, 'ntp': 1, 'barostat': 2, 'pres0': 1.01325, 'mcbarint': 100, 'comp': 44.6, 'taup': 1.0, 'ntxo': 2, 'ntwr': 5000, 'ntpr': 500, 'ntwx': 5000, 'ioutfm': 1, 'iwrap': 1}}, {'stage_name': '07_relax_npt', 'topo_path': '$SLURM_SUBMIT_DIR/inputs/mol.prmtop', 'ref_coord_path': '$SLURM_SUBMIT_DIR/inputs/mol.inpcrd', 'input_kwargs': {'irest': 1, 'ntx': 5, 'ig': -1, 'dt': 0.002, 'nstlim': 500000, 'nscm': 500, 'ntr': 0, 'ntb': 2, 'ntf': 2, 'ntc': 2, 'cut': 10.0, 'ntt': 3, 'temp0': 300.0, 'gamma_ln': 5.0, 'ntp': 1, 'barostat': 2, 'pres0': 1.01325, 'mcbarint': 100, 'comp': 44.6, 'taup': 1.0, 'ntxo': 2, 'ntwr': 5000, 'ntpr': 500, 'ntwx': 5000, 'ioutfm': 1, 'iwrap': 1}}]}
2023-12-01 22:27:51.852-05:00 | DEBUG    | metalflare.simulation.contexts:update:164 - Updating context:
{'write_dir': '../simulations/04-relax/inputs', 'input_dir': '$SLURM_SUBMIT_DIR/inputs', 'output_dir': '$SLURM_SUBMIT_DIR/outputs', 'compute_platform': 'cuda', 'sbatch_options': {'job-name': 'metalflare/001/04-relax', 'nodes': 1, 'ntasks-per-node': 2, 'output': 'slurm-%j.out', 'error': 'slurm-%j.err', 'time': '6-00:00:00', 'cluster': 'gpu', 'partition': 'a100', 'gres': 'gpu:1', 'account': 'jdurrant'}, 'stages': [{'stage_name': '05_relax_nvt_r', 'topo_path': '$SLURM_SUBMIT_DIR/inputs/mol.prmtop', 'prev_restart_path': '$SLURM_SUBMIT_DIR/../03-min/outputs/04_min.rst', 'ref_coord_path': '$SLURM_SUBMIT_DIR/inputs/mol.inpcrd', 'input_kwargs': {'irest': 0, 'ntx': 1, 'ig': -1, 'dt': 0.002, 'nstlim': 10000, 'nscm': 500, 'ntr': 1, 'restraint_wt': 1.0, 'restraintmask': "!(:WAT) & (@C,CA,N,O,O5',P,O3',C3',C4',C5')", 'ntb': 1, 'ntf': 2, 'ntc': 2, 'cut': 10.0, 'ntt': 3, 'tempi': 100.0, 'temp0': 300.0, 'gamma_ln': 5.0, 'ntp': 0, 'ntxo': 2, 'ntwr': 500, 'ntpr': 500, 'ntwx': 500, 'ioutfm': 1, 'iwrap': 1}}, {'stage_name': '06_relax_npt_r', 'topo_path': '$SLURM_SUBMIT_DIR/inputs/mol.prmtop', 'ref_coord_path': '$SLURM_SUBMIT_DIR/inputs/mol.inpcrd', 'input_kwargs': {'irest': 1, 'ntx': 5, 'ig': -1, 'dt': 0.002, 'nstlim': 500000, 'nscm': 500, 'ntr': 1, 'restraint_wt': 0.5, 'restraintmask': "!(:WAT) & (@C,CA,N,O,O5',P,O3',C3',C4',C5')", 'ntb': 2, 'ntf': 2, 'ntc': 2, 'cut': 10.0, 'ntt': 3, 'temp0': 300.0, 'gamma_ln': 5.0, 'ntp': 1, 'barostat': 2, 'pres0': 1.01325, 'mcbarint': 100, 'comp': 44.6, 'taup': 1.0, 'ntxo': 2, 'ntwr': 5000, 'ntpr': 500, 'ntwx': 5000, 'ioutfm': 1, 'iwrap': 1}}, {'stage_name': '07_relax_npt', 'topo_path': '$SLURM_SUBMIT_DIR/inputs/mol.prmtop', 'ref_coord_path': '$SLURM_SUBMIT_DIR/inputs/mol.inpcrd', 'input_kwargs': {'irest': 1, 'ntx': 5, 'ig': -1, 'dt': 0.002, 'nstlim': 500000, 'nscm': 500, 'ntr': 0, 'ntb': 2, 'ntf': 2, 'ntc': 2, 'cut': 10.0, 'ntt': 3, 'temp0': 300.0, 'gamma_ln': 5.0, 'ntp': 1, 'barostat': 2, 'pres0': 1.01325, 'mcbarint': 100, 'comp': 44.6, 'taup': 1.0, 'ntxo': 2, 'ntwr': 5000, 'ntpr': 500, 'ntwx': 5000, 'ioutfm': 1, 'iwrap': 1}}]}
2023-12-01 22:27:51.852-05:00 | INFO     | metalflare.simulation.contexts:from_yaml:149 - Loading YAML context from ../simulations/slurm.yml
2023-12-01 22:27:51.852-05:00 | DEBUG    | metalflare.simulation.contexts:from_yaml:153 - YAML data:
{'write': True, 'submit': False, 'slurm_lines': ['', '# Load environment', 'module purge', 'module load gcc/8.2.0', 'module load openmpi/4.0.3', 'module load amber/22', '', 'chmod +x ./run.sh', './run.sh', '', 'touch CALC_DONE']}
2023-12-01 22:27:51.852-05:00 | DEBUG    | metalflare.simulation.contexts:update:164 - Updating context:
{'write': True, 'submit': False, 'slurm_lines': ['', '# Load environment', 'module purge', 'module load gcc/8.2.0', 'module load openmpi/4.0.3', 'module load amber/22', '', 'chmod +x ./run.sh', './run.sh', '', 'touch CALC_DONE']}
2023-12-01 22:27:51.852-05:00 | INFO     | metalflare.simulation.contexts:from_yaml:149 - Loading YAML context from ../simulations/base.yml
2023-12-01 22:27:51.853-05:00 | DEBUG    | metalflare.simulation.contexts:from_yaml:153 - YAML data:
{'ff_protein': 'ff19SB', 'ff_water': 'opc3', 'ff_ions': 'ionslm_126_opc3', 'cation_identity': 'Na+', 'anion_identity': 'Cl-', 'neutralize_charge': True, 'extra_cations': 0, 'extra_anions': 0, 'solvent_ionic_strength': 0.15, 'solvent_padding': 10.0}
2023-12-01 22:27:51.853-05:00 | DEBUG    | metalflare.simulation.contexts:update:164 - Updating context:
{'ff_protein': 'ff19SB', 'ff_water': 'opc3', 'ff_ions': 'ionslm_126_opc3', 'cation_identity': 'Na+', 'anion_identity': 'Cl-', 'neutralize_charge': True, 'extra_cations': 0, 'extra_anions': 0, 'solvent_ionic_strength': 0.15, 'solvent_padding': 10.0}
2023-12-01 22:27:51.853-05:00 | DEBUG    | metalflare.simulation.contexts:get:178 - Retrieved context:
{'ff_protein': 'ff19SB', 'ff_water': 'opc3', 'ff_dna': None, 'ff_rna': None, 'ff_glycam': None, 'ff_lipid': None, 'ff_small_molecule': None, 'ff_ions': 'ionslm_126_opc3', 'cation_identity': 'Na+', 'anion_identity': 'Cl-', 'system_charge': 0, 'neutralize_charge': True, 'extra_cations': 0, 'extra_anions': 0, 'solvent_ionic_strength': 0.15, 'solvent_padding': 10.0, 'verbosity': None, 'scratch_dir': None, 'compute_platform': 'cuda', 'cpu_cores': 8, 'input_kwargs': None, 'stage_name': None, 'stages': [{'stage_name': '05_relax_nvt_r', 'topo_path': '$SLURM_SUBMIT_DIR/inputs/mol.prmtop', 'prev_restart_path': '$SLURM_SUBMIT_DIR/../03-min/outputs/04_min.rst', 'ref_coord_path': '$SLURM_SUBMIT_DIR/inputs/mol.inpcrd', 'input_kwargs': {'irest': 0, 'ntx': 1, 'ig': -1, 'dt': 0.002, 'nstlim': 10000, 'nscm': 500, 'ntr': 1, 'restraint_wt': 1.0, 'restraintmask': "!(:WAT) & (@C,CA,N,O,O5',P,O3',C3',C4',C5')", 'ntb': 1, 'ntf': 2, 'ntc': 2, 'cut': 10.0, 'ntt': 3, 'tempi': 100.0, 'temp0': 300.0, 'gamma_ln': 5.0, 'ntp': 0, 'ntxo': 2, 'ntwr': 500, 'ntpr': 500, 'ntwx': 500, 'ioutfm': 1, 'iwrap': 1}}, {'stage_name': '06_relax_npt_r', 'topo_path': '$SLURM_SUBMIT_DIR/inputs/mol.prmtop', 'ref_coord_path': '$SLURM_SUBMIT_DIR/inputs/mol.inpcrd', 'input_kwargs': {'irest': 1, 'ntx': 5, 'ig': -1, 'dt': 0.002, 'nstlim': 500000, 'nscm': 500, 'ntr': 1, 'restraint_wt': 0.5, 'restraintmask': "!(:WAT) & (@C,CA,N,O,O5',P,O3',C3',C4',C5')", 'ntb': 2, 'ntf': 2, 'ntc': 2, 'cut': 10.0, 'ntt': 3, 'temp0': 300.0, 'gamma_ln': 5.0, 'ntp': 1, 'barostat': 2, 'pres0': 1.01325, 'mcbarint': 100, 'comp': 44.6, 'taup': 1.0, 'ntxo': 2, 'ntwr': 5000, 'ntpr': 500, 'ntwx': 5000, 'ioutfm': 1, 'iwrap': 1}}, {'stage_name': '07_relax_npt', 'topo_path': '$SLURM_SUBMIT_DIR/inputs/mol.prmtop', 'ref_coord_path': '$SLURM_SUBMIT_DIR/inputs/mol.inpcrd', 'input_kwargs': {'irest': 1, 'ntx': 5, 'ig': -1, 'dt': 0.002, 'nstlim': 500000, 'nscm': 500, 'ntr': 0, 'ntb': 2, 'ntf': 2, 'ntc': 2, 'cut': 10.0, 'ntt': 3, 'temp0': 300.0, 'gamma_ln': 5.0, 'ntp': 1, 'barostat': 2, 'pres0': 1.01325, 'mcbarint': 100, 'comp': 44.6, 'taup': 1.0, 'ntxo': 2, 'ntwr': 5000, 'ntpr': 500, 'ntwx': 5000, 'ioutfm': 1, 'iwrap': 1}}], 'input_dir': '$SLURM_SUBMIT_DIR/inputs', 'input_path': None, 'output_dir': '$SLURM_SUBMIT_DIR/outputs', 'output_path': None, 'coord_path': None, 'topo_path': None, 'restart_path': None, 'prev_coordinate_path': None, 'prev_restart_path': None, 'ref_coord_path': None, 'splits': 1, 'sbatch_options': {'job-name': 'metalflare/001/04-relax', 'nodes': 1, 'ntasks-per-node': 2, 'output': 'slurm-%j.out', 'error': 'slurm-%j.err', 'time': '6-00:00:00', 'cluster': 'gpu', 'partition': 'a100', 'gres': 'gpu:1', 'account': 'jdurrant'}, 'slurm_lines': ['', '# Load environment', 'module purge', 'module load gcc/8.2.0', 'module load openmpi/4.0.3', 'module load amber/22', '', 'chmod +x ./run.sh', './run.sh', '', 'touch CALC_DONE'], 'run_path': '../simulations/04-relax/run.sh', 'slurm_path': '../simulations/04-relax/submit.slurm', 'write': True, 'write_dir': '../simulations/04-relax/inputs', 'submit': False, 'yaml_path': '../simulations/base.yml'}
2023-12-01 22:27:51.853-05:00 | INFO     | metalflare.simulation.run:prepare_slurm_lines:63 - Preparing slurm submission script
2023-12-01 22:27:51.853-05:00 | DEBUG    | metalflare.simulation.run:prepare_slurm_lines:70 - Slurm script:
#!/bin/bash
#SBATCH --job-name=metalflare/001/04-relax
#SBATCH --nodes=1
#SBATCH --ntasks-per-node=2
#SBATCH --output=slurm-%j.out
#SBATCH --error=slurm-%j.err
#SBATCH --time=6-00:00:00
#SBATCH --cluster=gpu
#SBATCH --partition=a100
#SBATCH --gres=gpu:1
#SBATCH --account=jdurrant

# Load environment
module purge
module load gcc/8.2.0
module load openmpi/4.0.3
module load amber/22

chmod +x ./run.sh
./run.sh

touch CALC_DONE

2023-12-01 22:27:51.853-05:00 | INFO     | metalflare.simulation.run:prepare_slurm_lines:72 - Writing submissions script at ../simulations/04-relax/submit.slurm
2023-12-01 22:27:51.853-05:00 | INFO     | metalflare.simulation.amber.run:prepare:226 - Prepare simulations
2023-12-01 22:27:51.853-05:00 | DEBUG    | metalflare.simulation.amber.run:prepare:229 - There are multiple stages
2023-12-01 22:27:51.853-05:00 | DEBUG    | metalflare.simulation.contexts:update:164 - Updating context:
{'stage_name': '05_relax_nvt_r', 'topo_path': '$SLURM_SUBMIT_DIR/inputs/mol.prmtop', 'prev_restart_path': '$SLURM_SUBMIT_DIR/../03-min/outputs/04_min.rst', 'ref_coord_path': '$SLURM_SUBMIT_DIR/inputs/mol.inpcrd', 'input_kwargs': {'irest': 0, 'ntx': 1, 'ig': -1, 'dt': 0.002, 'nstlim': 10000, 'nscm': 500, 'ntr': 1, 'restraint_wt': 1.0, 'restraintmask': "!(:WAT) & (@C,CA,N,O,O5',P,O3',C3',C4',C5')", 'ntb': 1, 'ntf': 2, 'ntc': 2, 'cut': 10.0, 'ntt': 3, 'tempi': 100.0, 'temp0': 300.0, 'gamma_ln': 5.0, 'ntp': 0, 'ntxo': 2, 'ntwr': 500, 'ntpr': 500, 'ntwx': 500, 'ioutfm': 1, 'iwrap': 1}}
2023-12-01 22:27:51.853-05:00 | INFO     | metalflare.simulation.amber.run:prepare:238 - Preparing stage 0
2023-12-01 22:27:51.853-05:00 | INFO     | metalflare.simulation.amber.run:prepare_context:25 - Preparing context for Amber simulation
2023-12-01 22:27:51.853-05:00 | DEBUG    | metalflare.simulation.contexts:get:178 - Retrieved context:
{'ff_protein': 'ff19SB', 'ff_water': 'opc3', 'ff_dna': None, 'ff_rna': None, 'ff_glycam': None, 'ff_lipid': None, 'ff_small_molecule': None, 'ff_ions': 'ionslm_126_opc3', 'cation_identity': 'Na+', 'anion_identity': 'Cl-', 'system_charge': 0, 'neutralize_charge': True, 'extra_cations': 0, 'extra_anions': 0, 'solvent_ionic_strength': 0.15, 'solvent_padding': 10.0, 'verbosity': None, 'scratch_dir': None, 'compute_platform': 'cuda', 'cpu_cores': 8, 'input_kwargs': {'irest': 0, 'ntx': 1, 'ig': -1, 'dt': 0.002, 'nstlim': 10000, 'nscm': 500, 'ntr': 1, 'restraint_wt': 1.0, 'restraintmask': "!(:WAT) & (@C,CA,N,O,O5',P,O3',C3',C4',C5')", 'ntb': 1, 'ntf': 2, 'ntc': 2, 'cut': 10.0, 'ntt': 3, 'tempi': 100.0, 'temp0': 300.0, 'gamma_ln': 5.0, 'ntp': 0, 'ntxo': 2, 'ntwr': 500, 'ntpr': 500, 'ntwx': 500, 'ioutfm': 1, 'iwrap': 1}, 'stage_name': '05_relax_nvt_r', 'stages': [{'stage_name': '05_relax_nvt_r', 'topo_path': '$SLURM_SUBMIT_DIR/inputs/mol.prmtop', 'prev_restart_path': '$SLURM_SUBMIT_DIR/../03-min/outputs/04_min.rst', 'ref_coord_path': '$SLURM_SUBMIT_DIR/inputs/mol.inpcrd', 'input_kwargs': {'irest': 0, 'ntx': 1, 'ig': -1, 'dt': 0.002, 'nstlim': 10000, 'nscm': 500, 'ntr': 1, 'restraint_wt': 1.0, 'restraintmask': "!(:WAT) & (@C,CA,N,O,O5',P,O3',C3',C4',C5')", 'ntb': 1, 'ntf': 2, 'ntc': 2, 'cut': 10.0, 'ntt': 3, 'tempi': 100.0, 'temp0': 300.0, 'gamma_ln': 5.0, 'ntp': 0, 'ntxo': 2, 'ntwr': 500, 'ntpr': 500, 'ntwx': 500, 'ioutfm': 1, 'iwrap': 1}}, {'stage_name': '06_relax_npt_r', 'topo_path': '$SLURM_SUBMIT_DIR/inputs/mol.prmtop', 'ref_coord_path': '$SLURM_SUBMIT_DIR/inputs/mol.inpcrd', 'input_kwargs': {'irest': 1, 'ntx': 5, 'ig': -1, 'dt': 0.002, 'nstlim': 500000, 'nscm': 500, 'ntr': 1, 'restraint_wt': 0.5, 'restraintmask': "!(:WAT) & (@C,CA,N,O,O5',P,O3',C3',C4',C5')", 'ntb': 2, 'ntf': 2, 'ntc': 2, 'cut': 10.0, 'ntt': 3, 'temp0': 300.0, 'gamma_ln': 5.0, 'ntp': 1, 'barostat': 2, 'pres0': 1.01325, 'mcbarint': 100, 'comp': 44.6, 'taup': 1.0, 'ntxo': 2, 'ntwr': 5000, 'ntpr': 500, 'ntwx': 5000, 'ioutfm': 1, 'iwrap': 1}}, {'stage_name': '07_relax_npt', 'topo_path': '$SLURM_SUBMIT_DIR/inputs/mol.prmtop', 'ref_coord_path': '$SLURM_SUBMIT_DIR/inputs/mol.inpcrd', 'input_kwargs': {'irest': 1, 'ntx': 5, 'ig': -1, 'dt': 0.002, 'nstlim': 500000, 'nscm': 500, 'ntr': 0, 'ntb': 2, 'ntf': 2, 'ntc': 2, 'cut': 10.0, 'ntt': 3, 'temp0': 300.0, 'gamma_ln': 5.0, 'ntp': 1, 'barostat': 2, 'pres0': 1.01325, 'mcbarint': 100, 'comp': 44.6, 'taup': 1.0, 'ntxo': 2, 'ntwr': 5000, 'ntpr': 500, 'ntwx': 5000, 'ioutfm': 1, 'iwrap': 1}}], 'input_dir': '$SLURM_SUBMIT_DIR/inputs', 'input_path': None, 'output_dir': '$SLURM_SUBMIT_DIR/outputs', 'output_path': None, 'coord_path': None, 'topo_path': '$SLURM_SUBMIT_DIR/inputs/mol.prmtop', 'restart_path': None, 'prev_coordinate_path': None, 'prev_restart_path': '$SLURM_SUBMIT_DIR/../03-min/outputs/04_min.rst', 'ref_coord_path': '$SLURM_SUBMIT_DIR/inputs/mol.inpcrd', 'splits': 1, 'sbatch_options': {'job-name': 'metalflare/001/04-relax', 'nodes': 1, 'ntasks-per-node': 2, 'output': 'slurm-%j.out', 'error': 'slurm-%j.err', 'time': '6-00:00:00', 'cluster': 'gpu', 'partition': 'a100', 'gres': 'gpu:1', 'account': 'jdurrant'}, 'slurm_lines': ['', '# Load environment', 'module purge', 'module load gcc/8.2.0', 'module load openmpi/4.0.3', 'module load amber/22', '', 'chmod +x ./run.sh', './run.sh', '', 'touch CALC_DONE'], 'run_path': '../simulations/04-relax/run.sh', 'slurm_path': '../simulations/04-relax/submit.slurm', 'write': True, 'write_dir': '../simulations/04-relax/inputs', 'submit': False, 'yaml_path': '../simulations/base.yml'}
2023-12-01 22:27:51.853-05:00 | DEBUG    | metalflare.simulation.contexts:update:164 - Updating context:
{'ff_protein': 'ff19SB', 'ff_water': 'opc3', 'ff_dna': None, 'ff_rna': None, 'ff_glycam': None, 'ff_lipid': None, 'ff_small_molecule': None, 'ff_ions': 'ionslm_126_opc3', 'cation_identity': 'Na+', 'anion_identity': 'Cl-', 'system_charge': 0, 'neutralize_charge': True, 'extra_cations': 0, 'extra_anions': 0, 'solvent_ionic_strength': 0.15, 'solvent_padding': 10.0, 'verbosity': None, 'scratch_dir': None, 'compute_platform': 'cuda', 'cpu_cores': 8, 'input_kwargs': {'irest': 0, 'ntx': 1, 'ig': -1, 'dt': 0.002, 'nstlim': 10000, 'nscm': 500, 'ntr': 1, 'restraint_wt': 1.0, 'restraintmask': "!(:WAT) & (@C,CA,N,O,O5',P,O3',C3',C4',C5')", 'ntb': 1, 'ntf': 2, 'ntc': 2, 'cut': 10.0, 'ntt': 3, 'tempi': 100.0, 'temp0': 300.0, 'gamma_ln': 5.0, 'ntp': 0, 'ntxo': 2, 'ntwr': 500, 'ntpr': 500, 'ntwx': 500, 'ioutfm': 1, 'iwrap': 1}, 'stage_name': '05_relax_nvt_r', 'stages': [{'stage_name': '05_relax_nvt_r', 'topo_path': '$SLURM_SUBMIT_DIR/inputs/mol.prmtop', 'prev_restart_path': '$SLURM_SUBMIT_DIR/../03-min/outputs/04_min.rst', 'ref_coord_path': '$SLURM_SUBMIT_DIR/inputs/mol.inpcrd', 'input_kwargs': {'irest': 0, 'ntx': 1, 'ig': -1, 'dt': 0.002, 'nstlim': 10000, 'nscm': 500, 'ntr': 1, 'restraint_wt': 1.0, 'restraintmask': "!(:WAT) & (@C,CA,N,O,O5',P,O3',C3',C4',C5')", 'ntb': 1, 'ntf': 2, 'ntc': 2, 'cut': 10.0, 'ntt': 3, 'tempi': 100.0, 'temp0': 300.0, 'gamma_ln': 5.0, 'ntp': 0, 'ntxo': 2, 'ntwr': 500, 'ntpr': 500, 'ntwx': 500, 'ioutfm': 1, 'iwrap': 1}}, {'stage_name': '06_relax_npt_r', 'topo_path': '$SLURM_SUBMIT_DIR/inputs/mol.prmtop', 'ref_coord_path': '$SLURM_SUBMIT_DIR/inputs/mol.inpcrd', 'input_kwargs': {'irest': 1, 'ntx': 5, 'ig': -1, 'dt': 0.002, 'nstlim': 500000, 'nscm': 500, 'ntr': 1, 'restraint_wt': 0.5, 'restraintmask': "!(:WAT) & (@C,CA,N,O,O5',P,O3',C3',C4',C5')", 'ntb': 2, 'ntf': 2, 'ntc': 2, 'cut': 10.0, 'ntt': 3, 'temp0': 300.0, 'gamma_ln': 5.0, 'ntp': 1, 'barostat': 2, 'pres0': 1.01325, 'mcbarint': 100, 'comp': 44.6, 'taup': 1.0, 'ntxo': 2, 'ntwr': 5000, 'ntpr': 500, 'ntwx': 5000, 'ioutfm': 1, 'iwrap': 1}}, {'stage_name': '07_relax_npt', 'topo_path': '$SLURM_SUBMIT_DIR/inputs/mol.prmtop', 'ref_coord_path': '$SLURM_SUBMIT_DIR/inputs/mol.inpcrd', 'input_kwargs': {'irest': 1, 'ntx': 5, 'ig': -1, 'dt': 0.002, 'nstlim': 500000, 'nscm': 500, 'ntr': 0, 'ntb': 2, 'ntf': 2, 'ntc': 2, 'cut': 10.0, 'ntt': 3, 'temp0': 300.0, 'gamma_ln': 5.0, 'ntp': 1, 'barostat': 2, 'pres0': 1.01325, 'mcbarint': 100, 'comp': 44.6, 'taup': 1.0, 'ntxo': 2, 'ntwr': 5000, 'ntpr': 500, 'ntwx': 5000, 'ioutfm': 1, 'iwrap': 1}}], 'input_dir': '$SLURM_SUBMIT_DIR/inputs', 'input_path': '$SLURM_SUBMIT_DIR/inputs/05_relax_nvt_r.in', 'output_dir': '$SLURM_SUBMIT_DIR/outputs', 'output_path': '$SLURM_SUBMIT_DIR/outputs/05_relax_nvt_r.out', 'coord_path': '$SLURM_SUBMIT_DIR/outputs/05_relax_nvt_r.nc', 'topo_path': '$SLURM_SUBMIT_DIR/inputs/mol.prmtop', 'restart_path': '$SLURM_SUBMIT_DIR/outputs/05_relax_nvt_r.rst', 'prev_coordinate_path': None, 'prev_restart_path': '$SLURM_SUBMIT_DIR/../03-min/outputs/04_min.rst', 'ref_coord_path': '$SLURM_SUBMIT_DIR/inputs/mol.inpcrd', 'splits': 1, 'sbatch_options': {'job-name': 'metalflare/001/04-relax', 'nodes': 1, 'ntasks-per-node': 2, 'output': 'slurm-%j.out', 'error': 'slurm-%j.err', 'time': '6-00:00:00', 'cluster': 'gpu', 'partition': 'a100', 'gres': 'gpu:1', 'account': 'jdurrant'}, 'slurm_lines': ['', '# Load environment', 'module purge', 'module load gcc/8.2.0', 'module load openmpi/4.0.3', 'module load amber/22', '', 'chmod +x ./run.sh', './run.sh', '', 'touch CALC_DONE'], 'run_path': '../simulations/04-relax/run.sh', 'slurm_path': '../simulations/04-relax/submit.slurm', 'write': True, 'write_dir': '../simulations/04-relax/inputs', 'submit': False, 'yaml_path': '../simulations/base.yml', 'run_dir': '$SLURM_SUBMIT_DIR/outputs', 'mdinfo_path': '$SLURM_SUBMIT_DIR/outputs/05_relax_nvt_r.mdinfo'}
2023-12-01 22:27:51.853-05:00 | INFO     | metalflare.simulation.contexts:validate:210 - Validating with: AmberContextValidator
2023-12-01 22:27:51.853-05:00 | DEBUG    | metalflare.simulation.contexts:get:178 - Retrieved context:
{'ff_protein': 'ff19SB', 'ff_water': 'opc3', 'ff_dna': None, 'ff_rna': None, 'ff_glycam': None, 'ff_lipid': None, 'ff_small_molecule': None, 'ff_ions': 'ionslm_126_opc3', 'cation_identity': 'Na+', 'anion_identity': 'Cl-', 'system_charge': 0, 'neutralize_charge': True, 'extra_cations': 0, 'extra_anions': 0, 'solvent_ionic_strength': 0.15, 'solvent_padding': 10.0, 'verbosity': None, 'scratch_dir': None, 'compute_platform': 'cuda', 'cpu_cores': 8, 'input_kwargs': {'irest': 0, 'ntx': 1, 'ig': -1, 'dt': 0.002, 'nstlim': 10000, 'nscm': 500, 'ntr': 1, 'restraint_wt': 1.0, 'restraintmask': "!(:WAT) & (@C,CA,N,O,O5',P,O3',C3',C4',C5')", 'ntb': 1, 'ntf': 2, 'ntc': 2, 'cut': 10.0, 'ntt': 3, 'tempi': 100.0, 'temp0': 300.0, 'gamma_ln': 5.0, 'ntp': 0, 'ntxo': 2, 'ntwr': 500, 'ntpr': 500, 'ntwx': 500, 'ioutfm': 1, 'iwrap': 1}, 'stage_name': '05_relax_nvt_r', 'stages': [{'stage_name': '05_relax_nvt_r', 'topo_path': '$SLURM_SUBMIT_DIR/inputs/mol.prmtop', 'prev_restart_path': '$SLURM_SUBMIT_DIR/../03-min/outputs/04_min.rst', 'ref_coord_path': '$SLURM_SUBMIT_DIR/inputs/mol.inpcrd', 'input_kwargs': {'irest': 0, 'ntx': 1, 'ig': -1, 'dt': 0.002, 'nstlim': 10000, 'nscm': 500, 'ntr': 1, 'restraint_wt': 1.0, 'restraintmask': "!(:WAT) & (@C,CA,N,O,O5',P,O3',C3',C4',C5')", 'ntb': 1, 'ntf': 2, 'ntc': 2, 'cut': 10.0, 'ntt': 3, 'tempi': 100.0, 'temp0': 300.0, 'gamma_ln': 5.0, 'ntp': 0, 'ntxo': 2, 'ntwr': 500, 'ntpr': 500, 'ntwx': 500, 'ioutfm': 1, 'iwrap': 1}}, {'stage_name': '06_relax_npt_r', 'topo_path': '$SLURM_SUBMIT_DIR/inputs/mol.prmtop', 'ref_coord_path': '$SLURM_SUBMIT_DIR/inputs/mol.inpcrd', 'input_kwargs': {'irest': 1, 'ntx': 5, 'ig': -1, 'dt': 0.002, 'nstlim': 500000, 'nscm': 500, 'ntr': 1, 'restraint_wt': 0.5, 'restraintmask': "!(:WAT) & (@C,CA,N,O,O5',P,O3',C3',C4',C5')", 'ntb': 2, 'ntf': 2, 'ntc': 2, 'cut': 10.0, 'ntt': 3, 'temp0': 300.0, 'gamma_ln': 5.0, 'ntp': 1, 'barostat': 2, 'pres0': 1.01325, 'mcbarint': 100, 'comp': 44.6, 'taup': 1.0, 'ntxo': 2, 'ntwr': 5000, 'ntpr': 500, 'ntwx': 5000, 'ioutfm': 1, 'iwrap': 1}}, {'stage_name': '07_relax_npt', 'topo_path': '$SLURM_SUBMIT_DIR/inputs/mol.prmtop', 'ref_coord_path': '$SLURM_SUBMIT_DIR/inputs/mol.inpcrd', 'input_kwargs': {'irest': 1, 'ntx': 5, 'ig': -1, 'dt': 0.002, 'nstlim': 500000, 'nscm': 500, 'ntr': 0, 'ntb': 2, 'ntf': 2, 'ntc': 2, 'cut': 10.0, 'ntt': 3, 'temp0': 300.0, 'gamma_ln': 5.0, 'ntp': 1, 'barostat': 2, 'pres0': 1.01325, 'mcbarint': 100, 'comp': 44.6, 'taup': 1.0, 'ntxo': 2, 'ntwr': 5000, 'ntpr': 500, 'ntwx': 5000, 'ioutfm': 1, 'iwrap': 1}}], 'input_dir': '$SLURM_SUBMIT_DIR/inputs', 'input_path': '$SLURM_SUBMIT_DIR/inputs/05_relax_nvt_r.in', 'output_dir': '$SLURM_SUBMIT_DIR/outputs', 'output_path': '$SLURM_SUBMIT_DIR/outputs/05_relax_nvt_r.out', 'coord_path': '$SLURM_SUBMIT_DIR/outputs/05_relax_nvt_r.nc', 'topo_path': '$SLURM_SUBMIT_DIR/inputs/mol.prmtop', 'restart_path': '$SLURM_SUBMIT_DIR/outputs/05_relax_nvt_r.rst', 'prev_coordinate_path': None, 'prev_restart_path': '$SLURM_SUBMIT_DIR/../03-min/outputs/04_min.rst', 'ref_coord_path': '$SLURM_SUBMIT_DIR/inputs/mol.inpcrd', 'splits': 1, 'sbatch_options': {'job-name': 'metalflare/001/04-relax', 'nodes': 1, 'ntasks-per-node': 2, 'output': 'slurm-%j.out', 'error': 'slurm-%j.err', 'time': '6-00:00:00', 'cluster': 'gpu', 'partition': 'a100', 'gres': 'gpu:1', 'account': 'jdurrant'}, 'slurm_lines': ['', '# Load environment', 'module purge', 'module load gcc/8.2.0', 'module load openmpi/4.0.3', 'module load amber/22', '', 'chmod +x ./run.sh', './run.sh', '', 'touch CALC_DONE'], 'run_path': '../simulations/04-relax/run.sh', 'slurm_path': '../simulations/04-relax/submit.slurm', 'write': True, 'write_dir': '../simulations/04-relax/inputs', 'submit': False, 'yaml_path': '../simulations/base.yml', 'run_dir': '$SLURM_SUBMIT_DIR/outputs', 'mdinfo_path': '$SLURM_SUBMIT_DIR/outputs/05_relax_nvt_r.mdinfo'}
2023-12-01 22:27:51.853-05:00 | DEBUG    | metalflare.simulation.contexts:validate:219 - Checking ff_protein
2023-12-01 22:27:51.853-05:00 | DEBUG    | metalflare.simulation.contexts:validate:226 -   Valid: ff19SB
2023-12-01 22:27:51.853-05:00 | DEBUG    | metalflare.simulation.contexts:validate:219 - Checking ff_water
2023-12-01 22:27:51.853-05:00 | DEBUG    | metalflare.simulation.contexts:validate:226 -   Valid: opc3
2023-12-01 22:27:51.854-05:00 | DEBUG    | metalflare.simulation.contexts:validate:217 - Cannot check ff_dna
2023-12-01 22:27:51.854-05:00 | DEBUG    | metalflare.simulation.contexts:validate:217 - Cannot check ff_rna
2023-12-01 22:27:51.854-05:00 | DEBUG    | metalflare.simulation.contexts:validate:217 - Cannot check ff_glycam
2023-12-01 22:27:51.854-05:00 | DEBUG    | metalflare.simulation.contexts:validate:217 - Cannot check ff_lipid
2023-12-01 22:27:51.854-05:00 | DEBUG    | metalflare.simulation.contexts:validate:217 - Cannot check ff_small_molecule
2023-12-01 22:27:51.854-05:00 | DEBUG    | metalflare.simulation.contexts:validate:217 - Cannot check ff_ions
2023-12-01 22:27:51.854-05:00 | DEBUG    | metalflare.simulation.contexts:validate:217 - Cannot check cation_identity
2023-12-01 22:27:51.854-05:00 | DEBUG    | metalflare.simulation.contexts:validate:217 - Cannot check anion_identity
2023-12-01 22:27:51.854-05:00 | DEBUG    | metalflare.simulation.contexts:validate:217 - Cannot check system_charge
2023-12-01 22:27:51.854-05:00 | DEBUG    | metalflare.simulation.contexts:validate:217 - Cannot check neutralize_charge
2023-12-01 22:27:51.854-05:00 | DEBUG    | metalflare.simulation.contexts:validate:219 - Checking extra_cations
2023-12-01 22:27:51.854-05:00 | DEBUG    | metalflare.simulation.contexts:validate:233 -   Valid: 0
2023-12-01 22:27:51.854-05:00 | DEBUG    | metalflare.simulation.contexts:validate:219 - Checking extra_anions
2023-12-01 22:27:51.854-05:00 | DEBUG    | metalflare.simulation.contexts:validate:233 -   Valid: 0
2023-12-01 22:27:51.854-05:00 | DEBUG    | metalflare.simulation.contexts:validate:217 - Cannot check solvent_ionic_strength
2023-12-01 22:27:51.854-05:00 | DEBUG    | metalflare.simulation.contexts:validate:217 - Cannot check solvent_padding
2023-12-01 22:27:51.854-05:00 | DEBUG    | metalflare.simulation.contexts:validate:217 - Cannot check verbosity
2023-12-01 22:27:51.854-05:00 | DEBUG    | metalflare.simulation.contexts:validate:217 - Cannot check scratch_dir
2023-12-01 22:27:51.854-05:00 | DEBUG    | metalflare.simulation.contexts:validate:219 - Checking compute_platform
2023-12-01 22:27:51.854-05:00 | DEBUG    | metalflare.simulation.contexts:validate:226 -   Valid: cuda
2023-12-01 22:27:51.854-05:00 | DEBUG    | metalflare.simulation.contexts:validate:217 - Cannot check cpu_cores
2023-12-01 22:27:51.854-05:00 | DEBUG    | metalflare.simulation.contexts:validate:217 - Cannot check input_kwargs
2023-12-01 22:27:51.854-05:00 | DEBUG    | metalflare.simulation.contexts:validate:217 - Cannot check stage_name
2023-12-01 22:27:51.854-05:00 | DEBUG    | metalflare.simulation.contexts:validate:217 - Cannot check stages
2023-12-01 22:27:51.854-05:00 | DEBUG    | metalflare.simulation.contexts:validate:217 - Cannot check input_dir
2023-12-01 22:27:51.854-05:00 | DEBUG    | metalflare.simulation.contexts:validate:217 - Cannot check input_path
2023-12-01 22:27:51.854-05:00 | DEBUG    | metalflare.simulation.contexts:validate:217 - Cannot check output_dir
2023-12-01 22:27:51.854-05:00 | DEBUG    | metalflare.simulation.contexts:validate:217 - Cannot check output_path
2023-12-01 22:27:51.854-05:00 | DEBUG    | metalflare.simulation.contexts:validate:217 - Cannot check coord_path
2023-12-01 22:27:51.854-05:00 | DEBUG    | metalflare.simulation.contexts:validate:217 - Cannot check topo_path
2023-12-01 22:27:51.854-05:00 | DEBUG    | metalflare.simulation.contexts:validate:217 - Cannot check restart_path
2023-12-01 22:27:51.854-05:00 | DEBUG    | metalflare.simulation.contexts:validate:217 - Cannot check prev_coordinate_path
2023-12-01 22:27:51.854-05:00 | DEBUG    | metalflare.simulation.contexts:validate:217 - Cannot check prev_restart_path
2023-12-01 22:27:51.854-05:00 | DEBUG    | metalflare.simulation.contexts:validate:217 - Cannot check ref_coord_path
2023-12-01 22:27:51.854-05:00 | DEBUG    | metalflare.simulation.contexts:validate:219 - Checking splits
2023-12-01 22:27:51.854-05:00 | DEBUG    | metalflare.simulation.contexts:validate:233 -   Valid: 1
2023-12-01 22:27:51.854-05:00 | DEBUG    | metalflare.simulation.contexts:validate:217 - Cannot check sbatch_options
2023-12-01 22:27:51.854-05:00 | DEBUG    | metalflare.simulation.contexts:validate:217 - Cannot check slurm_lines
2023-12-01 22:27:51.854-05:00 | DEBUG    | metalflare.simulation.contexts:validate:217 - Cannot check run_path
2023-12-01 22:27:51.854-05:00 | DEBUG    | metalflare.simulation.contexts:validate:217 - Cannot check slurm_path
2023-12-01 22:27:51.854-05:00 | DEBUG    | metalflare.simulation.contexts:validate:219 - Checking write
2023-12-01 22:27:51.854-05:00 | DEBUG    | metalflare.simulation.contexts:validate:233 -   Valid: True
2023-12-01 22:27:51.855-05:00 | DEBUG    | metalflare.simulation.contexts:validate:217 - Cannot check write_dir
2023-12-01 22:27:51.855-05:00 | DEBUG    | metalflare.simulation.contexts:validate:217 - Cannot check submit
2023-12-01 22:27:51.855-05:00 | DEBUG    | metalflare.simulation.contexts:validate:217 - Cannot check yaml_path
2023-12-01 22:27:51.855-05:00 | DEBUG    | metalflare.simulation.contexts:validate:217 - Cannot check run_dir
2023-12-01 22:27:51.855-05:00 | DEBUG    | metalflare.simulation.contexts:validate:217 - Cannot check mdinfo_path
2023-12-01 22:27:51.855-05:00 | DEBUG    | metalflare.simulation.contexts:get:178 - Retrieved context:
{'ff_protein': 'ff19SB', 'ff_water': 'opc3', 'ff_dna': None, 'ff_rna': None, 'ff_glycam': None, 'ff_lipid': None, 'ff_small_molecule': None, 'ff_ions': 'ionslm_126_opc3', 'cation_identity': 'Na+', 'anion_identity': 'Cl-', 'system_charge': 0, 'neutralize_charge': True, 'extra_cations': 0, 'extra_anions': 0, 'solvent_ionic_strength': 0.15, 'solvent_padding': 10.0, 'verbosity': None, 'scratch_dir': None, 'compute_platform': 'cuda', 'cpu_cores': 8, 'input_kwargs': {'irest': 0, 'ntx': 1, 'ig': -1, 'dt': 0.002, 'nstlim': 10000, 'nscm': 500, 'ntr': 1, 'restraint_wt': 1.0, 'restraintmask': "!(:WAT) & (@C,CA,N,O,O5',P,O3',C3',C4',C5')", 'ntb': 1, 'ntf': 2, 'ntc': 2, 'cut': 10.0, 'ntt': 3, 'tempi': 100.0, 'temp0': 300.0, 'gamma_ln': 5.0, 'ntp': 0, 'ntxo': 2, 'ntwr': 500, 'ntpr': 500, 'ntwx': 500, 'ioutfm': 1, 'iwrap': 1}, 'stage_name': '05_relax_nvt_r', 'stages': [{'stage_name': '05_relax_nvt_r', 'topo_path': '$SLURM_SUBMIT_DIR/inputs/mol.prmtop', 'prev_restart_path': '$SLURM_SUBMIT_DIR/../03-min/outputs/04_min.rst', 'ref_coord_path': '$SLURM_SUBMIT_DIR/inputs/mol.inpcrd', 'input_kwargs': {'irest': 0, 'ntx': 1, 'ig': -1, 'dt': 0.002, 'nstlim': 10000, 'nscm': 500, 'ntr': 1, 'restraint_wt': 1.0, 'restraintmask': "!(:WAT) & (@C,CA,N,O,O5',P,O3',C3',C4',C5')", 'ntb': 1, 'ntf': 2, 'ntc': 2, 'cut': 10.0, 'ntt': 3, 'tempi': 100.0, 'temp0': 300.0, 'gamma_ln': 5.0, 'ntp': 0, 'ntxo': 2, 'ntwr': 500, 'ntpr': 500, 'ntwx': 500, 'ioutfm': 1, 'iwrap': 1}}, {'stage_name': '06_relax_npt_r', 'topo_path': '$SLURM_SUBMIT_DIR/inputs/mol.prmtop', 'ref_coord_path': '$SLURM_SUBMIT_DIR/inputs/mol.inpcrd', 'input_kwargs': {'irest': 1, 'ntx': 5, 'ig': -1, 'dt': 0.002, 'nstlim': 500000, 'nscm': 500, 'ntr': 1, 'restraint_wt': 0.5, 'restraintmask': "!(:WAT) & (@C,CA,N,O,O5',P,O3',C3',C4',C5')", 'ntb': 2, 'ntf': 2, 'ntc': 2, 'cut': 10.0, 'ntt': 3, 'temp0': 300.0, 'gamma_ln': 5.0, 'ntp': 1, 'barostat': 2, 'pres0': 1.01325, 'mcbarint': 100, 'comp': 44.6, 'taup': 1.0, 'ntxo': 2, 'ntwr': 5000, 'ntpr': 500, 'ntwx': 5000, 'ioutfm': 1, 'iwrap': 1}}, {'stage_name': '07_relax_npt', 'topo_path': '$SLURM_SUBMIT_DIR/inputs/mol.prmtop', 'ref_coord_path': '$SLURM_SUBMIT_DIR/inputs/mol.inpcrd', 'input_kwargs': {'irest': 1, 'ntx': 5, 'ig': -1, 'dt': 0.002, 'nstlim': 500000, 'nscm': 500, 'ntr': 0, 'ntb': 2, 'ntf': 2, 'ntc': 2, 'cut': 10.0, 'ntt': 3, 'temp0': 300.0, 'gamma_ln': 5.0, 'ntp': 1, 'barostat': 2, 'pres0': 1.01325, 'mcbarint': 100, 'comp': 44.6, 'taup': 1.0, 'ntxo': 2, 'ntwr': 5000, 'ntpr': 500, 'ntwx': 5000, 'ioutfm': 1, 'iwrap': 1}}], 'input_dir': '$SLURM_SUBMIT_DIR/inputs', 'input_path': '$SLURM_SUBMIT_DIR/inputs/05_relax_nvt_r.in', 'output_dir': '$SLURM_SUBMIT_DIR/outputs', 'output_path': '$SLURM_SUBMIT_DIR/outputs/05_relax_nvt_r.out', 'coord_path': '$SLURM_SUBMIT_DIR/outputs/05_relax_nvt_r.nc', 'topo_path': '$SLURM_SUBMIT_DIR/inputs/mol.prmtop', 'restart_path': '$SLURM_SUBMIT_DIR/outputs/05_relax_nvt_r.rst', 'prev_coordinate_path': None, 'prev_restart_path': '$SLURM_SUBMIT_DIR/../03-min/outputs/04_min.rst', 'ref_coord_path': '$SLURM_SUBMIT_DIR/inputs/mol.inpcrd', 'splits': 1, 'sbatch_options': {'job-name': 'metalflare/001/04-relax', 'nodes': 1, 'ntasks-per-node': 2, 'output': 'slurm-%j.out', 'error': 'slurm-%j.err', 'time': '6-00:00:00', 'cluster': 'gpu', 'partition': 'a100', 'gres': 'gpu:1', 'account': 'jdurrant'}, 'slurm_lines': ['', '# Load environment', 'module purge', 'module load gcc/8.2.0', 'module load openmpi/4.0.3', 'module load amber/22', '', 'chmod +x ./run.sh', './run.sh', '', 'touch CALC_DONE'], 'run_path': '../simulations/04-relax/run.sh', 'slurm_path': '../simulations/04-relax/submit.slurm', 'write': True, 'write_dir': '../simulations/04-relax/inputs', 'submit': False, 'yaml_path': '../simulations/base.yml', 'run_dir': '$SLURM_SUBMIT_DIR/outputs', 'mdinfo_path': '$SLURM_SUBMIT_DIR/outputs/05_relax_nvt_r.mdinfo'}
2023-12-01 22:27:51.855-05:00 | INFO     | metalflare.simulation.amber.run:get_stage_input_lines:146 - Preparing input lines for stage 05_relax_nvt_r
2023-12-01 22:27:51.855-05:00 | DEBUG    | metalflare.simulation.amber.run:get_stage_input_lines:152 - Adding input line: irest=0,
2023-12-01 22:27:51.855-05:00 | DEBUG    | metalflare.simulation.amber.run:get_stage_input_lines:152 - Adding input line: ntx=1,
2023-12-01 22:27:51.855-05:00 | DEBUG    | metalflare.simulation.amber.run:get_stage_input_lines:152 - Adding input line: ig=-1,
2023-12-01 22:27:51.855-05:00 | DEBUG    | metalflare.simulation.amber.run:get_stage_input_lines:152 - Adding input line: dt=0.002,
2023-12-01 22:27:51.855-05:00 | DEBUG    | metalflare.simulation.amber.run:get_stage_input_lines:152 - Adding input line: nstlim=10000,
2023-12-01 22:27:51.855-05:00 | DEBUG    | metalflare.simulation.amber.run:get_stage_input_lines:152 - Adding input line: nscm=500,
2023-12-01 22:27:51.855-05:00 | DEBUG    | metalflare.simulation.amber.run:get_stage_input_lines:152 - Adding input line: ntr=1,
2023-12-01 22:27:51.855-05:00 | DEBUG    | metalflare.simulation.amber.run:get_stage_input_lines:152 - Adding input line: restraint_wt=1.0,
2023-12-01 22:27:51.855-05:00 | DEBUG    | metalflare.simulation.amber.run:get_stage_input_lines:152 - Adding input line: restraintmask="!(:WAT) & (@C,CA,N,O,O5',P,O3',C3',C4',C5')",
2023-12-01 22:27:51.855-05:00 | DEBUG    | metalflare.simulation.amber.run:get_stage_input_lines:152 - Adding input line: ntb=1,
2023-12-01 22:27:51.855-05:00 | DEBUG    | metalflare.simulation.amber.run:get_stage_input_lines:152 - Adding input line: ntf=2,
2023-12-01 22:27:51.855-05:00 | DEBUG    | metalflare.simulation.amber.run:get_stage_input_lines:152 - Adding input line: ntc=2,
2023-12-01 22:27:51.855-05:00 | DEBUG    | metalflare.simulation.amber.run:get_stage_input_lines:152 - Adding input line: cut=10.0,
2023-12-01 22:27:51.855-05:00 | DEBUG    | metalflare.simulation.amber.run:get_stage_input_lines:152 - Adding input line: ntt=3,
2023-12-01 22:27:51.855-05:00 | DEBUG    | metalflare.simulation.amber.run:get_stage_input_lines:152 - Adding input line: tempi=100.0,
2023-12-01 22:27:51.855-05:00 | DEBUG    | metalflare.simulation.amber.run:get_stage_input_lines:152 - Adding input line: temp0=300.0,
2023-12-01 22:27:51.855-05:00 | DEBUG    | metalflare.simulation.amber.run:get_stage_input_lines:152 - Adding input line: gamma_ln=5.0,
2023-12-01 22:27:51.855-05:00 | DEBUG    | metalflare.simulation.amber.run:get_stage_input_lines:152 - Adding input line: ntp=0,
2023-12-01 22:27:51.855-05:00 | DEBUG    | metalflare.simulation.amber.run:get_stage_input_lines:152 - Adding input line: ntxo=2,
2023-12-01 22:27:51.855-05:00 | DEBUG    | metalflare.simulation.amber.run:get_stage_input_lines:152 - Adding input line: ntwr=500,
2023-12-01 22:27:51.855-05:00 | DEBUG    | metalflare.simulation.amber.run:get_stage_input_lines:152 - Adding input line: ntpr=500,
2023-12-01 22:27:51.855-05:00 | DEBUG    | metalflare.simulation.amber.run:get_stage_input_lines:152 - Adding input line: ntwx=500,
2023-12-01 22:27:51.855-05:00 | DEBUG    | metalflare.simulation.amber.run:get_stage_input_lines:152 - Adding input line: ioutfm=1,
2023-12-01 22:27:51.855-05:00 | DEBUG    | metalflare.simulation.amber.run:get_stage_input_lines:152 - Adding input line: iwrap=1,
2023-12-01 22:27:51.855-05:00 | INFO     | metalflare.simulation.amber.run:prepare_stage:205 - Writing input file at ../simulations/04-relax/inputs/05_relax_nvt_r.in
2023-12-01 22:27:51.855-05:00 | INFO     | metalflare.simulation.amber.run:prepare_stage:214 - Adding stage's amber command to run script
2023-12-01 22:27:51.855-05:00 | DEBUG    | metalflare.simulation.amber.run:get_stage_run_command:117 - Amber command: %s
2023-12-01 22:27:51.855-05:00 | DEBUG    | metalflare.simulation.contexts:update:164 - Updating context:
{'stage_name': '06_relax_npt_r', 'topo_path': '$SLURM_SUBMIT_DIR/inputs/mol.prmtop', 'ref_coord_path': '$SLURM_SUBMIT_DIR/inputs/mol.inpcrd', 'input_kwargs': {'irest': 1, 'ntx': 5, 'ig': -1, 'dt': 0.002, 'nstlim': 500000, 'nscm': 500, 'ntr': 1, 'restraint_wt': 0.5, 'restraintmask': "!(:WAT) & (@C,CA,N,O,O5',P,O3',C3',C4',C5')", 'ntb': 2, 'ntf': 2, 'ntc': 2, 'cut': 10.0, 'ntt': 3, 'temp0': 300.0, 'gamma_ln': 5.0, 'ntp': 1, 'barostat': 2, 'pres0': 1.01325, 'mcbarint': 100, 'comp': 44.6, 'taup': 1.0, 'ntxo': 2, 'ntwr': 5000, 'ntpr': 500, 'ntwx': 5000, 'ioutfm': 1, 'iwrap': 1}}
2023-12-01 22:27:51.855-05:00 | INFO     | metalflare.simulation.amber.run:prepare:238 - Preparing stage 1
2023-12-01 22:27:51.855-05:00 | INFO     | metalflare.simulation.amber.run:prepare_context:25 - Preparing context for Amber simulation
2023-12-01 22:27:51.856-05:00 | DEBUG    | metalflare.simulation.contexts:get:178 - Retrieved context:
{'ff_protein': 'ff19SB', 'ff_water': 'opc3', 'ff_dna': None, 'ff_rna': None, 'ff_glycam': None, 'ff_lipid': None, 'ff_small_molecule': None, 'ff_ions': 'ionslm_126_opc3', 'cation_identity': 'Na+', 'anion_identity': 'Cl-', 'system_charge': 0, 'neutralize_charge': True, 'extra_cations': 0, 'extra_anions': 0, 'solvent_ionic_strength': 0.15, 'solvent_padding': 10.0, 'verbosity': None, 'scratch_dir': None, 'compute_platform': 'cuda', 'cpu_cores': 8, 'input_kwargs': {'irest': 1, 'ntx': 5, 'ig': -1, 'dt': 0.002, 'nstlim': 500000, 'nscm': 500, 'ntr': 1, 'restraint_wt': 0.5, 'restraintmask': "!(:WAT) & (@C,CA,N,O,O5',P,O3',C3',C4',C5')", 'ntb': 2, 'ntf': 2, 'ntc': 2, 'cut': 10.0, 'ntt': 3, 'temp0': 300.0, 'gamma_ln': 5.0, 'ntp': 1, 'barostat': 2, 'pres0': 1.01325, 'mcbarint': 100, 'comp': 44.6, 'taup': 1.0, 'ntxo': 2, 'ntwr': 5000, 'ntpr': 500, 'ntwx': 5000, 'ioutfm': 1, 'iwrap': 1}, 'stage_name': '06_relax_npt_r', 'stages': [{'stage_name': '05_relax_nvt_r', 'topo_path': '$SLURM_SUBMIT_DIR/inputs/mol.prmtop', 'prev_restart_path': '$SLURM_SUBMIT_DIR/../03-min/outputs/04_min.rst', 'ref_coord_path': '$SLURM_SUBMIT_DIR/inputs/mol.inpcrd', 'input_kwargs': {'irest': 0, 'ntx': 1, 'ig': -1, 'dt': 0.002, 'nstlim': 10000, 'nscm': 500, 'ntr': 1, 'restraint_wt': 1.0, 'restraintmask': "!(:WAT) & (@C,CA,N,O,O5',P,O3',C3',C4',C5')", 'ntb': 1, 'ntf': 2, 'ntc': 2, 'cut': 10.0, 'ntt': 3, 'tempi': 100.0, 'temp0': 300.0, 'gamma_ln': 5.0, 'ntp': 0, 'ntxo': 2, 'ntwr': 500, 'ntpr': 500, 'ntwx': 500, 'ioutfm': 1, 'iwrap': 1}}, {'stage_name': '06_relax_npt_r', 'topo_path': '$SLURM_SUBMIT_DIR/inputs/mol.prmtop', 'ref_coord_path': '$SLURM_SUBMIT_DIR/inputs/mol.inpcrd', 'input_kwargs': {'irest': 1, 'ntx': 5, 'ig': -1, 'dt': 0.002, 'nstlim': 500000, 'nscm': 500, 'ntr': 1, 'restraint_wt': 0.5, 'restraintmask': "!(:WAT) & (@C,CA,N,O,O5',P,O3',C3',C4',C5')", 'ntb': 2, 'ntf': 2, 'ntc': 2, 'cut': 10.0, 'ntt': 3, 'temp0': 300.0, 'gamma_ln': 5.0, 'ntp': 1, 'barostat': 2, 'pres0': 1.01325, 'mcbarint': 100, 'comp': 44.6, 'taup': 1.0, 'ntxo': 2, 'ntwr': 5000, 'ntpr': 500, 'ntwx': 5000, 'ioutfm': 1, 'iwrap': 1}}, {'stage_name': '07_relax_npt', 'topo_path': '$SLURM_SUBMIT_DIR/inputs/mol.prmtop', 'ref_coord_path': '$SLURM_SUBMIT_DIR/inputs/mol.inpcrd', 'input_kwargs': {'irest': 1, 'ntx': 5, 'ig': -1, 'dt': 0.002, 'nstlim': 500000, 'nscm': 500, 'ntr': 0, 'ntb': 2, 'ntf': 2, 'ntc': 2, 'cut': 10.0, 'ntt': 3, 'temp0': 300.0, 'gamma_ln': 5.0, 'ntp': 1, 'barostat': 2, 'pres0': 1.01325, 'mcbarint': 100, 'comp': 44.6, 'taup': 1.0, 'ntxo': 2, 'ntwr': 5000, 'ntpr': 500, 'ntwx': 5000, 'ioutfm': 1, 'iwrap': 1}}], 'input_dir': '$SLURM_SUBMIT_DIR/inputs', 'input_path': '$SLURM_SUBMIT_DIR/inputs/05_relax_nvt_r.in', 'output_dir': '$SLURM_SUBMIT_DIR/outputs', 'output_path': '$SLURM_SUBMIT_DIR/outputs/05_relax_nvt_r.out', 'coord_path': '$SLURM_SUBMIT_DIR/outputs/05_relax_nvt_r.nc', 'topo_path': '$SLURM_SUBMIT_DIR/inputs/mol.prmtop', 'restart_path': '$SLURM_SUBMIT_DIR/outputs/05_relax_nvt_r.rst', 'prev_coordinate_path': None, 'prev_restart_path': '$SLURM_SUBMIT_DIR/outputs/05_relax_nvt_r.rst', 'ref_coord_path': '$SLURM_SUBMIT_DIR/inputs/mol.inpcrd', 'splits': 1, 'sbatch_options': {'job-name': 'metalflare/001/04-relax', 'nodes': 1, 'ntasks-per-node': 2, 'output': 'slurm-%j.out', 'error': 'slurm-%j.err', 'time': '6-00:00:00', 'cluster': 'gpu', 'partition': 'a100', 'gres': 'gpu:1', 'account': 'jdurrant'}, 'slurm_lines': ['', '# Load environment', 'module purge', 'module load gcc/8.2.0', 'module load openmpi/4.0.3', 'module load amber/22', '', 'chmod +x ./run.sh', './run.sh', '', 'touch CALC_DONE'], 'run_path': '../simulations/04-relax/run.sh', 'slurm_path': '../simulations/04-relax/submit.slurm', 'write': True, 'write_dir': '../simulations/04-relax/inputs', 'submit': False, 'yaml_path': '../simulations/base.yml', 'run_dir': '$SLURM_SUBMIT_DIR/outputs', 'mdinfo_path': '$SLURM_SUBMIT_DIR/outputs/05_relax_nvt_r.mdinfo', 'prev_coord_path': '$SLURM_SUBMIT_DIR/outputs/05_relax_nvt_r.nc'}
2023-12-01 22:27:51.856-05:00 | DEBUG    | metalflare.simulation.contexts:update:164 - Updating context:
{'ff_protein': 'ff19SB', 'ff_water': 'opc3', 'ff_dna': None, 'ff_rna': None, 'ff_glycam': None, 'ff_lipid': None, 'ff_small_molecule': None, 'ff_ions': 'ionslm_126_opc3', 'cation_identity': 'Na+', 'anion_identity': 'Cl-', 'system_charge': 0, 'neutralize_charge': True, 'extra_cations': 0, 'extra_anions': 0, 'solvent_ionic_strength': 0.15, 'solvent_padding': 10.0, 'verbosity': None, 'scratch_dir': None, 'compute_platform': 'cuda', 'cpu_cores': 8, 'input_kwargs': {'irest': 1, 'ntx': 5, 'ig': -1, 'dt': 0.002, 'nstlim': 500000, 'nscm': 500, 'ntr': 1, 'restraint_wt': 0.5, 'restraintmask': "!(:WAT) & (@C,CA,N,O,O5',P,O3',C3',C4',C5')", 'ntb': 2, 'ntf': 2, 'ntc': 2, 'cut': 10.0, 'ntt': 3, 'temp0': 300.0, 'gamma_ln': 5.0, 'ntp': 1, 'barostat': 2, 'pres0': 1.01325, 'mcbarint': 100, 'comp': 44.6, 'taup': 1.0, 'ntxo': 2, 'ntwr': 5000, 'ntpr': 500, 'ntwx': 5000, 'ioutfm': 1, 'iwrap': 1}, 'stage_name': '06_relax_npt_r', 'stages': [{'stage_name': '05_relax_nvt_r', 'topo_path': '$SLURM_SUBMIT_DIR/inputs/mol.prmtop', 'prev_restart_path': '$SLURM_SUBMIT_DIR/../03-min/outputs/04_min.rst', 'ref_coord_path': '$SLURM_SUBMIT_DIR/inputs/mol.inpcrd', 'input_kwargs': {'irest': 0, 'ntx': 1, 'ig': -1, 'dt': 0.002, 'nstlim': 10000, 'nscm': 500, 'ntr': 1, 'restraint_wt': 1.0, 'restraintmask': "!(:WAT) & (@C,CA,N,O,O5',P,O3',C3',C4',C5')", 'ntb': 1, 'ntf': 2, 'ntc': 2, 'cut': 10.0, 'ntt': 3, 'tempi': 100.0, 'temp0': 300.0, 'gamma_ln': 5.0, 'ntp': 0, 'ntxo': 2, 'ntwr': 500, 'ntpr': 500, 'ntwx': 500, 'ioutfm': 1, 'iwrap': 1}}, {'stage_name': '06_relax_npt_r', 'topo_path': '$SLURM_SUBMIT_DIR/inputs/mol.prmtop', 'ref_coord_path': '$SLURM_SUBMIT_DIR/inputs/mol.inpcrd', 'input_kwargs': {'irest': 1, 'ntx': 5, 'ig': -1, 'dt': 0.002, 'nstlim': 500000, 'nscm': 500, 'ntr': 1, 'restraint_wt': 0.5, 'restraintmask': "!(:WAT) & (@C,CA,N,O,O5',P,O3',C3',C4',C5')", 'ntb': 2, 'ntf': 2, 'ntc': 2, 'cut': 10.0, 'ntt': 3, 'temp0': 300.0, 'gamma_ln': 5.0, 'ntp': 1, 'barostat': 2, 'pres0': 1.01325, 'mcbarint': 100, 'comp': 44.6, 'taup': 1.0, 'ntxo': 2, 'ntwr': 5000, 'ntpr': 500, 'ntwx': 5000, 'ioutfm': 1, 'iwrap': 1}}, {'stage_name': '07_relax_npt', 'topo_path': '$SLURM_SUBMIT_DIR/inputs/mol.prmtop', 'ref_coord_path': '$SLURM_SUBMIT_DIR/inputs/mol.inpcrd', 'input_kwargs': {'irest': 1, 'ntx': 5, 'ig': -1, 'dt': 0.002, 'nstlim': 500000, 'nscm': 500, 'ntr': 0, 'ntb': 2, 'ntf': 2, 'ntc': 2, 'cut': 10.0, 'ntt': 3, 'temp0': 300.0, 'gamma_ln': 5.0, 'ntp': 1, 'barostat': 2, 'pres0': 1.01325, 'mcbarint': 100, 'comp': 44.6, 'taup': 1.0, 'ntxo': 2, 'ntwr': 5000, 'ntpr': 500, 'ntwx': 5000, 'ioutfm': 1, 'iwrap': 1}}], 'input_dir': '$SLURM_SUBMIT_DIR/inputs', 'input_path': '$SLURM_SUBMIT_DIR/inputs/06_relax_npt_r.in', 'output_dir': '$SLURM_SUBMIT_DIR/outputs', 'output_path': '$SLURM_SUBMIT_DIR/outputs/06_relax_npt_r.out', 'coord_path': '$SLURM_SUBMIT_DIR/outputs/06_relax_npt_r.nc', 'topo_path': '$SLURM_SUBMIT_DIR/inputs/mol.prmtop', 'restart_path': '$SLURM_SUBMIT_DIR/outputs/06_relax_npt_r.rst', 'prev_coordinate_path': None, 'prev_restart_path': '$SLURM_SUBMIT_DIR/outputs/05_relax_nvt_r.rst', 'ref_coord_path': '$SLURM_SUBMIT_DIR/inputs/mol.inpcrd', 'splits': 1, 'sbatch_options': {'job-name': 'metalflare/001/04-relax', 'nodes': 1, 'ntasks-per-node': 2, 'output': 'slurm-%j.out', 'error': 'slurm-%j.err', 'time': '6-00:00:00', 'cluster': 'gpu', 'partition': 'a100', 'gres': 'gpu:1', 'account': 'jdurrant'}, 'slurm_lines': ['', '# Load environment', 'module purge', 'module load gcc/8.2.0', 'module load openmpi/4.0.3', 'module load amber/22', '', 'chmod +x ./run.sh', './run.sh', '', 'touch CALC_DONE'], 'run_path': '../simulations/04-relax/run.sh', 'slurm_path': '../simulations/04-relax/submit.slurm', 'write': True, 'write_dir': '../simulations/04-relax/inputs', 'submit': False, 'yaml_path': '../simulations/base.yml', 'run_dir': '$SLURM_SUBMIT_DIR/outputs', 'mdinfo_path': '$SLURM_SUBMIT_DIR/outputs/06_relax_npt_r.mdinfo', 'prev_coord_path': '$SLURM_SUBMIT_DIR/outputs/05_relax_nvt_r.nc'}
2023-12-01 22:27:51.856-05:00 | INFO     | metalflare.simulation.contexts:validate:210 - Validating with: AmberContextValidator
2023-12-01 22:27:51.856-05:00 | DEBUG    | metalflare.simulation.contexts:get:178 - Retrieved context:
{'ff_protein': 'ff19SB', 'ff_water': 'opc3', 'ff_dna': None, 'ff_rna': None, 'ff_glycam': None, 'ff_lipid': None, 'ff_small_molecule': None, 'ff_ions': 'ionslm_126_opc3', 'cation_identity': 'Na+', 'anion_identity': 'Cl-', 'system_charge': 0, 'neutralize_charge': True, 'extra_cations': 0, 'extra_anions': 0, 'solvent_ionic_strength': 0.15, 'solvent_padding': 10.0, 'verbosity': None, 'scratch_dir': None, 'compute_platform': 'cuda', 'cpu_cores': 8, 'input_kwargs': {'irest': 1, 'ntx': 5, 'ig': -1, 'dt': 0.002, 'nstlim': 500000, 'nscm': 500, 'ntr': 1, 'restraint_wt': 0.5, 'restraintmask': "!(:WAT) & (@C,CA,N,O,O5',P,O3',C3',C4',C5')", 'ntb': 2, 'ntf': 2, 'ntc': 2, 'cut': 10.0, 'ntt': 3, 'temp0': 300.0, 'gamma_ln': 5.0, 'ntp': 1, 'barostat': 2, 'pres0': 1.01325, 'mcbarint': 100, 'comp': 44.6, 'taup': 1.0, 'ntxo': 2, 'ntwr': 5000, 'ntpr': 500, 'ntwx': 5000, 'ioutfm': 1, 'iwrap': 1}, 'stage_name': '06_relax_npt_r', 'stages': [{'stage_name': '05_relax_nvt_r', 'topo_path': '$SLURM_SUBMIT_DIR/inputs/mol.prmtop', 'prev_restart_path': '$SLURM_SUBMIT_DIR/../03-min/outputs/04_min.rst', 'ref_coord_path': '$SLURM_SUBMIT_DIR/inputs/mol.inpcrd', 'input_kwargs': {'irest': 0, 'ntx': 1, 'ig': -1, 'dt': 0.002, 'nstlim': 10000, 'nscm': 500, 'ntr': 1, 'restraint_wt': 1.0, 'restraintmask': "!(:WAT) & (@C,CA,N,O,O5',P,O3',C3',C4',C5')", 'ntb': 1, 'ntf': 2, 'ntc': 2, 'cut': 10.0, 'ntt': 3, 'tempi': 100.0, 'temp0': 300.0, 'gamma_ln': 5.0, 'ntp': 0, 'ntxo': 2, 'ntwr': 500, 'ntpr': 500, 'ntwx': 500, 'ioutfm': 1, 'iwrap': 1}}, {'stage_name': '06_relax_npt_r', 'topo_path': '$SLURM_SUBMIT_DIR/inputs/mol.prmtop', 'ref_coord_path': '$SLURM_SUBMIT_DIR/inputs/mol.inpcrd', 'input_kwargs': {'irest': 1, 'ntx': 5, 'ig': -1, 'dt': 0.002, 'nstlim': 500000, 'nscm': 500, 'ntr': 1, 'restraint_wt': 0.5, 'restraintmask': "!(:WAT) & (@C,CA,N,O,O5',P,O3',C3',C4',C5')", 'ntb': 2, 'ntf': 2, 'ntc': 2, 'cut': 10.0, 'ntt': 3, 'temp0': 300.0, 'gamma_ln': 5.0, 'ntp': 1, 'barostat': 2, 'pres0': 1.01325, 'mcbarint': 100, 'comp': 44.6, 'taup': 1.0, 'ntxo': 2, 'ntwr': 5000, 'ntpr': 500, 'ntwx': 5000, 'ioutfm': 1, 'iwrap': 1}}, {'stage_name': '07_relax_npt', 'topo_path': '$SLURM_SUBMIT_DIR/inputs/mol.prmtop', 'ref_coord_path': '$SLURM_SUBMIT_DIR/inputs/mol.inpcrd', 'input_kwargs': {'irest': 1, 'ntx': 5, 'ig': -1, 'dt': 0.002, 'nstlim': 500000, 'nscm': 500, 'ntr': 0, 'ntb': 2, 'ntf': 2, 'ntc': 2, 'cut': 10.0, 'ntt': 3, 'temp0': 300.0, 'gamma_ln': 5.0, 'ntp': 1, 'barostat': 2, 'pres0': 1.01325, 'mcbarint': 100, 'comp': 44.6, 'taup': 1.0, 'ntxo': 2, 'ntwr': 5000, 'ntpr': 500, 'ntwx': 5000, 'ioutfm': 1, 'iwrap': 1}}], 'input_dir': '$SLURM_SUBMIT_DIR/inputs', 'input_path': '$SLURM_SUBMIT_DIR/inputs/06_relax_npt_r.in', 'output_dir': '$SLURM_SUBMIT_DIR/outputs', 'output_path': '$SLURM_SUBMIT_DIR/outputs/06_relax_npt_r.out', 'coord_path': '$SLURM_SUBMIT_DIR/outputs/06_relax_npt_r.nc', 'topo_path': '$SLURM_SUBMIT_DIR/inputs/mol.prmtop', 'restart_path': '$SLURM_SUBMIT_DIR/outputs/06_relax_npt_r.rst', 'prev_coordinate_path': None, 'prev_restart_path': '$SLURM_SUBMIT_DIR/outputs/05_relax_nvt_r.rst', 'ref_coord_path': '$SLURM_SUBMIT_DIR/inputs/mol.inpcrd', 'splits': 1, 'sbatch_options': {'job-name': 'metalflare/001/04-relax', 'nodes': 1, 'ntasks-per-node': 2, 'output': 'slurm-%j.out', 'error': 'slurm-%j.err', 'time': '6-00:00:00', 'cluster': 'gpu', 'partition': 'a100', 'gres': 'gpu:1', 'account': 'jdurrant'}, 'slurm_lines': ['', '# Load environment', 'module purge', 'module load gcc/8.2.0', 'module load openmpi/4.0.3', 'module load amber/22', '', 'chmod +x ./run.sh', './run.sh', '', 'touch CALC_DONE'], 'run_path': '../simulations/04-relax/run.sh', 'slurm_path': '../simulations/04-relax/submit.slurm', 'write': True, 'write_dir': '../simulations/04-relax/inputs', 'submit': False, 'yaml_path': '../simulations/base.yml', 'run_dir': '$SLURM_SUBMIT_DIR/outputs', 'mdinfo_path': '$SLURM_SUBMIT_DIR/outputs/06_relax_npt_r.mdinfo', 'prev_coord_path': '$SLURM_SUBMIT_DIR/outputs/05_relax_nvt_r.nc'}
2023-12-01 22:27:51.856-05:00 | DEBUG    | metalflare.simulation.contexts:validate:219 - Checking ff_protein
2023-12-01 22:27:51.856-05:00 | DEBUG    | metalflare.simulation.contexts:validate:226 -   Valid: ff19SB
2023-12-01 22:27:51.856-05:00 | DEBUG    | metalflare.simulation.contexts:validate:219 - Checking ff_water
2023-12-01 22:27:51.856-05:00 | DEBUG    | metalflare.simulation.contexts:validate:226 -   Valid: opc3
2023-12-01 22:27:51.856-05:00 | DEBUG    | metalflare.simulation.contexts:validate:217 - Cannot check ff_dna
2023-12-01 22:27:51.856-05:00 | DEBUG    | metalflare.simulation.contexts:validate:217 - Cannot check ff_rna
2023-12-01 22:27:51.856-05:00 | DEBUG    | metalflare.simulation.contexts:validate:217 - Cannot check ff_glycam
2023-12-01 22:27:51.856-05:00 | DEBUG    | metalflare.simulation.contexts:validate:217 - Cannot check ff_lipid
2023-12-01 22:27:51.856-05:00 | DEBUG    | metalflare.simulation.contexts:validate:217 - Cannot check ff_small_molecule
2023-12-01 22:27:51.856-05:00 | DEBUG    | metalflare.simulation.contexts:validate:217 - Cannot check ff_ions
2023-12-01 22:27:51.856-05:00 | DEBUG    | metalflare.simulation.contexts:validate:217 - Cannot check cation_identity
2023-12-01 22:27:51.856-05:00 | DEBUG    | metalflare.simulation.contexts:validate:217 - Cannot check anion_identity
2023-12-01 22:27:51.856-05:00 | DEBUG    | metalflare.simulation.contexts:validate:217 - Cannot check system_charge
2023-12-01 22:27:51.856-05:00 | DEBUG    | metalflare.simulation.contexts:validate:217 - Cannot check neutralize_charge
2023-12-01 22:27:51.856-05:00 | DEBUG    | metalflare.simulation.contexts:validate:219 - Checking extra_cations
2023-12-01 22:27:51.856-05:00 | DEBUG    | metalflare.simulation.contexts:validate:233 -   Valid: 0
2023-12-01 22:27:51.856-05:00 | DEBUG    | metalflare.simulation.contexts:validate:219 - Checking extra_anions
2023-12-01 22:27:51.856-05:00 | DEBUG    | metalflare.simulation.contexts:validate:233 -   Valid: 0
2023-12-01 22:27:51.856-05:00 | DEBUG    | metalflare.simulation.contexts:validate:217 - Cannot check solvent_ionic_strength
2023-12-01 22:27:51.856-05:00 | DEBUG    | metalflare.simulation.contexts:validate:217 - Cannot check solvent_padding
2023-12-01 22:27:51.856-05:00 | DEBUG    | metalflare.simulation.contexts:validate:217 - Cannot check verbosity
2023-12-01 22:27:51.856-05:00 | DEBUG    | metalflare.simulation.contexts:validate:217 - Cannot check scratch_dir
2023-12-01 22:27:51.856-05:00 | DEBUG    | metalflare.simulation.contexts:validate:219 - Checking compute_platform
2023-12-01 22:27:51.856-05:00 | DEBUG    | metalflare.simulation.contexts:validate:226 -   Valid: cuda
2023-12-01 22:27:51.856-05:00 | DEBUG    | metalflare.simulation.contexts:validate:217 - Cannot check cpu_cores
2023-12-01 22:27:51.856-05:00 | DEBUG    | metalflare.simulation.contexts:validate:217 - Cannot check input_kwargs
2023-12-01 22:27:51.856-05:00 | DEBUG    | metalflare.simulation.contexts:validate:217 - Cannot check stage_name
2023-12-01 22:27:51.856-05:00 | DEBUG    | metalflare.simulation.contexts:validate:217 - Cannot check stages
2023-12-01 22:27:51.856-05:00 | DEBUG    | metalflare.simulation.contexts:validate:217 - Cannot check input_dir
2023-12-01 22:27:51.856-05:00 | DEBUG    | metalflare.simulation.contexts:validate:217 - Cannot check input_path
2023-12-01 22:27:51.856-05:00 | DEBUG    | metalflare.simulation.contexts:validate:217 - Cannot check output_dir
2023-12-01 22:27:51.856-05:00 | DEBUG    | metalflare.simulation.contexts:validate:217 - Cannot check output_path
2023-12-01 22:27:51.856-05:00 | DEBUG    | metalflare.simulation.contexts:validate:217 - Cannot check coord_path
2023-12-01 22:27:51.856-05:00 | DEBUG    | metalflare.simulation.contexts:validate:217 - Cannot check topo_path
2023-12-01 22:27:51.856-05:00 | DEBUG    | metalflare.simulation.contexts:validate:217 - Cannot check restart_path
2023-12-01 22:27:51.857-05:00 | DEBUG    | metalflare.simulation.contexts:validate:217 - Cannot check prev_coordinate_path
2023-12-01 22:27:51.857-05:00 | DEBUG    | metalflare.simulation.contexts:validate:217 - Cannot check prev_restart_path
2023-12-01 22:27:51.857-05:00 | DEBUG    | metalflare.simulation.contexts:validate:217 - Cannot check ref_coord_path
2023-12-01 22:27:51.857-05:00 | DEBUG    | metalflare.simulation.contexts:validate:219 - Checking splits
2023-12-01 22:27:51.857-05:00 | DEBUG    | metalflare.simulation.contexts:validate:233 -   Valid: 1
2023-12-01 22:27:51.857-05:00 | DEBUG    | metalflare.simulation.contexts:validate:217 - Cannot check sbatch_options
2023-12-01 22:27:51.857-05:00 | DEBUG    | metalflare.simulation.contexts:validate:217 - Cannot check slurm_lines
2023-12-01 22:27:51.857-05:00 | DEBUG    | metalflare.simulation.contexts:validate:217 - Cannot check run_path
2023-12-01 22:27:51.857-05:00 | DEBUG    | metalflare.simulation.contexts:validate:217 - Cannot check slurm_path
2023-12-01 22:27:51.857-05:00 | DEBUG    | metalflare.simulation.contexts:validate:219 - Checking write
2023-12-01 22:27:51.857-05:00 | DEBUG    | metalflare.simulation.contexts:validate:233 -   Valid: True
2023-12-01 22:27:51.857-05:00 | DEBUG    | metalflare.simulation.contexts:validate:217 - Cannot check write_dir
2023-12-01 22:27:51.857-05:00 | DEBUG    | metalflare.simulation.contexts:validate:217 - Cannot check submit
2023-12-01 22:27:51.857-05:00 | DEBUG    | metalflare.simulation.contexts:validate:217 - Cannot check yaml_path
2023-12-01 22:27:51.857-05:00 | DEBUG    | metalflare.simulation.contexts:validate:217 - Cannot check run_dir
2023-12-01 22:27:51.857-05:00 | DEBUG    | metalflare.simulation.contexts:validate:217 - Cannot check mdinfo_path
2023-12-01 22:27:51.857-05:00 | DEBUG    | metalflare.simulation.contexts:validate:217 - Cannot check prev_coord_path
2023-12-01 22:27:51.857-05:00 | DEBUG    | metalflare.simulation.contexts:get:178 - Retrieved context:
{'ff_protein': 'ff19SB', 'ff_water': 'opc3', 'ff_dna': None, 'ff_rna': None, 'ff_glycam': None, 'ff_lipid': None, 'ff_small_molecule': None, 'ff_ions': 'ionslm_126_opc3', 'cation_identity': 'Na+', 'anion_identity': 'Cl-', 'system_charge': 0, 'neutralize_charge': True, 'extra_cations': 0, 'extra_anions': 0, 'solvent_ionic_strength': 0.15, 'solvent_padding': 10.0, 'verbosity': None, 'scratch_dir': None, 'compute_platform': 'cuda', 'cpu_cores': 8, 'input_kwargs': {'irest': 1, 'ntx': 5, 'ig': -1, 'dt': 0.002, 'nstlim': 500000, 'nscm': 500, 'ntr': 1, 'restraint_wt': 0.5, 'restraintmask': "!(:WAT) & (@C,CA,N,O,O5',P,O3',C3',C4',C5')", 'ntb': 2, 'ntf': 2, 'ntc': 2, 'cut': 10.0, 'ntt': 3, 'temp0': 300.0, 'gamma_ln': 5.0, 'ntp': 1, 'barostat': 2, 'pres0': 1.01325, 'mcbarint': 100, 'comp': 44.6, 'taup': 1.0, 'ntxo': 2, 'ntwr': 5000, 'ntpr': 500, 'ntwx': 5000, 'ioutfm': 1, 'iwrap': 1}, 'stage_name': '06_relax_npt_r', 'stages': [{'stage_name': '05_relax_nvt_r', 'topo_path': '$SLURM_SUBMIT_DIR/inputs/mol.prmtop', 'prev_restart_path': '$SLURM_SUBMIT_DIR/../03-min/outputs/04_min.rst', 'ref_coord_path': '$SLURM_SUBMIT_DIR/inputs/mol.inpcrd', 'input_kwargs': {'irest': 0, 'ntx': 1, 'ig': -1, 'dt': 0.002, 'nstlim': 10000, 'nscm': 500, 'ntr': 1, 'restraint_wt': 1.0, 'restraintmask': "!(:WAT) & (@C,CA,N,O,O5',P,O3',C3',C4',C5')", 'ntb': 1, 'ntf': 2, 'ntc': 2, 'cut': 10.0, 'ntt': 3, 'tempi': 100.0, 'temp0': 300.0, 'gamma_ln': 5.0, 'ntp': 0, 'ntxo': 2, 'ntwr': 500, 'ntpr': 500, 'ntwx': 500, 'ioutfm': 1, 'iwrap': 1}}, {'stage_name': '06_relax_npt_r', 'topo_path': '$SLURM_SUBMIT_DIR/inputs/mol.prmtop', 'ref_coord_path': '$SLURM_SUBMIT_DIR/inputs/mol.inpcrd', 'input_kwargs': {'irest': 1, 'ntx': 5, 'ig': -1, 'dt': 0.002, 'nstlim': 500000, 'nscm': 500, 'ntr': 1, 'restraint_wt': 0.5, 'restraintmask': "!(:WAT) & (@C,CA,N,O,O5',P,O3',C3',C4',C5')", 'ntb': 2, 'ntf': 2, 'ntc': 2, 'cut': 10.0, 'ntt': 3, 'temp0': 300.0, 'gamma_ln': 5.0, 'ntp': 1, 'barostat': 2, 'pres0': 1.01325, 'mcbarint': 100, 'comp': 44.6, 'taup': 1.0, 'ntxo': 2, 'ntwr': 5000, 'ntpr': 500, 'ntwx': 5000, 'ioutfm': 1, 'iwrap': 1}}, {'stage_name': '07_relax_npt', 'topo_path': '$SLURM_SUBMIT_DIR/inputs/mol.prmtop', 'ref_coord_path': '$SLURM_SUBMIT_DIR/inputs/mol.inpcrd', 'input_kwargs': {'irest': 1, 'ntx': 5, 'ig': -1, 'dt': 0.002, 'nstlim': 500000, 'nscm': 500, 'ntr': 0, 'ntb': 2, 'ntf': 2, 'ntc': 2, 'cut': 10.0, 'ntt': 3, 'temp0': 300.0, 'gamma_ln': 5.0, 'ntp': 1, 'barostat': 2, 'pres0': 1.01325, 'mcbarint': 100, 'comp': 44.6, 'taup': 1.0, 'ntxo': 2, 'ntwr': 5000, 'ntpr': 500, 'ntwx': 5000, 'ioutfm': 1, 'iwrap': 1}}], 'input_dir': '$SLURM_SUBMIT_DIR/inputs', 'input_path': '$SLURM_SUBMIT_DIR/inputs/06_relax_npt_r.in', 'output_dir': '$SLURM_SUBMIT_DIR/outputs', 'output_path': '$SLURM_SUBMIT_DIR/outputs/06_relax_npt_r.out', 'coord_path': '$SLURM_SUBMIT_DIR/outputs/06_relax_npt_r.nc', 'topo_path': '$SLURM_SUBMIT_DIR/inputs/mol.prmtop', 'restart_path': '$SLURM_SUBMIT_DIR/outputs/06_relax_npt_r.rst', 'prev_coordinate_path': None, 'prev_restart_path': '$SLURM_SUBMIT_DIR/outputs/05_relax_nvt_r.rst', 'ref_coord_path': '$SLURM_SUBMIT_DIR/inputs/mol.inpcrd', 'splits': 1, 'sbatch_options': {'job-name': 'metalflare/001/04-relax', 'nodes': 1, 'ntasks-per-node': 2, 'output': 'slurm-%j.out', 'error': 'slurm-%j.err', 'time': '6-00:00:00', 'cluster': 'gpu', 'partition': 'a100', 'gres': 'gpu:1', 'account': 'jdurrant'}, 'slurm_lines': ['', '# Load environment', 'module purge', 'module load gcc/8.2.0', 'module load openmpi/4.0.3', 'module load amber/22', '', 'chmod +x ./run.sh', './run.sh', '', 'touch CALC_DONE'], 'run_path': '../simulations/04-relax/run.sh', 'slurm_path': '../simulations/04-relax/submit.slurm', 'write': True, 'write_dir': '../simulations/04-relax/inputs', 'submit': False, 'yaml_path': '../simulations/base.yml', 'run_dir': '$SLURM_SUBMIT_DIR/outputs', 'mdinfo_path': '$SLURM_SUBMIT_DIR/outputs/06_relax_npt_r.mdinfo', 'prev_coord_path': '$SLURM_SUBMIT_DIR/outputs/05_relax_nvt_r.nc'}
2023-12-01 22:27:51.857-05:00 | INFO     | metalflare.simulation.amber.run:get_stage_input_lines:146 - Preparing input lines for stage 06_relax_npt_r
2023-12-01 22:27:51.857-05:00 | DEBUG    | metalflare.simulation.amber.run:get_stage_input_lines:152 - Adding input line: irest=1,
2023-12-01 22:27:51.857-05:00 | DEBUG    | metalflare.simulation.amber.run:get_stage_input_lines:152 - Adding input line: ntx=5,
2023-12-01 22:27:51.857-05:00 | DEBUG    | metalflare.simulation.amber.run:get_stage_input_lines:152 - Adding input line: ig=-1,
2023-12-01 22:27:51.857-05:00 | DEBUG    | metalflare.simulation.amber.run:get_stage_input_lines:152 - Adding input line: dt=0.002,
2023-12-01 22:27:51.857-05:00 | DEBUG    | metalflare.simulation.amber.run:get_stage_input_lines:152 - Adding input line: nstlim=500000,
2023-12-01 22:27:51.857-05:00 | DEBUG    | metalflare.simulation.amber.run:get_stage_input_lines:152 - Adding input line: nscm=500,
2023-12-01 22:27:51.857-05:00 | DEBUG    | metalflare.simulation.amber.run:get_stage_input_lines:152 - Adding input line: ntr=1,
2023-12-01 22:27:51.857-05:00 | DEBUG    | metalflare.simulation.amber.run:get_stage_input_lines:152 - Adding input line: restraint_wt=0.5,
2023-12-01 22:27:51.857-05:00 | DEBUG    | metalflare.simulation.amber.run:get_stage_input_lines:152 - Adding input line: restraintmask="!(:WAT) & (@C,CA,N,O,O5',P,O3',C3',C4',C5')",
2023-12-01 22:27:51.857-05:00 | DEBUG    | metalflare.simulation.amber.run:get_stage_input_lines:152 - Adding input line: ntb=2,
2023-12-01 22:27:51.857-05:00 | DEBUG    | metalflare.simulation.amber.run:get_stage_input_lines:152 - Adding input line: ntf=2,
2023-12-01 22:27:51.857-05:00 | DEBUG    | metalflare.simulation.amber.run:get_stage_input_lines:152 - Adding input line: ntc=2,
2023-12-01 22:27:51.857-05:00 | DEBUG    | metalflare.simulation.amber.run:get_stage_input_lines:152 - Adding input line: cut=10.0,
2023-12-01 22:27:51.857-05:00 | DEBUG    | metalflare.simulation.amber.run:get_stage_input_lines:152 - Adding input line: ntt=3,
2023-12-01 22:27:51.857-05:00 | DEBUG    | metalflare.simulation.amber.run:get_stage_input_lines:152 - Adding input line: temp0=300.0,
2023-12-01 22:27:51.857-05:00 | DEBUG    | metalflare.simulation.amber.run:get_stage_input_lines:152 - Adding input line: gamma_ln=5.0,
2023-12-01 22:27:51.857-05:00 | DEBUG    | metalflare.simulation.amber.run:get_stage_input_lines:152 - Adding input line: ntp=1,
2023-12-01 22:27:51.857-05:00 | DEBUG    | metalflare.simulation.amber.run:get_stage_input_lines:152 - Adding input line: barostat=2,
2023-12-01 22:27:51.857-05:00 | DEBUG    | metalflare.simulation.amber.run:get_stage_input_lines:152 - Adding input line: pres0=1.01325,
2023-12-01 22:27:51.857-05:00 | DEBUG    | metalflare.simulation.amber.run:get_stage_input_lines:152 - Adding input line: mcbarint=100,
2023-12-01 22:27:51.857-05:00 | DEBUG    | metalflare.simulation.amber.run:get_stage_input_lines:152 - Adding input line: comp=44.6,
2023-12-01 22:27:51.857-05:00 | DEBUG    | metalflare.simulation.amber.run:get_stage_input_lines:152 - Adding input line: taup=1.0,
2023-12-01 22:27:51.857-05:00 | DEBUG    | metalflare.simulation.amber.run:get_stage_input_lines:152 - Adding input line: ntxo=2,
2023-12-01 22:27:51.858-05:00 | DEBUG    | metalflare.simulation.amber.run:get_stage_input_lines:152 - Adding input line: ntwr=5000,
2023-12-01 22:27:51.858-05:00 | DEBUG    | metalflare.simulation.amber.run:get_stage_input_lines:152 - Adding input line: ntpr=500,
2023-12-01 22:27:51.858-05:00 | DEBUG    | metalflare.simulation.amber.run:get_stage_input_lines:152 - Adding input line: ntwx=5000,
2023-12-01 22:27:51.858-05:00 | DEBUG    | metalflare.simulation.amber.run:get_stage_input_lines:152 - Adding input line: ioutfm=1,
2023-12-01 22:27:51.858-05:00 | DEBUG    | metalflare.simulation.amber.run:get_stage_input_lines:152 - Adding input line: iwrap=1,
2023-12-01 22:27:51.858-05:00 | INFO     | metalflare.simulation.amber.run:prepare_stage:205 - Writing input file at ../simulations/04-relax/inputs/06_relax_npt_r.in
2023-12-01 22:27:51.858-05:00 | INFO     | metalflare.simulation.amber.run:prepare_stage:214 - Adding stage's amber command to run script
2023-12-01 22:27:51.858-05:00 | DEBUG    | metalflare.simulation.amber.run:get_stage_run_command:117 - Amber command: %s
2023-12-01 22:27:51.858-05:00 | DEBUG    | metalflare.simulation.contexts:update:164 - Updating context:
{'stage_name': '07_relax_npt', 'topo_path': '$SLURM_SUBMIT_DIR/inputs/mol.prmtop', 'ref_coord_path': '$SLURM_SUBMIT_DIR/inputs/mol.inpcrd', 'input_kwargs': {'irest': 1, 'ntx': 5, 'ig': -1, 'dt': 0.002, 'nstlim': 500000, 'nscm': 500, 'ntr': 0, 'ntb': 2, 'ntf': 2, 'ntc': 2, 'cut': 10.0, 'ntt': 3, 'temp0': 300.0, 'gamma_ln': 5.0, 'ntp': 1, 'barostat': 2, 'pres0': 1.01325, 'mcbarint': 100, 'comp': 44.6, 'taup': 1.0, 'ntxo': 2, 'ntwr': 5000, 'ntpr': 500, 'ntwx': 5000, 'ioutfm': 1, 'iwrap': 1}}
2023-12-01 22:27:51.858-05:00 | INFO     | metalflare.simulation.amber.run:prepare:238 - Preparing stage 2
2023-12-01 22:27:51.858-05:00 | INFO     | metalflare.simulation.amber.run:prepare_context:25 - Preparing context for Amber simulation
2023-12-01 22:27:51.858-05:00 | DEBUG    | metalflare.simulation.contexts:get:178 - Retrieved context:
{'ff_protein': 'ff19SB', 'ff_water': 'opc3', 'ff_dna': None, 'ff_rna': None, 'ff_glycam': None, 'ff_lipid': None, 'ff_small_molecule': None, 'ff_ions': 'ionslm_126_opc3', 'cation_identity': 'Na+', 'anion_identity': 'Cl-', 'system_charge': 0, 'neutralize_charge': True, 'extra_cations': 0, 'extra_anions': 0, 'solvent_ionic_strength': 0.15, 'solvent_padding': 10.0, 'verbosity': None, 'scratch_dir': None, 'compute_platform': 'cuda', 'cpu_cores': 8, 'input_kwargs': {'irest': 1, 'ntx': 5, 'ig': -1, 'dt': 0.002, 'nstlim': 500000, 'nscm': 500, 'ntr': 0, 'ntb': 2, 'ntf': 2, 'ntc': 2, 'cut': 10.0, 'ntt': 3, 'temp0': 300.0, 'gamma_ln': 5.0, 'ntp': 1, 'barostat': 2, 'pres0': 1.01325, 'mcbarint': 100, 'comp': 44.6, 'taup': 1.0, 'ntxo': 2, 'ntwr': 5000, 'ntpr': 500, 'ntwx': 5000, 'ioutfm': 1, 'iwrap': 1}, 'stage_name': '07_relax_npt', 'stages': [{'stage_name': '05_relax_nvt_r', 'topo_path': '$SLURM_SUBMIT_DIR/inputs/mol.prmtop', 'prev_restart_path': '$SLURM_SUBMIT_DIR/../03-min/outputs/04_min.rst', 'ref_coord_path': '$SLURM_SUBMIT_DIR/inputs/mol.inpcrd', 'input_kwargs': {'irest': 0, 'ntx': 1, 'ig': -1, 'dt': 0.002, 'nstlim': 10000, 'nscm': 500, 'ntr': 1, 'restraint_wt': 1.0, 'restraintmask': "!(:WAT) & (@C,CA,N,O,O5',P,O3',C3',C4',C5')", 'ntb': 1, 'ntf': 2, 'ntc': 2, 'cut': 10.0, 'ntt': 3, 'tempi': 100.0, 'temp0': 300.0, 'gamma_ln': 5.0, 'ntp': 0, 'ntxo': 2, 'ntwr': 500, 'ntpr': 500, 'ntwx': 500, 'ioutfm': 1, 'iwrap': 1}}, {'stage_name': '06_relax_npt_r', 'topo_path': '$SLURM_SUBMIT_DIR/inputs/mol.prmtop', 'ref_coord_path': '$SLURM_SUBMIT_DIR/inputs/mol.inpcrd', 'input_kwargs': {'irest': 1, 'ntx': 5, 'ig': -1, 'dt': 0.002, 'nstlim': 500000, 'nscm': 500, 'ntr': 1, 'restraint_wt': 0.5, 'restraintmask': "!(:WAT) & (@C,CA,N,O,O5',P,O3',C3',C4',C5')", 'ntb': 2, 'ntf': 2, 'ntc': 2, 'cut': 10.0, 'ntt': 3, 'temp0': 300.0, 'gamma_ln': 5.0, 'ntp': 1, 'barostat': 2, 'pres0': 1.01325, 'mcbarint': 100, 'comp': 44.6, 'taup': 1.0, 'ntxo': 2, 'ntwr': 5000, 'ntpr': 500, 'ntwx': 5000, 'ioutfm': 1, 'iwrap': 1}}, {'stage_name': '07_relax_npt', 'topo_path': '$SLURM_SUBMIT_DIR/inputs/mol.prmtop', 'ref_coord_path': '$SLURM_SUBMIT_DIR/inputs/mol.inpcrd', 'input_kwargs': {'irest': 1, 'ntx': 5, 'ig': -1, 'dt': 0.002, 'nstlim': 500000, 'nscm': 500, 'ntr': 0, 'ntb': 2, 'ntf': 2, 'ntc': 2, 'cut': 10.0, 'ntt': 3, 'temp0': 300.0, 'gamma_ln': 5.0, 'ntp': 1, 'barostat': 2, 'pres0': 1.01325, 'mcbarint': 100, 'comp': 44.6, 'taup': 1.0, 'ntxo': 2, 'ntwr': 5000, 'ntpr': 500, 'ntwx': 5000, 'ioutfm': 1, 'iwrap': 1}}], 'input_dir': '$SLURM_SUBMIT_DIR/inputs', 'input_path': '$SLURM_SUBMIT_DIR/inputs/06_relax_npt_r.in', 'output_dir': '$SLURM_SUBMIT_DIR/outputs', 'output_path': '$SLURM_SUBMIT_DIR/outputs/06_relax_npt_r.out', 'coord_path': '$SLURM_SUBMIT_DIR/outputs/06_relax_npt_r.nc', 'topo_path': '$SLURM_SUBMIT_DIR/inputs/mol.prmtop', 'restart_path': '$SLURM_SUBMIT_DIR/outputs/06_relax_npt_r.rst', 'prev_coordinate_path': None, 'prev_restart_path': '$SLURM_SUBMIT_DIR/outputs/06_relax_npt_r.rst', 'ref_coord_path': '$SLURM_SUBMIT_DIR/inputs/mol.inpcrd', 'splits': 1, 'sbatch_options': {'job-name': 'metalflare/001/04-relax', 'nodes': 1, 'ntasks-per-node': 2, 'output': 'slurm-%j.out', 'error': 'slurm-%j.err', 'time': '6-00:00:00', 'cluster': 'gpu', 'partition': 'a100', 'gres': 'gpu:1', 'account': 'jdurrant'}, 'slurm_lines': ['', '# Load environment', 'module purge', 'module load gcc/8.2.0', 'module load openmpi/4.0.3', 'module load amber/22', '', 'chmod +x ./run.sh', './run.sh', '', 'touch CALC_DONE'], 'run_path': '../simulations/04-relax/run.sh', 'slurm_path': '../simulations/04-relax/submit.slurm', 'write': True, 'write_dir': '../simulations/04-relax/inputs', 'submit': False, 'yaml_path': '../simulations/base.yml', 'run_dir': '$SLURM_SUBMIT_DIR/outputs', 'mdinfo_path': '$SLURM_SUBMIT_DIR/outputs/06_relax_npt_r.mdinfo', 'prev_coord_path': '$SLURM_SUBMIT_DIR/outputs/06_relax_npt_r.nc'}
2023-12-01 22:27:51.858-05:00 | DEBUG    | metalflare.simulation.contexts:update:164 - Updating context:
{'ff_protein': 'ff19SB', 'ff_water': 'opc3', 'ff_dna': None, 'ff_rna': None, 'ff_glycam': None, 'ff_lipid': None, 'ff_small_molecule': None, 'ff_ions': 'ionslm_126_opc3', 'cation_identity': 'Na+', 'anion_identity': 'Cl-', 'system_charge': 0, 'neutralize_charge': True, 'extra_cations': 0, 'extra_anions': 0, 'solvent_ionic_strength': 0.15, 'solvent_padding': 10.0, 'verbosity': None, 'scratch_dir': None, 'compute_platform': 'cuda', 'cpu_cores': 8, 'input_kwargs': {'irest': 1, 'ntx': 5, 'ig': -1, 'dt': 0.002, 'nstlim': 500000, 'nscm': 500, 'ntr': 0, 'ntb': 2, 'ntf': 2, 'ntc': 2, 'cut': 10.0, 'ntt': 3, 'temp0': 300.0, 'gamma_ln': 5.0, 'ntp': 1, 'barostat': 2, 'pres0': 1.01325, 'mcbarint': 100, 'comp': 44.6, 'taup': 1.0, 'ntxo': 2, 'ntwr': 5000, 'ntpr': 500, 'ntwx': 5000, 'ioutfm': 1, 'iwrap': 1}, 'stage_name': '07_relax_npt', 'stages': [{'stage_name': '05_relax_nvt_r', 'topo_path': '$SLURM_SUBMIT_DIR/inputs/mol.prmtop', 'prev_restart_path': '$SLURM_SUBMIT_DIR/../03-min/outputs/04_min.rst', 'ref_coord_path': '$SLURM_SUBMIT_DIR/inputs/mol.inpcrd', 'input_kwargs': {'irest': 0, 'ntx': 1, 'ig': -1, 'dt': 0.002, 'nstlim': 10000, 'nscm': 500, 'ntr': 1, 'restraint_wt': 1.0, 'restraintmask': "!(:WAT) & (@C,CA,N,O,O5',P,O3',C3',C4',C5')", 'ntb': 1, 'ntf': 2, 'ntc': 2, 'cut': 10.0, 'ntt': 3, 'tempi': 100.0, 'temp0': 300.0, 'gamma_ln': 5.0, 'ntp': 0, 'ntxo': 2, 'ntwr': 500, 'ntpr': 500, 'ntwx': 500, 'ioutfm': 1, 'iwrap': 1}}, {'stage_name': '06_relax_npt_r', 'topo_path': '$SLURM_SUBMIT_DIR/inputs/mol.prmtop', 'ref_coord_path': '$SLURM_SUBMIT_DIR/inputs/mol.inpcrd', 'input_kwargs': {'irest': 1, 'ntx': 5, 'ig': -1, 'dt': 0.002, 'nstlim': 500000, 'nscm': 500, 'ntr': 1, 'restraint_wt': 0.5, 'restraintmask': "!(:WAT) & (@C,CA,N,O,O5',P,O3',C3',C4',C5')", 'ntb': 2, 'ntf': 2, 'ntc': 2, 'cut': 10.0, 'ntt': 3, 'temp0': 300.0, 'gamma_ln': 5.0, 'ntp': 1, 'barostat': 2, 'pres0': 1.01325, 'mcbarint': 100, 'comp': 44.6, 'taup': 1.0, 'ntxo': 2, 'ntwr': 5000, 'ntpr': 500, 'ntwx': 5000, 'ioutfm': 1, 'iwrap': 1}}, {'stage_name': '07_relax_npt', 'topo_path': '$SLURM_SUBMIT_DIR/inputs/mol.prmtop', 'ref_coord_path': '$SLURM_SUBMIT_DIR/inputs/mol.inpcrd', 'input_kwargs': {'irest': 1, 'ntx': 5, 'ig': -1, 'dt': 0.002, 'nstlim': 500000, 'nscm': 500, 'ntr': 0, 'ntb': 2, 'ntf': 2, 'ntc': 2, 'cut': 10.0, 'ntt': 3, 'temp0': 300.0, 'gamma_ln': 5.0, 'ntp': 1, 'barostat': 2, 'pres0': 1.01325, 'mcbarint': 100, 'comp': 44.6, 'taup': 1.0, 'ntxo': 2, 'ntwr': 5000, 'ntpr': 500, 'ntwx': 5000, 'ioutfm': 1, 'iwrap': 1}}], 'input_dir': '$SLURM_SUBMIT_DIR/inputs', 'input_path': '$SLURM_SUBMIT_DIR/inputs/07_relax_npt.in', 'output_dir': '$SLURM_SUBMIT_DIR/outputs', 'output_path': '$SLURM_SUBMIT_DIR/outputs/07_relax_npt.out', 'coord_path': '$SLURM_SUBMIT_DIR/outputs/07_relax_npt.nc', 'topo_path': '$SLURM_SUBMIT_DIR/inputs/mol.prmtop', 'restart_path': '$SLURM_SUBMIT_DIR/outputs/07_relax_npt.rst', 'prev_coordinate_path': None, 'prev_restart_path': '$SLURM_SUBMIT_DIR/outputs/06_relax_npt_r.rst', 'ref_coord_path': '$SLURM_SUBMIT_DIR/inputs/mol.inpcrd', 'splits': 1, 'sbatch_options': {'job-name': 'metalflare/001/04-relax', 'nodes': 1, 'ntasks-per-node': 2, 'output': 'slurm-%j.out', 'error': 'slurm-%j.err', 'time': '6-00:00:00', 'cluster': 'gpu', 'partition': 'a100', 'gres': 'gpu:1', 'account': 'jdurrant'}, 'slurm_lines': ['', '# Load environment', 'module purge', 'module load gcc/8.2.0', 'module load openmpi/4.0.3', 'module load amber/22', '', 'chmod +x ./run.sh', './run.sh', '', 'touch CALC_DONE'], 'run_path': '../simulations/04-relax/run.sh', 'slurm_path': '../simulations/04-relax/submit.slurm', 'write': True, 'write_dir': '../simulations/04-relax/inputs', 'submit': False, 'yaml_path': '../simulations/base.yml', 'run_dir': '$SLURM_SUBMIT_DIR/outputs', 'mdinfo_path': '$SLURM_SUBMIT_DIR/outputs/07_relax_npt.mdinfo', 'prev_coord_path': '$SLURM_SUBMIT_DIR/outputs/06_relax_npt_r.nc'}
2023-12-01 22:27:51.858-05:00 | INFO     | metalflare.simulation.contexts:validate:210 - Validating with: AmberContextValidator
2023-12-01 22:27:51.858-05:00 | DEBUG    | metalflare.simulation.contexts:get:178 - Retrieved context:
{'ff_protein': 'ff19SB', 'ff_water': 'opc3', 'ff_dna': None, 'ff_rna': None, 'ff_glycam': None, 'ff_lipid': None, 'ff_small_molecule': None, 'ff_ions': 'ionslm_126_opc3', 'cation_identity': 'Na+', 'anion_identity': 'Cl-', 'system_charge': 0, 'neutralize_charge': True, 'extra_cations': 0, 'extra_anions': 0, 'solvent_ionic_strength': 0.15, 'solvent_padding': 10.0, 'verbosity': None, 'scratch_dir': None, 'compute_platform': 'cuda', 'cpu_cores': 8, 'input_kwargs': {'irest': 1, 'ntx': 5, 'ig': -1, 'dt': 0.002, 'nstlim': 500000, 'nscm': 500, 'ntr': 0, 'ntb': 2, 'ntf': 2, 'ntc': 2, 'cut': 10.0, 'ntt': 3, 'temp0': 300.0, 'gamma_ln': 5.0, 'ntp': 1, 'barostat': 2, 'pres0': 1.01325, 'mcbarint': 100, 'comp': 44.6, 'taup': 1.0, 'ntxo': 2, 'ntwr': 5000, 'ntpr': 500, 'ntwx': 5000, 'ioutfm': 1, 'iwrap': 1}, 'stage_name': '07_relax_npt', 'stages': [{'stage_name': '05_relax_nvt_r', 'topo_path': '$SLURM_SUBMIT_DIR/inputs/mol.prmtop', 'prev_restart_path': '$SLURM_SUBMIT_DIR/../03-min/outputs/04_min.rst', 'ref_coord_path': '$SLURM_SUBMIT_DIR/inputs/mol.inpcrd', 'input_kwargs': {'irest': 0, 'ntx': 1, 'ig': -1, 'dt': 0.002, 'nstlim': 10000, 'nscm': 500, 'ntr': 1, 'restraint_wt': 1.0, 'restraintmask': "!(:WAT) & (@C,CA,N,O,O5',P,O3',C3',C4',C5')", 'ntb': 1, 'ntf': 2, 'ntc': 2, 'cut': 10.0, 'ntt': 3, 'tempi': 100.0, 'temp0': 300.0, 'gamma_ln': 5.0, 'ntp': 0, 'ntxo': 2, 'ntwr': 500, 'ntpr': 500, 'ntwx': 500, 'ioutfm': 1, 'iwrap': 1}}, {'stage_name': '06_relax_npt_r', 'topo_path': '$SLURM_SUBMIT_DIR/inputs/mol.prmtop', 'ref_coord_path': '$SLURM_SUBMIT_DIR/inputs/mol.inpcrd', 'input_kwargs': {'irest': 1, 'ntx': 5, 'ig': -1, 'dt': 0.002, 'nstlim': 500000, 'nscm': 500, 'ntr': 1, 'restraint_wt': 0.5, 'restraintmask': "!(:WAT) & (@C,CA,N,O,O5',P,O3',C3',C4',C5')", 'ntb': 2, 'ntf': 2, 'ntc': 2, 'cut': 10.0, 'ntt': 3, 'temp0': 300.0, 'gamma_ln': 5.0, 'ntp': 1, 'barostat': 2, 'pres0': 1.01325, 'mcbarint': 100, 'comp': 44.6, 'taup': 1.0, 'ntxo': 2, 'ntwr': 5000, 'ntpr': 500, 'ntwx': 5000, 'ioutfm': 1, 'iwrap': 1}}, {'stage_name': '07_relax_npt', 'topo_path': '$SLURM_SUBMIT_DIR/inputs/mol.prmtop', 'ref_coord_path': '$SLURM_SUBMIT_DIR/inputs/mol.inpcrd', 'input_kwargs': {'irest': 1, 'ntx': 5, 'ig': -1, 'dt': 0.002, 'nstlim': 500000, 'nscm': 500, 'ntr': 0, 'ntb': 2, 'ntf': 2, 'ntc': 2, 'cut': 10.0, 'ntt': 3, 'temp0': 300.0, 'gamma_ln': 5.0, 'ntp': 1, 'barostat': 2, 'pres0': 1.01325, 'mcbarint': 100, 'comp': 44.6, 'taup': 1.0, 'ntxo': 2, 'ntwr': 5000, 'ntpr': 500, 'ntwx': 5000, 'ioutfm': 1, 'iwrap': 1}}], 'input_dir': '$SLURM_SUBMIT_DIR/inputs', 'input_path': '$SLURM_SUBMIT_DIR/inputs/07_relax_npt.in', 'output_dir': '$SLURM_SUBMIT_DIR/outputs', 'output_path': '$SLURM_SUBMIT_DIR/outputs/07_relax_npt.out', 'coord_path': '$SLURM_SUBMIT_DIR/outputs/07_relax_npt.nc', 'topo_path': '$SLURM_SUBMIT_DIR/inputs/mol.prmtop', 'restart_path': '$SLURM_SUBMIT_DIR/outputs/07_relax_npt.rst', 'prev_coordinate_path': None, 'prev_restart_path': '$SLURM_SUBMIT_DIR/outputs/06_relax_npt_r.rst', 'ref_coord_path': '$SLURM_SUBMIT_DIR/inputs/mol.inpcrd', 'splits': 1, 'sbatch_options': {'job-name': 'metalflare/001/04-relax', 'nodes': 1, 'ntasks-per-node': 2, 'output': 'slurm-%j.out', 'error': 'slurm-%j.err', 'time': '6-00:00:00', 'cluster': 'gpu', 'partition': 'a100', 'gres': 'gpu:1', 'account': 'jdurrant'}, 'slurm_lines': ['', '# Load environment', 'module purge', 'module load gcc/8.2.0', 'module load openmpi/4.0.3', 'module load amber/22', '', 'chmod +x ./run.sh', './run.sh', '', 'touch CALC_DONE'], 'run_path': '../simulations/04-relax/run.sh', 'slurm_path': '../simulations/04-relax/submit.slurm', 'write': True, 'write_dir': '../simulations/04-relax/inputs', 'submit': False, 'yaml_path': '../simulations/base.yml', 'run_dir': '$SLURM_SUBMIT_DIR/outputs', 'mdinfo_path': '$SLURM_SUBMIT_DIR/outputs/07_relax_npt.mdinfo', 'prev_coord_path': '$SLURM_SUBMIT_DIR/outputs/06_relax_npt_r.nc'}
2023-12-01 22:27:51.858-05:00 | DEBUG    | metalflare.simulation.contexts:validate:219 - Checking ff_protein
2023-12-01 22:27:51.858-05:00 | DEBUG    | metalflare.simulation.contexts:validate:226 -   Valid: ff19SB
2023-12-01 22:27:51.858-05:00 | DEBUG    | metalflare.simulation.contexts:validate:219 - Checking ff_water
2023-12-01 22:27:51.858-05:00 | DEBUG    | metalflare.simulation.contexts:validate:226 -   Valid: opc3
2023-12-01 22:27:51.858-05:00 | DEBUG    | metalflare.simulation.contexts:validate:217 - Cannot check ff_dna
2023-12-01 22:27:51.858-05:00 | DEBUG    | metalflare.simulation.contexts:validate:217 - Cannot check ff_rna
2023-12-01 22:27:51.858-05:00 | DEBUG    | metalflare.simulation.contexts:validate:217 - Cannot check ff_glycam
2023-12-01 22:27:51.858-05:00 | DEBUG    | metalflare.simulation.contexts:validate:217 - Cannot check ff_lipid
2023-12-01 22:27:51.858-05:00 | DEBUG    | metalflare.simulation.contexts:validate:217 - Cannot check ff_small_molecule
2023-12-01 22:27:51.858-05:00 | DEBUG    | metalflare.simulation.contexts:validate:217 - Cannot check ff_ions
2023-12-01 22:27:51.858-05:00 | DEBUG    | metalflare.simulation.contexts:validate:217 - Cannot check cation_identity
2023-12-01 22:27:51.858-05:00 | DEBUG    | metalflare.simulation.contexts:validate:217 - Cannot check anion_identity
2023-12-01 22:27:51.858-05:00 | DEBUG    | metalflare.simulation.contexts:validate:217 - Cannot check system_charge
2023-12-01 22:27:51.858-05:00 | DEBUG    | metalflare.simulation.contexts:validate:217 - Cannot check neutralize_charge
2023-12-01 22:27:51.858-05:00 | DEBUG    | metalflare.simulation.contexts:validate:219 - Checking extra_cations
2023-12-01 22:27:51.858-05:00 | DEBUG    | metalflare.simulation.contexts:validate:233 -   Valid: 0
2023-12-01 22:27:51.858-05:00 | DEBUG    | metalflare.simulation.contexts:validate:219 - Checking extra_anions
2023-12-01 22:27:51.858-05:00 | DEBUG    | metalflare.simulation.contexts:validate:233 -   Valid: 0
2023-12-01 22:27:51.858-05:00 | DEBUG    | metalflare.simulation.contexts:validate:217 - Cannot check solvent_ionic_strength
2023-12-01 22:27:51.858-05:00 | DEBUG    | metalflare.simulation.contexts:validate:217 - Cannot check solvent_padding
2023-12-01 22:27:51.858-05:00 | DEBUG    | metalflare.simulation.contexts:validate:217 - Cannot check verbosity
2023-12-01 22:27:51.859-05:00 | DEBUG    | metalflare.simulation.contexts:validate:217 - Cannot check scratch_dir
2023-12-01 22:27:51.859-05:00 | DEBUG    | metalflare.simulation.contexts:validate:219 - Checking compute_platform
2023-12-01 22:27:51.859-05:00 | DEBUG    | metalflare.simulation.contexts:validate:226 -   Valid: cuda
2023-12-01 22:27:51.859-05:00 | DEBUG    | metalflare.simulation.contexts:validate:217 - Cannot check cpu_cores
2023-12-01 22:27:51.859-05:00 | DEBUG    | metalflare.simulation.contexts:validate:217 - Cannot check input_kwargs
2023-12-01 22:27:51.859-05:00 | DEBUG    | metalflare.simulation.contexts:validate:217 - Cannot check stage_name
2023-12-01 22:27:51.859-05:00 | DEBUG    | metalflare.simulation.contexts:validate:217 - Cannot check stages
2023-12-01 22:27:51.859-05:00 | DEBUG    | metalflare.simulation.contexts:validate:217 - Cannot check input_dir
2023-12-01 22:27:51.859-05:00 | DEBUG    | metalflare.simulation.contexts:validate:217 - Cannot check input_path
2023-12-01 22:27:51.859-05:00 | DEBUG    | metalflare.simulation.contexts:validate:217 - Cannot check output_dir
2023-12-01 22:27:51.859-05:00 | DEBUG    | metalflare.simulation.contexts:validate:217 - Cannot check output_path
2023-12-01 22:27:51.859-05:00 | DEBUG    | metalflare.simulation.contexts:validate:217 - Cannot check coord_path
2023-12-01 22:27:51.859-05:00 | DEBUG    | metalflare.simulation.contexts:validate:217 - Cannot check topo_path
2023-12-01 22:27:51.859-05:00 | DEBUG    | metalflare.simulation.contexts:validate:217 - Cannot check restart_path
2023-12-01 22:27:51.859-05:00 | DEBUG    | metalflare.simulation.contexts:validate:217 - Cannot check prev_coordinate_path
2023-12-01 22:27:51.859-05:00 | DEBUG    | metalflare.simulation.contexts:validate:217 - Cannot check prev_restart_path
2023-12-01 22:27:51.859-05:00 | DEBUG    | metalflare.simulation.contexts:validate:217 - Cannot check ref_coord_path
2023-12-01 22:27:51.859-05:00 | DEBUG    | metalflare.simulation.contexts:validate:219 - Checking splits
2023-12-01 22:27:51.859-05:00 | DEBUG    | metalflare.simulation.contexts:validate:233 -   Valid: 1
2023-12-01 22:27:51.859-05:00 | DEBUG    | metalflare.simulation.contexts:validate:217 - Cannot check sbatch_options
2023-12-01 22:27:51.859-05:00 | DEBUG    | metalflare.simulation.contexts:validate:217 - Cannot check slurm_lines
2023-12-01 22:27:51.859-05:00 | DEBUG    | metalflare.simulation.contexts:validate:217 - Cannot check run_path
2023-12-01 22:27:51.859-05:00 | DEBUG    | metalflare.simulation.contexts:validate:217 - Cannot check slurm_path
2023-12-01 22:27:51.859-05:00 | DEBUG    | metalflare.simulation.contexts:validate:219 - Checking write
2023-12-01 22:27:51.859-05:00 | DEBUG    | metalflare.simulation.contexts:validate:233 -   Valid: True
2023-12-01 22:27:51.859-05:00 | DEBUG    | metalflare.simulation.contexts:validate:217 - Cannot check write_dir
2023-12-01 22:27:51.859-05:00 | DEBUG    | metalflare.simulation.contexts:validate:217 - Cannot check submit
2023-12-01 22:27:51.859-05:00 | DEBUG    | metalflare.simulation.contexts:validate:217 - Cannot check yaml_path
2023-12-01 22:27:51.859-05:00 | DEBUG    | metalflare.simulation.contexts:validate:217 - Cannot check run_dir
2023-12-01 22:27:51.859-05:00 | DEBUG    | metalflare.simulation.contexts:validate:217 - Cannot check mdinfo_path
2023-12-01 22:27:51.859-05:00 | DEBUG    | metalflare.simulation.contexts:validate:217 - Cannot check prev_coord_path
2023-12-01 22:27:51.859-05:00 | DEBUG    | metalflare.simulation.contexts:get:178 - Retrieved context:
{'ff_protein': 'ff19SB', 'ff_water': 'opc3', 'ff_dna': None, 'ff_rna': None, 'ff_glycam': None, 'ff_lipid': None, 'ff_small_molecule': None, 'ff_ions': 'ionslm_126_opc3', 'cation_identity': 'Na+', 'anion_identity': 'Cl-', 'system_charge': 0, 'neutralize_charge': True, 'extra_cations': 0, 'extra_anions': 0, 'solvent_ionic_strength': 0.15, 'solvent_padding': 10.0, 'verbosity': None, 'scratch_dir': None, 'compute_platform': 'cuda', 'cpu_cores': 8, 'input_kwargs': {'irest': 1, 'ntx': 5, 'ig': -1, 'dt': 0.002, 'nstlim': 500000, 'nscm': 500, 'ntr': 0, 'ntb': 2, 'ntf': 2, 'ntc': 2, 'cut': 10.0, 'ntt': 3, 'temp0': 300.0, 'gamma_ln': 5.0, 'ntp': 1, 'barostat': 2, 'pres0': 1.01325, 'mcbarint': 100, 'comp': 44.6, 'taup': 1.0, 'ntxo': 2, 'ntwr': 5000, 'ntpr': 500, 'ntwx': 5000, 'ioutfm': 1, 'iwrap': 1}, 'stage_name': '07_relax_npt', 'stages': [{'stage_name': '05_relax_nvt_r', 'topo_path': '$SLURM_SUBMIT_DIR/inputs/mol.prmtop', 'prev_restart_path': '$SLURM_SUBMIT_DIR/../03-min/outputs/04_min.rst', 'ref_coord_path': '$SLURM_SUBMIT_DIR/inputs/mol.inpcrd', 'input_kwargs': {'irest': 0, 'ntx': 1, 'ig': -1, 'dt': 0.002, 'nstlim': 10000, 'nscm': 500, 'ntr': 1, 'restraint_wt': 1.0, 'restraintmask': "!(:WAT) & (@C,CA,N,O,O5',P,O3',C3',C4',C5')", 'ntb': 1, 'ntf': 2, 'ntc': 2, 'cut': 10.0, 'ntt': 3, 'tempi': 100.0, 'temp0': 300.0, 'gamma_ln': 5.0, 'ntp': 0, 'ntxo': 2, 'ntwr': 500, 'ntpr': 500, 'ntwx': 500, 'ioutfm': 1, 'iwrap': 1}}, {'stage_name': '06_relax_npt_r', 'topo_path': '$SLURM_SUBMIT_DIR/inputs/mol.prmtop', 'ref_coord_path': '$SLURM_SUBMIT_DIR/inputs/mol.inpcrd', 'input_kwargs': {'irest': 1, 'ntx': 5, 'ig': -1, 'dt': 0.002, 'nstlim': 500000, 'nscm': 500, 'ntr': 1, 'restraint_wt': 0.5, 'restraintmask': "!(:WAT) & (@C,CA,N,O,O5',P,O3',C3',C4',C5')", 'ntb': 2, 'ntf': 2, 'ntc': 2, 'cut': 10.0, 'ntt': 3, 'temp0': 300.0, 'gamma_ln': 5.0, 'ntp': 1, 'barostat': 2, 'pres0': 1.01325, 'mcbarint': 100, 'comp': 44.6, 'taup': 1.0, 'ntxo': 2, 'ntwr': 5000, 'ntpr': 500, 'ntwx': 5000, 'ioutfm': 1, 'iwrap': 1}}, {'stage_name': '07_relax_npt', 'topo_path': '$SLURM_SUBMIT_DIR/inputs/mol.prmtop', 'ref_coord_path': '$SLURM_SUBMIT_DIR/inputs/mol.inpcrd', 'input_kwargs': {'irest': 1, 'ntx': 5, 'ig': -1, 'dt': 0.002, 'nstlim': 500000, 'nscm': 500, 'ntr': 0, 'ntb': 2, 'ntf': 2, 'ntc': 2, 'cut': 10.0, 'ntt': 3, 'temp0': 300.0, 'gamma_ln': 5.0, 'ntp': 1, 'barostat': 2, 'pres0': 1.01325, 'mcbarint': 100, 'comp': 44.6, 'taup': 1.0, 'ntxo': 2, 'ntwr': 5000, 'ntpr': 500, 'ntwx': 5000, 'ioutfm': 1, 'iwrap': 1}}], 'input_dir': '$SLURM_SUBMIT_DIR/inputs', 'input_path': '$SLURM_SUBMIT_DIR/inputs/07_relax_npt.in', 'output_dir': '$SLURM_SUBMIT_DIR/outputs', 'output_path': '$SLURM_SUBMIT_DIR/outputs/07_relax_npt.out', 'coord_path': '$SLURM_SUBMIT_DIR/outputs/07_relax_npt.nc', 'topo_path': '$SLURM_SUBMIT_DIR/inputs/mol.prmtop', 'restart_path': '$SLURM_SUBMIT_DIR/outputs/07_relax_npt.rst', 'prev_coordinate_path': None, 'prev_restart_path': '$SLURM_SUBMIT_DIR/outputs/06_relax_npt_r.rst', 'ref_coord_path': '$SLURM_SUBMIT_DIR/inputs/mol.inpcrd', 'splits': 1, 'sbatch_options': {'job-name': 'metalflare/001/04-relax', 'nodes': 1, 'ntasks-per-node': 2, 'output': 'slurm-%j.out', 'error': 'slurm-%j.err', 'time': '6-00:00:00', 'cluster': 'gpu', 'partition': 'a100', 'gres': 'gpu:1', 'account': 'jdurrant'}, 'slurm_lines': ['', '# Load environment', 'module purge', 'module load gcc/8.2.0', 'module load openmpi/4.0.3', 'module load amber/22', '', 'chmod +x ./run.sh', './run.sh', '', 'touch CALC_DONE'], 'run_path': '../simulations/04-relax/run.sh', 'slurm_path': '../simulations/04-relax/submit.slurm', 'write': True, 'write_dir': '../simulations/04-relax/inputs', 'submit': False, 'yaml_path': '../simulations/base.yml', 'run_dir': '$SLURM_SUBMIT_DIR/outputs', 'mdinfo_path': '$SLURM_SUBMIT_DIR/outputs/07_relax_npt.mdinfo', 'prev_coord_path': '$SLURM_SUBMIT_DIR/outputs/06_relax_npt_r.nc'}
2023-12-01 22:27:51.859-05:00 | INFO     | metalflare.simulation.amber.run:get_stage_input_lines:146 - Preparing input lines for stage 07_relax_npt
2023-12-01 22:27:51.859-05:00 | DEBUG    | metalflare.simulation.amber.run:get_stage_input_lines:152 - Adding input line: irest=1,
2023-12-01 22:27:51.859-05:00 | DEBUG    | metalflare.simulation.amber.run:get_stage_input_lines:152 - Adding input line: ntx=5,
2023-12-01 22:27:51.859-05:00 | DEBUG    | metalflare.simulation.amber.run:get_stage_input_lines:152 - Adding input line: ig=-1,
2023-12-01 22:27:51.859-05:00 | DEBUG    | metalflare.simulation.amber.run:get_stage_input_lines:152 - Adding input line: dt=0.002,
2023-12-01 22:27:51.859-05:00 | DEBUG    | metalflare.simulation.amber.run:get_stage_input_lines:152 - Adding input line: nstlim=500000,
2023-12-01 22:27:51.859-05:00 | DEBUG    | metalflare.simulation.amber.run:get_stage_input_lines:152 - Adding input line: nscm=500,
2023-12-01 22:27:51.859-05:00 | DEBUG    | metalflare.simulation.amber.run:get_stage_input_lines:152 - Adding input line: ntr=0,
2023-12-01 22:27:51.859-05:00 | DEBUG    | metalflare.simulation.amber.run:get_stage_input_lines:152 - Adding input line: ntb=2,
2023-12-01 22:27:51.860-05:00 | DEBUG    | metalflare.simulation.amber.run:get_stage_input_lines:152 - Adding input line: ntf=2,
2023-12-01 22:27:51.860-05:00 | DEBUG    | metalflare.simulation.amber.run:get_stage_input_lines:152 - Adding input line: ntc=2,
2023-12-01 22:27:51.860-05:00 | DEBUG    | metalflare.simulation.amber.run:get_stage_input_lines:152 - Adding input line: cut=10.0,
2023-12-01 22:27:51.860-05:00 | DEBUG    | metalflare.simulation.amber.run:get_stage_input_lines:152 - Adding input line: ntt=3,
2023-12-01 22:27:51.860-05:00 | DEBUG    | metalflare.simulation.amber.run:get_stage_input_lines:152 - Adding input line: temp0=300.0,
2023-12-01 22:27:51.860-05:00 | DEBUG    | metalflare.simulation.amber.run:get_stage_input_lines:152 - Adding input line: gamma_ln=5.0,
2023-12-01 22:27:51.860-05:00 | DEBUG    | metalflare.simulation.amber.run:get_stage_input_lines:152 - Adding input line: ntp=1,
2023-12-01 22:27:51.860-05:00 | DEBUG    | metalflare.simulation.amber.run:get_stage_input_lines:152 - Adding input line: barostat=2,
2023-12-01 22:27:51.860-05:00 | DEBUG    | metalflare.simulation.amber.run:get_stage_input_lines:152 - Adding input line: pres0=1.01325,
2023-12-01 22:27:51.860-05:00 | DEBUG    | metalflare.simulation.amber.run:get_stage_input_lines:152 - Adding input line: mcbarint=100,
2023-12-01 22:27:51.860-05:00 | DEBUG    | metalflare.simulation.amber.run:get_stage_input_lines:152 - Adding input line: comp=44.6,
2023-12-01 22:27:51.860-05:00 | DEBUG    | metalflare.simulation.amber.run:get_stage_input_lines:152 - Adding input line: taup=1.0,
2023-12-01 22:27:51.860-05:00 | DEBUG    | metalflare.simulation.amber.run:get_stage_input_lines:152 - Adding input line: ntxo=2,
2023-12-01 22:27:51.860-05:00 | DEBUG    | metalflare.simulation.amber.run:get_stage_input_lines:152 - Adding input line: ntwr=5000,
2023-12-01 22:27:51.860-05:00 | DEBUG    | metalflare.simulation.amber.run:get_stage_input_lines:152 - Adding input line: ntpr=500,
2023-12-01 22:27:51.860-05:00 | DEBUG    | metalflare.simulation.amber.run:get_stage_input_lines:152 - Adding input line: ntwx=5000,
2023-12-01 22:27:51.860-05:00 | DEBUG    | metalflare.simulation.amber.run:get_stage_input_lines:152 - Adding input line: ioutfm=1,
2023-12-01 22:27:51.860-05:00 | DEBUG    | metalflare.simulation.amber.run:get_stage_input_lines:152 - Adding input line: iwrap=1,
2023-12-01 22:27:51.860-05:00 | INFO     | metalflare.simulation.amber.run:prepare_stage:205 - Writing input file at ../simulations/04-relax/inputs/07_relax_npt.in
2023-12-01 22:27:51.860-05:00 | INFO     | metalflare.simulation.amber.run:prepare_stage:214 - Adding stage's amber command to run script
2023-12-01 22:27:51.860-05:00 | DEBUG    | metalflare.simulation.amber.run:get_stage_run_command:117 - Amber command: %s
2023-12-01 22:27:51.860-05:00 | DEBUG    | metalflare.simulation.amber.run:prepare:250 - Writing run script at ../simulations/04-relax/run.sh
