2023-12-06 19:35:54.977-05:00 | DEBUG    | metalflare.simulation.contexts:update:166 - Updating context:
{}
2023-12-06 19:35:54.977-05:00 | INFO     | metalflare.simulation.contexts:from_yaml:151 - Loading YAML context from ../../../methods/04-amber-simulations/base.yml
2023-12-06 19:35:54.980-05:00 | DEBUG    | metalflare.simulation.contexts:from_yaml:155 - YAML data:
{'ff_protein': 'ff19SB', 'ff_water': 'opc3', 'ff_ions': 'ionslm_126_opc3', 'cation_identity': 'Na+', 'anion_identity': 'Cl-', 'neutralize_charge': True, 'extra_cations': 0, 'extra_anions': 0, 'solvent_ionic_strength': 0.15, 'solvent_padding': 10.0, 'add_lines_tleap': ['addAtomTypes { {"cc" "C" "sp2"} {"cd" "C" "sp2"} {"cf" "C" "sp2"} ', '{"c" "C" "sp2"} {"nd" "N" "sp2"} {"nc" "N" "sp2"} {"ne" "N" "sp2"}', '{"nf" "N" "sp2"} {"ha" "H" "sp3"} {"oh" "O" "sp3"} }', 'xFPparams = loadamberparams ../../../methods/03-tleap/cro/frcmod.xFPchromophores.2022', 'loadOff ../../../methods/03-tleap/cro/xFPchromophores.lib.2022']}
2023-12-06 19:35:54.980-05:00 | DEBUG    | metalflare.simulation.contexts:update:166 - Updating context:
{'ff_protein': 'ff19SB', 'ff_water': 'opc3', 'ff_ions': 'ionslm_126_opc3', 'cation_identity': 'Na+', 'anion_identity': 'Cl-', 'neutralize_charge': True, 'extra_cations': 0, 'extra_anions': 0, 'solvent_ionic_strength': 0.15, 'solvent_padding': 10.0, 'add_lines_tleap': ['addAtomTypes { {"cc" "C" "sp2"} {"cd" "C" "sp2"} {"cf" "C" "sp2"} ', '{"c" "C" "sp2"} {"nd" "N" "sp2"} {"nc" "N" "sp2"} {"ne" "N" "sp2"}', '{"nf" "N" "sp2"} {"ha" "H" "sp3"} {"oh" "O" "sp3"} }', 'xFPparams = loadamberparams ../../../methods/03-tleap/cro/frcmod.xFPchromophores.2022', 'loadOff ../../../methods/03-tleap/cro/xFPchromophores.lib.2022']}
2023-12-06 19:35:54.980-05:00 | INFO     | metalflare.simulation.contexts:from_yaml:151 - Loading YAML context from ../../../methods/04-amber-simulations/slurm.yml
2023-12-06 19:35:54.981-05:00 | DEBUG    | metalflare.simulation.contexts:from_yaml:155 - YAML data:
{'write': True, 'submit': False, 'slurm_lines': ['', '# Load environment', 'module purge', 'module load gcc/8.2.0', 'module load openmpi/4.0.3', 'module load amber/22', '', 'chmod +x ./run.sh', './run.sh', '', 'touch CALC_DONE']}
2023-12-06 19:35:54.981-05:00 | DEBUG    | metalflare.simulation.contexts:update:166 - Updating context:
{'write': True, 'submit': False, 'slurm_lines': ['', '# Load environment', 'module purge', 'module load gcc/8.2.0', 'module load openmpi/4.0.3', 'module load amber/22', '', 'chmod +x ./run.sh', './run.sh', '', 'touch CALC_DONE']}
2023-12-06 19:35:54.981-05:00 | INFO     | metalflare.simulation.contexts:from_yaml:151 - Loading YAML context from /tmp/tmp.UQeTzMAJsm
2023-12-06 19:35:54.984-05:00 | DEBUG    | metalflare.simulation.contexts:from_yaml:155 - YAML data:
{'input_dir': '$SLURM_SUBMIT_DIR/inputs', 'output_dir': '$SLURM_SUBMIT_DIR/outputs', 'compute_platform': 'cuda', 'sbatch_options': {'nodes': 1, 'ntasks-per-node': 2, 'output': 'slurm-%j.out', 'error': 'slurm-%j.err', 'time': '6-00:00:00', 'cluster': 'gpu', 'partition': 'a100', 'gres': 'gpu:1', 'account': 'jdurrant'}, 'stages': [{'stage_name': '08_prod_npt', 'topo_path': '$SLURM_SUBMIT_DIR/../02-prep/inputs/mol.prmtop', 'prev_restart_path': '$SLURM_SUBMIT_DIR/../../04-relax/run-03/outputs/07_relax_npt.rst', 'ref_coord_path': '$SLURM_SUBMIT_DIR/../02-prep/inputs/mol.inpcrd', 'input_kwargs': {'irest': 1, 'ntx': 5, 'ig': -1, 'dt': 0.002, 'nstlim': 50000000, 'nscm': 500, 'ntr': 0, 'ntb': 2, 'ntf': 2, 'ntc': 2, 'cut': 10.0, 'ntt': 3, 'temp0': 300.0, 'gamma_ln': 5.0, 'ntp': 1, 'barostat': 2, 'pres0': 1.01325, 'mcbarint': 100, 'comp': 44.6, 'taup': 1.0, 'ntxo': 2, 'ntwr': 5000, 'ntpr': 500, 'ntwx': 5000, 'ioutfm': 1, 'iwrap': 1}}]}
2023-12-06 19:35:54.985-05:00 | DEBUG    | metalflare.simulation.contexts:update:166 - Updating context:
{'input_dir': '$SLURM_SUBMIT_DIR/inputs', 'output_dir': '$SLURM_SUBMIT_DIR/outputs', 'compute_platform': 'cuda', 'sbatch_options': {'nodes': 1, 'ntasks-per-node': 2, 'output': 'slurm-%j.out', 'error': 'slurm-%j.err', 'time': '6-00:00:00', 'cluster': 'gpu', 'partition': 'a100', 'gres': 'gpu:1', 'account': 'jdurrant'}, 'stages': [{'stage_name': '08_prod_npt', 'topo_path': '$SLURM_SUBMIT_DIR/../02-prep/inputs/mol.prmtop', 'prev_restart_path': '$SLURM_SUBMIT_DIR/../../04-relax/run-03/outputs/07_relax_npt.rst', 'ref_coord_path': '$SLURM_SUBMIT_DIR/../02-prep/inputs/mol.inpcrd', 'input_kwargs': {'irest': 1, 'ntx': 5, 'ig': -1, 'dt': 0.002, 'nstlim': 50000000, 'nscm': 500, 'ntr': 0, 'ntb': 2, 'ntf': 2, 'ntc': 2, 'cut': 10.0, 'ntt': 3, 'temp0': 300.0, 'gamma_ln': 5.0, 'ntp': 1, 'barostat': 2, 'pres0': 1.01325, 'mcbarint': 100, 'comp': 44.6, 'taup': 1.0, 'ntxo': 2, 'ntwr': 5000, 'ntpr': 500, 'ntwx': 5000, 'ioutfm': 1, 'iwrap': 1}}]}
2023-12-06 19:35:54.986-05:00 | DEBUG    | metalflare.simulation.contexts:get:180 - Retrieved context:
{'ff_protein': 'ff19SB', 'ff_water': 'opc3', 'ff_dna': None, 'ff_rna': None, 'ff_glycam': None, 'ff_lipid': None, 'ff_small_molecule': None, 'ff_ions': 'ionslm_126_opc3', 'cation_identity': 'Na+', 'anion_identity': 'Cl-', 'system_charge': 0, 'neutralize_charge': True, 'extra_cations': 0, 'extra_anions': 0, 'solvent_ionic_strength': 0.15, 'solvent_padding': 10.0, 'verbosity': None, 'scratch_dir': None, 'compute_platform': 'cuda', 'cpu_cores': None, 'input_kwargs': None, 'stage_name': None, 'stages': [{'stage_name': '08_prod_npt', 'topo_path': '$SLURM_SUBMIT_DIR/../02-prep/inputs/mol.prmtop', 'prev_restart_path': '$SLURM_SUBMIT_DIR/../../04-relax/run-03/outputs/07_relax_npt.rst', 'ref_coord_path': '$SLURM_SUBMIT_DIR/../02-prep/inputs/mol.inpcrd', 'input_kwargs': {'irest': 1, 'ntx': 5, 'ig': -1, 'dt': 0.002, 'nstlim': 50000000, 'nscm': 500, 'ntr': 0, 'ntb': 2, 'ntf': 2, 'ntc': 2, 'cut': 10.0, 'ntt': 3, 'temp0': 300.0, 'gamma_ln': 5.0, 'ntp': 1, 'barostat': 2, 'pres0': 1.01325, 'mcbarint': 100, 'comp': 44.6, 'taup': 1.0, 'ntxo': 2, 'ntwr': 5000, 'ntpr': 500, 'ntwx': 5000, 'ioutfm': 1, 'iwrap': 1}}], 'input_dir': '$SLURM_SUBMIT_DIR/inputs', 'input_path': None, 'output_dir': '$SLURM_SUBMIT_DIR/outputs', 'output_path': None, 'coord_path': None, 'topo_path': None, 'restart_path': None, 'prev_coordinate_path': None, 'prev_restart_path': None, 'ref_coord_path': None, 'splits': 1, 'sbatch_options': {'nodes': 1, 'ntasks-per-node': 2, 'output': 'slurm-%j.out', 'error': 'slurm-%j.err', 'time': '6-00:00:00', 'cluster': 'gpu', 'partition': 'a100', 'gres': 'gpu:1', 'account': 'jdurrant', 'job-name': 'metalflare/003/05-prod/run-03'}, 'slurm_lines': ['', '# Load environment', 'module purge', 'module load gcc/8.2.0', 'module load openmpi/4.0.3', 'module load amber/22', '', 'chmod +x ./run.sh', './run.sh', '', 'touch CALC_DONE'], 'run_path': '../simulations/05-prod/run-03/run.sh', 'slurm_path': '../simulations/05-prod/run-03/submit.slurm', 'write': True, 'write_dir': '../simulations/05-prod/run-03/inputs', 'submit': False, 'work_dir': None, 'yaml_path': '/tmp/tmp.UQeTzMAJsm', 'add_lines_tleap': ['addAtomTypes { {"cc" "C" "sp2"} {"cd" "C" "sp2"} {"cf" "C" "sp2"} ', '{"c" "C" "sp2"} {"nd" "N" "sp2"} {"nc" "N" "sp2"} {"ne" "N" "sp2"}', '{"nf" "N" "sp2"} {"ha" "H" "sp3"} {"oh" "O" "sp3"} }', 'xFPparams = loadamberparams ../../../methods/03-tleap/cro/frcmod.xFPchromophores.2022', 'loadOff ../../../methods/03-tleap/cro/xFPchromophores.lib.2022']}
2023-12-06 19:35:54.986-05:00 | INFO     | metalflare.simulation.run:prepare_slurm_lines:65 - Preparing slurm submission script
2023-12-06 19:35:54.986-05:00 | DEBUG    | metalflare.simulation.run:prepare_slurm_lines:72 - Slurm script:
#!/bin/bash
#SBATCH --nodes=1
#SBATCH --ntasks-per-node=2
#SBATCH --output=slurm-%j.out
#SBATCH --error=slurm-%j.err
#SBATCH --time=6-00:00:00
#SBATCH --cluster=gpu
#SBATCH --partition=a100
#SBATCH --gres=gpu:1
#SBATCH --account=jdurrant
#SBATCH --job-name=metalflare/003/05-prod/run-03

# Load environment
module purge
module load gcc/8.2.0
module load openmpi/4.0.3
module load amber/22

chmod +x ./run.sh
./run.sh

touch CALC_DONE

2023-12-06 19:35:54.986-05:00 | INFO     | metalflare.simulation.run:prepare_slurm_lines:74 - Writing submissions script at ../simulations/05-prod/run-03/submit.slurm
2023-12-06 19:35:54.987-05:00 | INFO     | metalflare.simulation.amber.run:prepare:233 - Prepare simulations
2023-12-06 19:35:54.987-05:00 | DEBUG    | metalflare.simulation.amber.run:prepare:236 - There are multiple stages
2023-12-06 19:35:54.987-05:00 | DEBUG    | metalflare.simulation.contexts:update:166 - Updating context:
{'stage_name': '08_prod_npt', 'topo_path': '$SLURM_SUBMIT_DIR/../02-prep/inputs/mol.prmtop', 'prev_restart_path': '$SLURM_SUBMIT_DIR/../../04-relax/run-03/outputs/07_relax_npt.rst', 'ref_coord_path': '$SLURM_SUBMIT_DIR/../02-prep/inputs/mol.inpcrd', 'input_kwargs': {'irest': 1, 'ntx': 5, 'ig': -1, 'dt': 0.002, 'nstlim': 50000000, 'nscm': 500, 'ntr': 0, 'ntb': 2, 'ntf': 2, 'ntc': 2, 'cut': 10.0, 'ntt': 3, 'temp0': 300.0, 'gamma_ln': 5.0, 'ntp': 1, 'barostat': 2, 'pres0': 1.01325, 'mcbarint': 100, 'comp': 44.6, 'taup': 1.0, 'ntxo': 2, 'ntwr': 5000, 'ntpr': 500, 'ntwx': 5000, 'ioutfm': 1, 'iwrap': 1}}
2023-12-06 19:35:54.988-05:00 | INFO     | metalflare.simulation.amber.run:prepare:245 - Preparing stage 0
2023-12-06 19:35:54.988-05:00 | INFO     | metalflare.simulation.amber.run:prepare_context:25 - Preparing context for Amber simulation
2023-12-06 19:35:54.988-05:00 | DEBUG    | metalflare.simulation.contexts:get:180 - Retrieved context:
{'ff_protein': 'ff19SB', 'ff_water': 'opc3', 'ff_dna': None, 'ff_rna': None, 'ff_glycam': None, 'ff_lipid': None, 'ff_small_molecule': None, 'ff_ions': 'ionslm_126_opc3', 'cation_identity': 'Na+', 'anion_identity': 'Cl-', 'system_charge': 0, 'neutralize_charge': True, 'extra_cations': 0, 'extra_anions': 0, 'solvent_ionic_strength': 0.15, 'solvent_padding': 10.0, 'verbosity': None, 'scratch_dir': None, 'compute_platform': 'cuda', 'cpu_cores': None, 'input_kwargs': {'irest': 1, 'ntx': 5, 'ig': -1, 'dt': 0.002, 'nstlim': 50000000, 'nscm': 500, 'ntr': 0, 'ntb': 2, 'ntf': 2, 'ntc': 2, 'cut': 10.0, 'ntt': 3, 'temp0': 300.0, 'gamma_ln': 5.0, 'ntp': 1, 'barostat': 2, 'pres0': 1.01325, 'mcbarint': 100, 'comp': 44.6, 'taup': 1.0, 'ntxo': 2, 'ntwr': 5000, 'ntpr': 500, 'ntwx': 5000, 'ioutfm': 1, 'iwrap': 1}, 'stage_name': '08_prod_npt', 'stages': [{'stage_name': '08_prod_npt', 'topo_path': '$SLURM_SUBMIT_DIR/../02-prep/inputs/mol.prmtop', 'prev_restart_path': '$SLURM_SUBMIT_DIR/../../04-relax/run-03/outputs/07_relax_npt.rst', 'ref_coord_path': '$SLURM_SUBMIT_DIR/../02-prep/inputs/mol.inpcrd', 'input_kwargs': {'irest': 1, 'ntx': 5, 'ig': -1, 'dt': 0.002, 'nstlim': 50000000, 'nscm': 500, 'ntr': 0, 'ntb': 2, 'ntf': 2, 'ntc': 2, 'cut': 10.0, 'ntt': 3, 'temp0': 300.0, 'gamma_ln': 5.0, 'ntp': 1, 'barostat': 2, 'pres0': 1.01325, 'mcbarint': 100, 'comp': 44.6, 'taup': 1.0, 'ntxo': 2, 'ntwr': 5000, 'ntpr': 500, 'ntwx': 5000, 'ioutfm': 1, 'iwrap': 1}}], 'input_dir': '$SLURM_SUBMIT_DIR/inputs', 'input_path': None, 'output_dir': '$SLURM_SUBMIT_DIR/outputs', 'output_path': None, 'coord_path': None, 'topo_path': '$SLURM_SUBMIT_DIR/../02-prep/inputs/mol.prmtop', 'restart_path': None, 'prev_coordinate_path': None, 'prev_restart_path': '$SLURM_SUBMIT_DIR/../../04-relax/run-03/outputs/07_relax_npt.rst', 'ref_coord_path': '$SLURM_SUBMIT_DIR/../02-prep/inputs/mol.inpcrd', 'splits': 1, 'sbatch_options': {'nodes': 1, 'ntasks-per-node': 2, 'output': 'slurm-%j.out', 'error': 'slurm-%j.err', 'time': '6-00:00:00', 'cluster': 'gpu', 'partition': 'a100', 'gres': 'gpu:1', 'account': 'jdurrant', 'job-name': 'metalflare/003/05-prod/run-03'}, 'slurm_lines': ['', '# Load environment', 'module purge', 'module load gcc/8.2.0', 'module load openmpi/4.0.3', 'module load amber/22', '', 'chmod +x ./run.sh', './run.sh', '', 'touch CALC_DONE'], 'run_path': '../simulations/05-prod/run-03/run.sh', 'slurm_path': '../simulations/05-prod/run-03/submit.slurm', 'write': True, 'write_dir': '../simulations/05-prod/run-03/inputs', 'submit': False, 'work_dir': None, 'yaml_path': '/tmp/tmp.UQeTzMAJsm', 'add_lines_tleap': ['addAtomTypes { {"cc" "C" "sp2"} {"cd" "C" "sp2"} {"cf" "C" "sp2"} ', '{"c" "C" "sp2"} {"nd" "N" "sp2"} {"nc" "N" "sp2"} {"ne" "N" "sp2"}', '{"nf" "N" "sp2"} {"ha" "H" "sp3"} {"oh" "O" "sp3"} }', 'xFPparams = loadamberparams ../../../methods/03-tleap/cro/frcmod.xFPchromophores.2022', 'loadOff ../../../methods/03-tleap/cro/xFPchromophores.lib.2022']}
2023-12-06 19:35:54.988-05:00 | DEBUG    | metalflare.simulation.contexts:update:166 - Updating context:
{'ff_protein': 'ff19SB', 'ff_water': 'opc3', 'ff_dna': None, 'ff_rna': None, 'ff_glycam': None, 'ff_lipid': None, 'ff_small_molecule': None, 'ff_ions': 'ionslm_126_opc3', 'cation_identity': 'Na+', 'anion_identity': 'Cl-', 'system_charge': 0, 'neutralize_charge': True, 'extra_cations': 0, 'extra_anions': 0, 'solvent_ionic_strength': 0.15, 'solvent_padding': 10.0, 'verbosity': None, 'scratch_dir': None, 'compute_platform': 'cuda', 'cpu_cores': None, 'input_kwargs': {'irest': 1, 'ntx': 5, 'ig': -1, 'dt': 0.002, 'nstlim': 50000000, 'nscm': 500, 'ntr': 0, 'ntb': 2, 'ntf': 2, 'ntc': 2, 'cut': 10.0, 'ntt': 3, 'temp0': 300.0, 'gamma_ln': 5.0, 'ntp': 1, 'barostat': 2, 'pres0': 1.01325, 'mcbarint': 100, 'comp': 44.6, 'taup': 1.0, 'ntxo': 2, 'ntwr': 5000, 'ntpr': 500, 'ntwx': 5000, 'ioutfm': 1, 'iwrap': 1}, 'stage_name': '08_prod_npt', 'stages': [{'stage_name': '08_prod_npt', 'topo_path': '$SLURM_SUBMIT_DIR/../02-prep/inputs/mol.prmtop', 'prev_restart_path': '$SLURM_SUBMIT_DIR/../../04-relax/run-03/outputs/07_relax_npt.rst', 'ref_coord_path': '$SLURM_SUBMIT_DIR/../02-prep/inputs/mol.inpcrd', 'input_kwargs': {'irest': 1, 'ntx': 5, 'ig': -1, 'dt': 0.002, 'nstlim': 50000000, 'nscm': 500, 'ntr': 0, 'ntb': 2, 'ntf': 2, 'ntc': 2, 'cut': 10.0, 'ntt': 3, 'temp0': 300.0, 'gamma_ln': 5.0, 'ntp': 1, 'barostat': 2, 'pres0': 1.01325, 'mcbarint': 100, 'comp': 44.6, 'taup': 1.0, 'ntxo': 2, 'ntwr': 5000, 'ntpr': 500, 'ntwx': 5000, 'ioutfm': 1, 'iwrap': 1}}], 'input_dir': '$SLURM_SUBMIT_DIR/inputs', 'input_path': '$SLURM_SUBMIT_DIR/inputs/08_prod_npt.in', 'output_dir': '$SLURM_SUBMIT_DIR/outputs', 'output_path': '$SLURM_SUBMIT_DIR/outputs/08_prod_npt.out', 'coord_path': '$SLURM_SUBMIT_DIR/outputs/08_prod_npt.nc', 'topo_path': '$SLURM_SUBMIT_DIR/../02-prep/inputs/mol.prmtop', 'restart_path': '$SLURM_SUBMIT_DIR/outputs/08_prod_npt.rst', 'prev_coordinate_path': None, 'prev_restart_path': '$SLURM_SUBMIT_DIR/../../04-relax/run-03/outputs/07_relax_npt.rst', 'ref_coord_path': '$SLURM_SUBMIT_DIR/../02-prep/inputs/mol.inpcrd', 'splits': 1, 'sbatch_options': {'nodes': 1, 'ntasks-per-node': 2, 'output': 'slurm-%j.out', 'error': 'slurm-%j.err', 'time': '6-00:00:00', 'cluster': 'gpu', 'partition': 'a100', 'gres': 'gpu:1', 'account': 'jdurrant', 'job-name': 'metalflare/003/05-prod/run-03'}, 'slurm_lines': ['', '# Load environment', 'module purge', 'module load gcc/8.2.0', 'module load openmpi/4.0.3', 'module load amber/22', '', 'chmod +x ./run.sh', './run.sh', '', 'touch CALC_DONE'], 'run_path': '../simulations/05-prod/run-03/run.sh', 'slurm_path': '../simulations/05-prod/run-03/submit.slurm', 'write': True, 'write_dir': '../simulations/05-prod/run-03/inputs', 'submit': False, 'work_dir': None, 'yaml_path': '/tmp/tmp.UQeTzMAJsm', 'add_lines_tleap': ['addAtomTypes { {"cc" "C" "sp2"} {"cd" "C" "sp2"} {"cf" "C" "sp2"} ', '{"c" "C" "sp2"} {"nd" "N" "sp2"} {"nc" "N" "sp2"} {"ne" "N" "sp2"}', '{"nf" "N" "sp2"} {"ha" "H" "sp3"} {"oh" "O" "sp3"} }', 'xFPparams = loadamberparams ../../../methods/03-tleap/cro/frcmod.xFPchromophores.2022', 'loadOff ../../../methods/03-tleap/cro/xFPchromophores.lib.2022'], 'run_dir': '$SLURM_SUBMIT_DIR/outputs', 'mdinfo_path': '$SLURM_SUBMIT_DIR/outputs/08_prod_npt.mdinfo'}
2023-12-06 19:35:54.989-05:00 | INFO     | metalflare.simulation.contexts:validate:212 - Validating with: AmberContextValidator
2023-12-06 19:35:54.989-05:00 | DEBUG    | metalflare.simulation.contexts:get:180 - Retrieved context:
{'ff_protein': 'ff19SB', 'ff_water': 'opc3', 'ff_dna': None, 'ff_rna': None, 'ff_glycam': None, 'ff_lipid': None, 'ff_small_molecule': None, 'ff_ions': 'ionslm_126_opc3', 'cation_identity': 'Na+', 'anion_identity': 'Cl-', 'system_charge': 0, 'neutralize_charge': True, 'extra_cations': 0, 'extra_anions': 0, 'solvent_ionic_strength': 0.15, 'solvent_padding': 10.0, 'verbosity': None, 'scratch_dir': None, 'compute_platform': 'cuda', 'cpu_cores': None, 'input_kwargs': {'irest': 1, 'ntx': 5, 'ig': -1, 'dt': 0.002, 'nstlim': 50000000, 'nscm': 500, 'ntr': 0, 'ntb': 2, 'ntf': 2, 'ntc': 2, 'cut': 10.0, 'ntt': 3, 'temp0': 300.0, 'gamma_ln': 5.0, 'ntp': 1, 'barostat': 2, 'pres0': 1.01325, 'mcbarint': 100, 'comp': 44.6, 'taup': 1.0, 'ntxo': 2, 'ntwr': 5000, 'ntpr': 500, 'ntwx': 5000, 'ioutfm': 1, 'iwrap': 1}, 'stage_name': '08_prod_npt', 'stages': [{'stage_name': '08_prod_npt', 'topo_path': '$SLURM_SUBMIT_DIR/../02-prep/inputs/mol.prmtop', 'prev_restart_path': '$SLURM_SUBMIT_DIR/../../04-relax/run-03/outputs/07_relax_npt.rst', 'ref_coord_path': '$SLURM_SUBMIT_DIR/../02-prep/inputs/mol.inpcrd', 'input_kwargs': {'irest': 1, 'ntx': 5, 'ig': -1, 'dt': 0.002, 'nstlim': 50000000, 'nscm': 500, 'ntr': 0, 'ntb': 2, 'ntf': 2, 'ntc': 2, 'cut': 10.0, 'ntt': 3, 'temp0': 300.0, 'gamma_ln': 5.0, 'ntp': 1, 'barostat': 2, 'pres0': 1.01325, 'mcbarint': 100, 'comp': 44.6, 'taup': 1.0, 'ntxo': 2, 'ntwr': 5000, 'ntpr': 500, 'ntwx': 5000, 'ioutfm': 1, 'iwrap': 1}}], 'input_dir': '$SLURM_SUBMIT_DIR/inputs', 'input_path': '$SLURM_SUBMIT_DIR/inputs/08_prod_npt.in', 'output_dir': '$SLURM_SUBMIT_DIR/outputs', 'output_path': '$SLURM_SUBMIT_DIR/outputs/08_prod_npt.out', 'coord_path': '$SLURM_SUBMIT_DIR/outputs/08_prod_npt.nc', 'topo_path': '$SLURM_SUBMIT_DIR/../02-prep/inputs/mol.prmtop', 'restart_path': '$SLURM_SUBMIT_DIR/outputs/08_prod_npt.rst', 'prev_coordinate_path': None, 'prev_restart_path': '$SLURM_SUBMIT_DIR/../../04-relax/run-03/outputs/07_relax_npt.rst', 'ref_coord_path': '$SLURM_SUBMIT_DIR/../02-prep/inputs/mol.inpcrd', 'splits': 1, 'sbatch_options': {'nodes': 1, 'ntasks-per-node': 2, 'output': 'slurm-%j.out', 'error': 'slurm-%j.err', 'time': '6-00:00:00', 'cluster': 'gpu', 'partition': 'a100', 'gres': 'gpu:1', 'account': 'jdurrant', 'job-name': 'metalflare/003/05-prod/run-03'}, 'slurm_lines': ['', '# Load environment', 'module purge', 'module load gcc/8.2.0', 'module load openmpi/4.0.3', 'module load amber/22', '', 'chmod +x ./run.sh', './run.sh', '', 'touch CALC_DONE'], 'run_path': '../simulations/05-prod/run-03/run.sh', 'slurm_path': '../simulations/05-prod/run-03/submit.slurm', 'write': True, 'write_dir': '../simulations/05-prod/run-03/inputs', 'submit': False, 'work_dir': None, 'yaml_path': '/tmp/tmp.UQeTzMAJsm', 'add_lines_tleap': ['addAtomTypes { {"cc" "C" "sp2"} {"cd" "C" "sp2"} {"cf" "C" "sp2"} ', '{"c" "C" "sp2"} {"nd" "N" "sp2"} {"nc" "N" "sp2"} {"ne" "N" "sp2"}', '{"nf" "N" "sp2"} {"ha" "H" "sp3"} {"oh" "O" "sp3"} }', 'xFPparams = loadamberparams ../../../methods/03-tleap/cro/frcmod.xFPchromophores.2022', 'loadOff ../../../methods/03-tleap/cro/xFPchromophores.lib.2022'], 'run_dir': '$SLURM_SUBMIT_DIR/outputs', 'mdinfo_path': '$SLURM_SUBMIT_DIR/outputs/08_prod_npt.mdinfo'}
2023-12-06 19:35:54.989-05:00 | DEBUG    | metalflare.simulation.contexts:validate:221 - Checking ff_protein
2023-12-06 19:35:54.989-05:00 | DEBUG    | metalflare.simulation.contexts:validate:228 -   Valid: ff19SB
2023-12-06 19:35:54.990-05:00 | DEBUG    | metalflare.simulation.contexts:validate:221 - Checking ff_water
2023-12-06 19:35:54.990-05:00 | DEBUG    | metalflare.simulation.contexts:validate:228 -   Valid: opc3
2023-12-06 19:35:54.990-05:00 | DEBUG    | metalflare.simulation.contexts:validate:219 - Cannot check ff_dna
2023-12-06 19:35:54.990-05:00 | DEBUG    | metalflare.simulation.contexts:validate:219 - Cannot check ff_rna
2023-12-06 19:35:54.990-05:00 | DEBUG    | metalflare.simulation.contexts:validate:219 - Cannot check ff_glycam
2023-12-06 19:35:54.991-05:00 | DEBUG    | metalflare.simulation.contexts:validate:219 - Cannot check ff_lipid
2023-12-06 19:35:54.991-05:00 | DEBUG    | metalflare.simulation.contexts:validate:219 - Cannot check ff_small_molecule
2023-12-06 19:35:54.991-05:00 | DEBUG    | metalflare.simulation.contexts:validate:219 - Cannot check ff_ions
2023-12-06 19:35:54.991-05:00 | DEBUG    | metalflare.simulation.contexts:validate:219 - Cannot check cation_identity
2023-12-06 19:35:54.991-05:00 | DEBUG    | metalflare.simulation.contexts:validate:219 - Cannot check anion_identity
2023-12-06 19:35:54.992-05:00 | DEBUG    | metalflare.simulation.contexts:validate:219 - Cannot check system_charge
2023-12-06 19:35:54.992-05:00 | DEBUG    | metalflare.simulation.contexts:validate:219 - Cannot check neutralize_charge
2023-12-06 19:35:54.992-05:00 | DEBUG    | metalflare.simulation.contexts:validate:221 - Checking extra_cations
2023-12-06 19:35:54.992-05:00 | DEBUG    | metalflare.simulation.contexts:validate:235 -   Valid: 0
2023-12-06 19:35:54.992-05:00 | DEBUG    | metalflare.simulation.contexts:validate:221 - Checking extra_anions
2023-12-06 19:35:54.992-05:00 | DEBUG    | metalflare.simulation.contexts:validate:235 -   Valid: 0
2023-12-06 19:35:54.993-05:00 | DEBUG    | metalflare.simulation.contexts:validate:219 - Cannot check solvent_ionic_strength
2023-12-06 19:35:54.993-05:00 | DEBUG    | metalflare.simulation.contexts:validate:219 - Cannot check solvent_padding
2023-12-06 19:35:54.993-05:00 | DEBUG    | metalflare.simulation.contexts:validate:219 - Cannot check verbosity
2023-12-06 19:35:54.993-05:00 | DEBUG    | metalflare.simulation.contexts:validate:219 - Cannot check scratch_dir
2023-12-06 19:35:54.993-05:00 | DEBUG    | metalflare.simulation.contexts:validate:221 - Checking compute_platform
2023-12-06 19:35:54.993-05:00 | DEBUG    | metalflare.simulation.contexts:validate:228 -   Valid: cuda
2023-12-06 19:35:54.993-05:00 | DEBUG    | metalflare.simulation.contexts:validate:219 - Cannot check cpu_cores
2023-12-06 19:35:54.993-05:00 | DEBUG    | metalflare.simulation.contexts:validate:221 - Checking input_kwargs
2023-12-06 19:35:54.993-05:00 | DEBUG    | metalflare.simulation.contexts:validate:235 -   Valid: {'irest': 1, 'ntx': 5, 'ig': -1, 'dt': 0.002, 'nstlim': 50000000, 'nscm': 500, 'ntr': 0, 'ntb': 2, 'ntf': 2, 'ntc': 2, 'cut': 10.0, 'ntt': 3, 'temp0': 300.0, 'gamma_ln': 5.0, 'ntp': 1, 'barostat': 2, 'pres0': 1.01325, 'mcbarint': 100, 'comp': 44.6, 'taup': 1.0, 'ntxo': 2, 'ntwr': 5000, 'ntpr': 500, 'ntwx': 5000, 'ioutfm': 1, 'iwrap': 1}
2023-12-06 19:35:54.993-05:00 | DEBUG    | metalflare.simulation.contexts:validate:219 - Cannot check stage_name
2023-12-06 19:35:54.993-05:00 | DEBUG    | metalflare.simulation.contexts:validate:219 - Cannot check stages
2023-12-06 19:35:54.993-05:00 | DEBUG    | metalflare.simulation.contexts:validate:219 - Cannot check input_dir
2023-12-06 19:35:54.994-05:00 | DEBUG    | metalflare.simulation.contexts:validate:219 - Cannot check input_path
2023-12-06 19:35:54.994-05:00 | DEBUG    | metalflare.simulation.contexts:validate:219 - Cannot check output_dir
2023-12-06 19:35:54.994-05:00 | DEBUG    | metalflare.simulation.contexts:validate:219 - Cannot check output_path
2023-12-06 19:35:54.994-05:00 | DEBUG    | metalflare.simulation.contexts:validate:219 - Cannot check coord_path
2023-12-06 19:35:54.994-05:00 | DEBUG    | metalflare.simulation.contexts:validate:219 - Cannot check topo_path
2023-12-06 19:35:54.994-05:00 | DEBUG    | metalflare.simulation.contexts:validate:219 - Cannot check restart_path
2023-12-06 19:35:54.994-05:00 | DEBUG    | metalflare.simulation.contexts:validate:219 - Cannot check prev_coordinate_path
2023-12-06 19:35:54.994-05:00 | DEBUG    | metalflare.simulation.contexts:validate:219 - Cannot check prev_restart_path
2023-12-06 19:35:54.994-05:00 | DEBUG    | metalflare.simulation.contexts:validate:219 - Cannot check ref_coord_path
2023-12-06 19:35:54.994-05:00 | DEBUG    | metalflare.simulation.contexts:validate:221 - Checking splits
2023-12-06 19:35:54.994-05:00 | DEBUG    | metalflare.simulation.contexts:validate:235 -   Valid: 1
2023-12-06 19:35:54.995-05:00 | DEBUG    | metalflare.simulation.contexts:validate:219 - Cannot check sbatch_options
2023-12-06 19:35:54.995-05:00 | DEBUG    | metalflare.simulation.contexts:validate:219 - Cannot check slurm_lines
2023-12-06 19:35:54.995-05:00 | DEBUG    | metalflare.simulation.contexts:validate:219 - Cannot check run_path
2023-12-06 19:35:54.995-05:00 | DEBUG    | metalflare.simulation.contexts:validate:219 - Cannot check slurm_path
2023-12-06 19:35:54.995-05:00 | DEBUG    | metalflare.simulation.contexts:validate:221 - Checking write
2023-12-06 19:35:54.995-05:00 | DEBUG    | metalflare.simulation.contexts:validate:235 -   Valid: True
2023-12-06 19:35:54.995-05:00 | DEBUG    | metalflare.simulation.contexts:validate:219 - Cannot check write_dir
2023-12-06 19:35:54.995-05:00 | DEBUG    | metalflare.simulation.contexts:validate:219 - Cannot check submit
2023-12-06 19:35:54.995-05:00 | DEBUG    | metalflare.simulation.contexts:validate:219 - Cannot check work_dir
2023-12-06 19:35:54.995-05:00 | DEBUG    | metalflare.simulation.contexts:validate:219 - Cannot check yaml_path
2023-12-06 19:35:54.995-05:00 | DEBUG    | metalflare.simulation.contexts:validate:219 - Cannot check add_lines_tleap
2023-12-06 19:35:54.995-05:00 | DEBUG    | metalflare.simulation.contexts:validate:219 - Cannot check run_dir
2023-12-06 19:35:54.996-05:00 | DEBUG    | metalflare.simulation.contexts:validate:219 - Cannot check mdinfo_path
2023-12-06 19:35:54.996-05:00 | DEBUG    | metalflare.simulation.contexts:get:180 - Retrieved context:
{'ff_protein': 'ff19SB', 'ff_water': 'opc3', 'ff_dna': None, 'ff_rna': None, 'ff_glycam': None, 'ff_lipid': None, 'ff_small_molecule': None, 'ff_ions': 'ionslm_126_opc3', 'cation_identity': 'Na+', 'anion_identity': 'Cl-', 'system_charge': 0, 'neutralize_charge': True, 'extra_cations': 0, 'extra_anions': 0, 'solvent_ionic_strength': 0.15, 'solvent_padding': 10.0, 'verbosity': None, 'scratch_dir': None, 'compute_platform': 'cuda', 'cpu_cores': None, 'input_kwargs': {'irest': 1, 'ntx': 5, 'ig': -1, 'dt': 0.002, 'nstlim': 50000000, 'nscm': 500, 'ntr': 0, 'ntb': 2, 'ntf': 2, 'ntc': 2, 'cut': 10.0, 'ntt': 3, 'temp0': 300.0, 'gamma_ln': 5.0, 'ntp': 1, 'barostat': 2, 'pres0': 1.01325, 'mcbarint': 100, 'comp': 44.6, 'taup': 1.0, 'ntxo': 2, 'ntwr': 5000, 'ntpr': 500, 'ntwx': 5000, 'ioutfm': 1, 'iwrap': 1}, 'stage_name': '08_prod_npt', 'stages': [{'stage_name': '08_prod_npt', 'topo_path': '$SLURM_SUBMIT_DIR/../02-prep/inputs/mol.prmtop', 'prev_restart_path': '$SLURM_SUBMIT_DIR/../../04-relax/run-03/outputs/07_relax_npt.rst', 'ref_coord_path': '$SLURM_SUBMIT_DIR/../02-prep/inputs/mol.inpcrd', 'input_kwargs': {'irest': 1, 'ntx': 5, 'ig': -1, 'dt': 0.002, 'nstlim': 50000000, 'nscm': 500, 'ntr': 0, 'ntb': 2, 'ntf': 2, 'ntc': 2, 'cut': 10.0, 'ntt': 3, 'temp0': 300.0, 'gamma_ln': 5.0, 'ntp': 1, 'barostat': 2, 'pres0': 1.01325, 'mcbarint': 100, 'comp': 44.6, 'taup': 1.0, 'ntxo': 2, 'ntwr': 5000, 'ntpr': 500, 'ntwx': 5000, 'ioutfm': 1, 'iwrap': 1}}], 'input_dir': '$SLURM_SUBMIT_DIR/inputs', 'input_path': '$SLURM_SUBMIT_DIR/inputs/08_prod_npt.in', 'output_dir': '$SLURM_SUBMIT_DIR/outputs', 'output_path': '$SLURM_SUBMIT_DIR/outputs/08_prod_npt.out', 'coord_path': '$SLURM_SUBMIT_DIR/outputs/08_prod_npt.nc', 'topo_path': '$SLURM_SUBMIT_DIR/../02-prep/inputs/mol.prmtop', 'restart_path': '$SLURM_SUBMIT_DIR/outputs/08_prod_npt.rst', 'prev_coordinate_path': None, 'prev_restart_path': '$SLURM_SUBMIT_DIR/../../04-relax/run-03/outputs/07_relax_npt.rst', 'ref_coord_path': '$SLURM_SUBMIT_DIR/../02-prep/inputs/mol.inpcrd', 'splits': 1, 'sbatch_options': {'nodes': 1, 'ntasks-per-node': 2, 'output': 'slurm-%j.out', 'error': 'slurm-%j.err', 'time': '6-00:00:00', 'cluster': 'gpu', 'partition': 'a100', 'gres': 'gpu:1', 'account': 'jdurrant', 'job-name': 'metalflare/003/05-prod/run-03'}, 'slurm_lines': ['', '# Load environment', 'module purge', 'module load gcc/8.2.0', 'module load openmpi/4.0.3', 'module load amber/22', '', 'chmod +x ./run.sh', './run.sh', '', 'touch CALC_DONE'], 'run_path': '../simulations/05-prod/run-03/run.sh', 'slurm_path': '../simulations/05-prod/run-03/submit.slurm', 'write': True, 'write_dir': '../simulations/05-prod/run-03/inputs', 'submit': False, 'work_dir': None, 'yaml_path': '/tmp/tmp.UQeTzMAJsm', 'add_lines_tleap': ['addAtomTypes { {"cc" "C" "sp2"} {"cd" "C" "sp2"} {"cf" "C" "sp2"} ', '{"c" "C" "sp2"} {"nd" "N" "sp2"} {"nc" "N" "sp2"} {"ne" "N" "sp2"}', '{"nf" "N" "sp2"} {"ha" "H" "sp3"} {"oh" "O" "sp3"} }', 'xFPparams = loadamberparams ../../../methods/03-tleap/cro/frcmod.xFPchromophores.2022', 'loadOff ../../../methods/03-tleap/cro/xFPchromophores.lib.2022'], 'run_dir': '$SLURM_SUBMIT_DIR/outputs', 'mdinfo_path': '$SLURM_SUBMIT_DIR/outputs/08_prod_npt.mdinfo'}
2023-12-06 19:35:54.996-05:00 | INFO     | metalflare.simulation.amber.run:get_stage_input_lines:153 - Preparing input lines for stage 08_prod_npt
2023-12-06 19:35:54.996-05:00 | DEBUG    | metalflare.simulation.amber.run:get_stage_input_lines:159 - Adding input line: irest=1,
2023-12-06 19:35:54.996-05:00 | DEBUG    | metalflare.simulation.amber.run:get_stage_input_lines:159 - Adding input line: ntx=5,
2023-12-06 19:35:54.996-05:00 | DEBUG    | metalflare.simulation.amber.run:get_stage_input_lines:159 - Adding input line: ig=-1,
2023-12-06 19:35:54.996-05:00 | DEBUG    | metalflare.simulation.amber.run:get_stage_input_lines:159 - Adding input line: dt=0.002,
2023-12-06 19:35:54.996-05:00 | DEBUG    | metalflare.simulation.amber.run:get_stage_input_lines:159 - Adding input line: nstlim=50000000,
2023-12-06 19:35:54.996-05:00 | DEBUG    | metalflare.simulation.amber.run:get_stage_input_lines:159 - Adding input line: nscm=500,
2023-12-06 19:35:54.996-05:00 | DEBUG    | metalflare.simulation.amber.run:get_stage_input_lines:159 - Adding input line: ntr=0,
2023-12-06 19:35:54.997-05:00 | DEBUG    | metalflare.simulation.amber.run:get_stage_input_lines:159 - Adding input line: ntb=2,
2023-12-06 19:35:54.997-05:00 | DEBUG    | metalflare.simulation.amber.run:get_stage_input_lines:159 - Adding input line: ntf=2,
2023-12-06 19:35:54.997-05:00 | DEBUG    | metalflare.simulation.amber.run:get_stage_input_lines:159 - Adding input line: ntc=2,
2023-12-06 19:35:54.997-05:00 | DEBUG    | metalflare.simulation.amber.run:get_stage_input_lines:159 - Adding input line: cut=10.0,
2023-12-06 19:35:54.997-05:00 | DEBUG    | metalflare.simulation.amber.run:get_stage_input_lines:159 - Adding input line: ntt=3,
2023-12-06 19:35:54.997-05:00 | DEBUG    | metalflare.simulation.amber.run:get_stage_input_lines:159 - Adding input line: temp0=300.0,
2023-12-06 19:35:54.997-05:00 | DEBUG    | metalflare.simulation.amber.run:get_stage_input_lines:159 - Adding input line: gamma_ln=5.0,
2023-12-06 19:35:54.997-05:00 | DEBUG    | metalflare.simulation.amber.run:get_stage_input_lines:159 - Adding input line: ntp=1,
2023-12-06 19:35:54.997-05:00 | DEBUG    | metalflare.simulation.amber.run:get_stage_input_lines:159 - Adding input line: barostat=2,
2023-12-06 19:35:54.997-05:00 | DEBUG    | metalflare.simulation.amber.run:get_stage_input_lines:159 - Adding input line: pres0=1.01325,
2023-12-06 19:35:54.998-05:00 | DEBUG    | metalflare.simulation.amber.run:get_stage_input_lines:159 - Adding input line: mcbarint=100,
2023-12-06 19:35:54.998-05:00 | DEBUG    | metalflare.simulation.amber.run:get_stage_input_lines:159 - Adding input line: comp=44.6,
2023-12-06 19:35:54.998-05:00 | DEBUG    | metalflare.simulation.amber.run:get_stage_input_lines:159 - Adding input line: taup=1.0,
2023-12-06 19:35:54.998-05:00 | DEBUG    | metalflare.simulation.amber.run:get_stage_input_lines:159 - Adding input line: ntxo=2,
2023-12-06 19:35:54.998-05:00 | DEBUG    | metalflare.simulation.amber.run:get_stage_input_lines:159 - Adding input line: ntwr=5000,
2023-12-06 19:35:54.998-05:00 | DEBUG    | metalflare.simulation.amber.run:get_stage_input_lines:159 - Adding input line: ntpr=500,
2023-12-06 19:35:54.998-05:00 | DEBUG    | metalflare.simulation.amber.run:get_stage_input_lines:159 - Adding input line: ntwx=5000,
2023-12-06 19:35:54.998-05:00 | DEBUG    | metalflare.simulation.amber.run:get_stage_input_lines:159 - Adding input line: ioutfm=1,
2023-12-06 19:35:54.998-05:00 | DEBUG    | metalflare.simulation.amber.run:get_stage_input_lines:159 - Adding input line: iwrap=1,
2023-12-06 19:35:54.998-05:00 | INFO     | metalflare.simulation.amber.run:prepare_stage:212 - Writing input file at ../simulations/05-prod/run-03/inputs/08_prod_npt.in
2023-12-06 19:35:54.998-05:00 | INFO     | metalflare.simulation.amber.run:prepare_stage:221 - Adding stage's amber command to run script
2023-12-06 19:35:54.999-05:00 | DEBUG    | metalflare.simulation.amber.run:get_stage_run_command:124 - Amber command: %s
2023-12-06 19:35:54.999-05:00 | DEBUG    | metalflare.simulation.amber.run:prepare:257 - Writing run script at ../simulations/05-prod/run-03/run.sh
